CRITICAL - 2023-02-16 02:32:30 --> Object of class App\Models\ProjectModel could not be converted to string
#0 C:\xampp\htdocs\remsportal\vendor\codeigniter4\framework\system\CodeIgniter.php(832): App\Controllers\ClientProject->index()
#1 C:\xampp\htdocs\remsportal\vendor\codeigniter4\framework\system\CodeIgniter.php(419): CodeIgniter\CodeIgniter->runController(Object(App\Controllers\ClientProject))
#2 C:\xampp\htdocs\remsportal\vendor\codeigniter4\framework\system\CodeIgniter.php(326): CodeIgniter\CodeIgniter->handleRequest(NULL, Object(Config\Cache), false)
#3 C:\xampp\htdocs\remsportal\index.php(37): CodeIgniter\CodeIgniter->run()
#4 {main}
CRITICAL - 2023-02-16 05:18:59 --> Attempt to read property "CanViewClientProject" on null
#0 C:\xampp\htdocs\remsportal\app\Controllers\ClientProject.php(17): CodeIgniter\Debug\Exceptions->errorHandler(2, 'Attempt to read...', 'C:\\xampp\\htdocs...', 17)
#1 C:\xampp\htdocs\remsportal\vendor\codeigniter4\framework\system\CodeIgniter.php(832): App\Controllers\ClientProject->index()
#2 C:\xampp\htdocs\remsportal\vendor\codeigniter4\framework\system\CodeIgniter.php(419): CodeIgniter\CodeIgniter->runController(Object(App\Controllers\ClientProject))
#3 C:\xampp\htdocs\remsportal\vendor\codeigniter4\framework\system\CodeIgniter.php(326): CodeIgniter\CodeIgniter->handleRequest(NULL, Object(Config\Cache), false)
#4 C:\xampp\htdocs\remsportal\index.php(37): CodeIgniter\CodeIgniter->run()
#5 {main}
CRITICAL - 2023-02-16 05:19:14 --> Attempt to read property "CanViewClientProject" on null
#0 C:\xampp\htdocs\remsportal\app\Controllers\ClientProject.php(17): CodeIgniter\Debug\Exceptions->errorHandler(2, 'Attempt to read...', 'C:\\xampp\\htdocs...', 17)
#1 C:\xampp\htdocs\remsportal\vendor\codeigniter4\framework\system\CodeIgniter.php(832): App\Controllers\ClientProject->index()
#2 C:\xampp\htdocs\remsportal\vendor\codeigniter4\framework\system\CodeIgniter.php(419): CodeIgniter\CodeIgniter->runController(Object(App\Controllers\ClientProject))
#3 C:\xampp\htdocs\remsportal\vendor\codeigniter4\framework\system\CodeIgniter.php(326): CodeIgniter\CodeIgniter->handleRequest(NULL, Object(Config\Cache), false)
#4 C:\xampp\htdocs\remsportal\index.php(37): CodeIgniter\CodeIgniter->run()
#5 {main}
CRITICAL - 2023-02-16 06:25:15 --> Undefined array key 0
#0 C:\xampp\htdocs\remsportal\app\Controllers\ClientProject.php(28): CodeIgniter\Debug\Exceptions->errorHandler(2, 'Undefined array...', 'C:\\xampp\\htdocs...', 28)
#1 C:\xampp\htdocs\remsportal\vendor\codeigniter4\framework\system\CodeIgniter.php(832): App\Controllers\ClientProject->index()
#2 C:\xampp\htdocs\remsportal\vendor\codeigniter4\framework\system\CodeIgniter.php(419): CodeIgniter\CodeIgniter->runController(Object(App\Controllers\ClientProject))
#3 C:\xampp\htdocs\remsportal\vendor\codeigniter4\framework\system\CodeIgniter.php(326): CodeIgniter\CodeIgniter->handleRequest(NULL, Object(Config\Cache), false)
#4 C:\xampp\htdocs\remsportal\index.php(37): CodeIgniter\CodeIgniter->run()
#5 {main}
CRITICAL - 2023-02-16 06:25:38 --> Undefined array key 0
#0 C:\xampp\htdocs\remsportal\app\Controllers\ClientProject.php(28): CodeIgniter\Debug\Exceptions->errorHandler(2, 'Undefined array...', 'C:\\xampp\\htdocs...', 28)
#1 C:\xampp\htdocs\remsportal\vendor\codeigniter4\framework\system\CodeIgniter.php(832): App\Controllers\ClientProject->index()
#2 C:\xampp\htdocs\remsportal\vendor\codeigniter4\framework\system\CodeIgniter.php(419): CodeIgniter\CodeIgniter->runController(Object(App\Controllers\ClientProject))
#3 C:\xampp\htdocs\remsportal\vendor\codeigniter4\framework\system\CodeIgniter.php(326): CodeIgniter\CodeIgniter->handleRequest(NULL, Object(Config\Cache), false)
#4 C:\xampp\htdocs\remsportal\index.php(37): CodeIgniter\CodeIgniter->run()
#5 {main}
CRITICAL - 2023-02-16 06:28:03 --> Undefined array key 0
#0 C:\xampp\htdocs\remsportal\app\Controllers\ClientProject.php(28): CodeIgniter\Debug\Exceptions->errorHandler(2, 'Undefined array...', 'C:\\xampp\\htdocs...', 28)
#1 C:\xampp\htdocs\remsportal\vendor\codeigniter4\framework\system\CodeIgniter.php(832): App\Controllers\ClientProject->index()
#2 C:\xampp\htdocs\remsportal\vendor\codeigniter4\framework\system\CodeIgniter.php(419): CodeIgniter\CodeIgniter->runController(Object(App\Controllers\ClientProject))
#3 C:\xampp\htdocs\remsportal\vendor\codeigniter4\framework\system\CodeIgniter.php(326): CodeIgniter\CodeIgniter->handleRequest(NULL, Object(Config\Cache), false)
#4 C:\xampp\htdocs\remsportal\index.php(37): CodeIgniter\CodeIgniter->run()
#5 {main}
CRITICAL - 2023-02-16 06:32:03 --> Undefined variable $clientproject
#0 C:\xampp\htdocs\remsportal\app\Controllers\ClientProject.php(36): CodeIgniter\Debug\Exceptions->errorHandler(2, 'Undefined varia...', 'C:\\xampp\\htdocs...', 36)
#1 C:\xampp\htdocs\remsportal\vendor\codeigniter4\framework\system\CodeIgniter.php(832): App\Controllers\ClientProject->index()
#2 C:\xampp\htdocs\remsportal\vendor\codeigniter4\framework\system\CodeIgniter.php(419): CodeIgniter\CodeIgniter->runController(Object(App\Controllers\ClientProject))
#3 C:\xampp\htdocs\remsportal\vendor\codeigniter4\framework\system\CodeIgniter.php(326): CodeIgniter\CodeIgniter->handleRequest(NULL, Object(Config\Cache), false)
#4 C:\xampp\htdocs\remsportal\index.php(37): CodeIgniter\CodeIgniter->run()
#5 {main}
CRITICAL - 2023-02-16 06:32:47 --> Undefined variable $AllClientProjects
#0 C:\xampp\htdocs\remsportal\app\Views\ClientProject\index.php(31): CodeIgniter\Debug\Exceptions->errorHandler(2, 'Undefined varia...', 'C:\\xampp\\htdocs...', 31)
#1 C:\xampp\htdocs\remsportal\vendor\codeigniter4\framework\system\View\View.php(210): include('C:\\xampp\\htdocs...')
#2 C:\xampp\htdocs\remsportal\vendor\codeigniter4\framework\system\View\View.php(213): CodeIgniter\View\View->CodeIgniter\View\{closure}()
#3 C:\xampp\htdocs\remsportal\vendor\codeigniter4\framework\system\Common.php(1089): CodeIgniter\View\View->render('ClientProject/i...', Array, true)
#4 C:\xampp\htdocs\remsportal\app\Controllers\ClientProject.php(38): view('ClientProject/i...', Array)
#5 C:\xampp\htdocs\remsportal\vendor\codeigniter4\framework\system\CodeIgniter.php(832): App\Controllers\ClientProject->index()
#6 C:\xampp\htdocs\remsportal\vendor\codeigniter4\framework\system\CodeIgniter.php(419): CodeIgniter\CodeIgniter->runController(Object(App\Controllers\ClientProject))
#7 C:\xampp\htdocs\remsportal\vendor\codeigniter4\framework\system\CodeIgniter.php(326): CodeIgniter\CodeIgniter->handleRequest(NULL, Object(Config\Cache), false)
#8 C:\xampp\htdocs\remsportal\index.php(37): CodeIgniter\CodeIgniter->run()
#9 {main}
CRITICAL - 2023-02-16 06:43:15 --> Undefined array key 1
#0 C:\xampp\htdocs\remsportal\app\Views\ClientProject\index.php(47): CodeIgniter\Debug\Exceptions->errorHandler(2, 'Undefined array...', 'C:\\xampp\\htdocs...', 47)
#1 C:\xampp\htdocs\remsportal\vendor\codeigniter4\framework\system\View\View.php(210): include('C:\\xampp\\htdocs...')
#2 C:\xampp\htdocs\remsportal\vendor\codeigniter4\framework\system\View\View.php(213): CodeIgniter\View\View->CodeIgniter\View\{closure}()
#3 C:\xampp\htdocs\remsportal\vendor\codeigniter4\framework\system\Common.php(1089): CodeIgniter\View\View->render('ClientProject/i...', Array, true)
#4 C:\xampp\htdocs\remsportal\app\Controllers\ClientProject.php(38): view('ClientProject/i...', Array)
#5 C:\xampp\htdocs\remsportal\vendor\codeigniter4\framework\system\CodeIgniter.php(832): App\Controllers\ClientProject->index()
#6 C:\xampp\htdocs\remsportal\vendor\codeigniter4\framework\system\CodeIgniter.php(419): CodeIgniter\CodeIgniter->runController(Object(App\Controllers\ClientProject))
#7 C:\xampp\htdocs\remsportal\vendor\codeigniter4\framework\system\CodeIgniter.php(326): CodeIgniter\CodeIgniter->handleRequest(NULL, Object(Config\Cache), false)
#8 C:\xampp\htdocs\remsportal\index.php(37): CodeIgniter\CodeIgniter->run()
#9 {main}
