ERROR - 2023-02-12 05:53:05 --> Duplicate entry '2' for key 'PRIMARY'
CRITICAL - 2023-02-12 05:53:05 --> Duplicate entry '2' for key 'PRIMARY'
#0 C:\xampp\htdocs\remsportal\vendor\codeigniter4\framework\system\Database\MySQLi\Connection.php(292): mysqli->query('UPDATE `roles` ...', 0)
#1 C:\xampp\htdocs\remsportal\vendor\codeigniter4\framework\system\Database\BaseConnection.php(670): CodeIgniter\Database\MySQLi\Connection->execute('UPDATE `roles` ...')
#2 C:\xampp\htdocs\remsportal\vendor\codeigniter4\framework\system\Database\BaseConnection.php(598): CodeIgniter\Database\BaseConnection->simpleQuery('UPDATE `roles` ...')
#3 C:\xampp\htdocs\remsportal\vendor\codeigniter4\framework\system\Database\BaseBuilder.php(1913): CodeIgniter\Database\BaseConnection->query('UPDATE `roles` ...', Array, false)
#4 C:\xampp\htdocs\remsportal\vendor\codeigniter4\framework\system\Model.php(298): CodeIgniter\Database\BaseBuilder->update()
#5 C:\xampp\htdocs\remsportal\vendor\codeigniter4\framework\system\BaseModel.php(865): CodeIgniter\Model->doUpdate(NULL, Array)
#6 C:\xampp\htdocs\remsportal\vendor\codeigniter4\framework\system\Model.php(651): CodeIgniter\BaseModel->update(NULL, Array)
#7 C:\xampp\htdocs\remsportal\app\Controllers\Roles.php(50): CodeIgniter\Model->update(NULL, Object(App\Entities\Role))
#8 C:\xampp\htdocs\remsportal\vendor\codeigniter4\framework\system\CodeIgniter.php(832): App\Controllers\Roles->edit('2')
#9 C:\xampp\htdocs\remsportal\vendor\codeigniter4\framework\system\CodeIgniter.php(419): CodeIgniter\CodeIgniter->runController(Object(App\Controllers\Roles))
#10 C:\xampp\htdocs\remsportal\vendor\codeigniter4\framework\system\CodeIgniter.php(326): CodeIgniter\CodeIgniter->handleRequest(NULL, Object(Config\Cache), false)
#11 C:\xampp\htdocs\remsportal\index.php(37): CodeIgniter\CodeIgniter->run()
#12 {main}
ERROR - 2023-02-12 05:54:04 --> Duplicate entry '2' for key 'PRIMARY'
CRITICAL - 2023-02-12 05:54:04 --> Duplicate entry '2' for key 'PRIMARY'
#0 C:\xampp\htdocs\remsportal\vendor\codeigniter4\framework\system\Database\MySQLi\Connection.php(292): mysqli->query('UPDATE `roles` ...', 0)
#1 C:\xampp\htdocs\remsportal\vendor\codeigniter4\framework\system\Database\BaseConnection.php(670): CodeIgniter\Database\MySQLi\Connection->execute('UPDATE `roles` ...')
#2 C:\xampp\htdocs\remsportal\vendor\codeigniter4\framework\system\Database\BaseConnection.php(598): CodeIgniter\Database\BaseConnection->simpleQuery('UPDATE `roles` ...')
#3 C:\xampp\htdocs\remsportal\vendor\codeigniter4\framework\system\Database\BaseBuilder.php(1913): CodeIgniter\Database\BaseConnection->query('UPDATE `roles` ...', Array, false)
#4 C:\xampp\htdocs\remsportal\vendor\codeigniter4\framework\system\Model.php(298): CodeIgniter\Database\BaseBuilder->update()
#5 C:\xampp\htdocs\remsportal\vendor\codeigniter4\framework\system\BaseModel.php(865): CodeIgniter\Model->doUpdate(NULL, Array)
#6 C:\xampp\htdocs\remsportal\vendor\codeigniter4\framework\system\Model.php(651): CodeIgniter\BaseModel->update(NULL, Array)
#7 C:\xampp\htdocs\remsportal\app\Controllers\Roles.php(50): CodeIgniter\Model->update(NULL, Object(App\Entities\Role))
#8 C:\xampp\htdocs\remsportal\vendor\codeigniter4\framework\system\CodeIgniter.php(832): App\Controllers\Roles->edit('2')
#9 C:\xampp\htdocs\remsportal\vendor\codeigniter4\framework\system\CodeIgniter.php(419): CodeIgniter\CodeIgniter->runController(Object(App\Controllers\Roles))
#10 C:\xampp\htdocs\remsportal\vendor\codeigniter4\framework\system\CodeIgniter.php(326): CodeIgniter\CodeIgniter->handleRequest(NULL, Object(Config\Cache), false)
#11 C:\xampp\htdocs\remsportal\index.php(37): CodeIgniter\CodeIgniter->run()
#12 {main}
ERROR - 2023-02-12 06:19:37 --> Duplicate entry '1' for key 'PRIMARY'
CRITICAL - 2023-02-12 06:19:37 --> Duplicate entry '1' for key 'PRIMARY'
#0 C:\xampp\htdocs\remsportal\vendor\codeigniter4\framework\system\Database\MySQLi\Connection.php(292): mysqli->query('UPDATE `roles` ...', 0)
#1 C:\xampp\htdocs\remsportal\vendor\codeigniter4\framework\system\Database\BaseConnection.php(670): CodeIgniter\Database\MySQLi\Connection->execute('UPDATE `roles` ...')
#2 C:\xampp\htdocs\remsportal\vendor\codeigniter4\framework\system\Database\BaseConnection.php(598): CodeIgniter\Database\BaseConnection->simpleQuery('UPDATE `roles` ...')
#3 C:\xampp\htdocs\remsportal\vendor\codeigniter4\framework\system\Database\BaseBuilder.php(1913): CodeIgniter\Database\BaseConnection->query('UPDATE `roles` ...', Array, false)
#4 C:\xampp\htdocs\remsportal\vendor\codeigniter4\framework\system\Model.php(298): CodeIgniter\Database\BaseBuilder->update()
#5 C:\xampp\htdocs\remsportal\vendor\codeigniter4\framework\system\BaseModel.php(865): CodeIgniter\Model->doUpdate(NULL, Array)
#6 C:\xampp\htdocs\remsportal\vendor\codeigniter4\framework\system\Model.php(651): CodeIgniter\BaseModel->update(NULL, Array)
#7 C:\xampp\htdocs\remsportal\app\Controllers\Roles.php(50): CodeIgniter\Model->update(NULL, Object(App\Entities\Role))
#8 C:\xampp\htdocs\remsportal\vendor\codeigniter4\framework\system\CodeIgniter.php(832): App\Controllers\Roles->edit('1')
#9 C:\xampp\htdocs\remsportal\vendor\codeigniter4\framework\system\CodeIgniter.php(419): CodeIgniter\CodeIgniter->runController(Object(App\Controllers\Roles))
#10 C:\xampp\htdocs\remsportal\vendor\codeigniter4\framework\system\CodeIgniter.php(326): CodeIgniter\CodeIgniter->handleRequest(NULL, Object(Config\Cache), false)
#11 C:\xampp\htdocs\remsportal\index.php(37): CodeIgniter\CodeIgniter->run()
#12 {main}
ERROR - 2023-02-12 06:22:31 --> Duplicate entry '1' for key 'PRIMARY'
CRITICAL - 2023-02-12 06:22:31 --> Duplicate entry '1' for key 'PRIMARY'
#0 C:\xampp\htdocs\remsportal\vendor\codeigniter4\framework\system\Database\MySQLi\Connection.php(292): mysqli->query('UPDATE `roles` ...', 0)
#1 C:\xampp\htdocs\remsportal\vendor\codeigniter4\framework\system\Database\BaseConnection.php(670): CodeIgniter\Database\MySQLi\Connection->execute('UPDATE `roles` ...')
#2 C:\xampp\htdocs\remsportal\vendor\codeigniter4\framework\system\Database\BaseConnection.php(598): CodeIgniter\Database\BaseConnection->simpleQuery('UPDATE `roles` ...')
#3 C:\xampp\htdocs\remsportal\vendor\codeigniter4\framework\system\Database\BaseBuilder.php(1913): CodeIgniter\Database\BaseConnection->query('UPDATE `roles` ...', Array, false)
#4 C:\xampp\htdocs\remsportal\vendor\codeigniter4\framework\system\Model.php(298): CodeIgniter\Database\BaseBuilder->update()
#5 C:\xampp\htdocs\remsportal\vendor\codeigniter4\framework\system\BaseModel.php(865): CodeIgniter\Model->doUpdate(NULL, Array)
#6 C:\xampp\htdocs\remsportal\vendor\codeigniter4\framework\system\Model.php(651): CodeIgniter\BaseModel->update(NULL, Array)
#7 C:\xampp\htdocs\remsportal\app\Controllers\Roles.php(50): CodeIgniter\Model->update(NULL, Object(App\Entities\Role))
#8 C:\xampp\htdocs\remsportal\vendor\codeigniter4\framework\system\CodeIgniter.php(832): App\Controllers\Roles->edit('1')
#9 C:\xampp\htdocs\remsportal\vendor\codeigniter4\framework\system\CodeIgniter.php(419): CodeIgniter\CodeIgniter->runController(Object(App\Controllers\Roles))
#10 C:\xampp\htdocs\remsportal\vendor\codeigniter4\framework\system\CodeIgniter.php(326): CodeIgniter\CodeIgniter->handleRequest(NULL, Object(Config\Cache), false)
#11 C:\xampp\htdocs\remsportal\index.php(37): CodeIgniter\CodeIgniter->run()
#12 {main}
CRITICAL - 2023-02-12 07:19:51 --> Call to undefined function dispalyPermissionsIcons()
#0 C:\xampp\htdocs\remsportal\vendor\codeigniter4\framework\system\View\View.php(210): include()
#1 C:\xampp\htdocs\remsportal\vendor\codeigniter4\framework\system\View\View.php(213): CodeIgniter\View\View->CodeIgniter\View\{closure}()
#2 C:\xampp\htdocs\remsportal\vendor\codeigniter4\framework\system\Common.php(1089): CodeIgniter\View\View->render('Roles/index', Array, true)
#3 C:\xampp\htdocs\remsportal\app\Controllers\Roles.php(25): view('Roles/index', Array)
#4 C:\xampp\htdocs\remsportal\vendor\codeigniter4\framework\system\CodeIgniter.php(832): App\Controllers\Roles->index()
#5 C:\xampp\htdocs\remsportal\vendor\codeigniter4\framework\system\CodeIgniter.php(419): CodeIgniter\CodeIgniter->runController(Object(App\Controllers\Roles))
#6 C:\xampp\htdocs\remsportal\vendor\codeigniter4\framework\system\CodeIgniter.php(326): CodeIgniter\CodeIgniter->handleRequest(NULL, Object(Config\Cache), false)
#7 C:\xampp\htdocs\remsportal\index.php(37): CodeIgniter\CodeIgniter->run()
#8 {main}
CRITICAL - 2023-02-12 07:21:25 --> Call to undefined function dispalyPermissionsIcons()
#0 C:\xampp\htdocs\remsportal\vendor\codeigniter4\framework\system\View\View.php(210): include()
#1 C:\xampp\htdocs\remsportal\vendor\codeigniter4\framework\system\View\View.php(213): CodeIgniter\View\View->CodeIgniter\View\{closure}()
#2 C:\xampp\htdocs\remsportal\vendor\codeigniter4\framework\system\Common.php(1089): CodeIgniter\View\View->render('Roles/index', Array, true)
#3 C:\xampp\htdocs\remsportal\app\Controllers\Roles.php(25): view('Roles/index', Array)
#4 C:\xampp\htdocs\remsportal\vendor\codeigniter4\framework\system\CodeIgniter.php(832): App\Controllers\Roles->index()
#5 C:\xampp\htdocs\remsportal\vendor\codeigniter4\framework\system\CodeIgniter.php(419): CodeIgniter\CodeIgniter->runController(Object(App\Controllers\Roles))
#6 C:\xampp\htdocs\remsportal\vendor\codeigniter4\framework\system\CodeIgniter.php(326): CodeIgniter\CodeIgniter->handleRequest(NULL, Object(Config\Cache), false)
#7 C:\xampp\htdocs\remsportal\index.php(37): CodeIgniter\CodeIgniter->run()
#8 {main}
CRITICAL - 2023-02-12 07:21:27 --> Call to undefined function dispalyPermissionsIcons()
#0 C:\xampp\htdocs\remsportal\vendor\codeigniter4\framework\system\View\View.php(210): include()
#1 C:\xampp\htdocs\remsportal\vendor\codeigniter4\framework\system\View\View.php(213): CodeIgniter\View\View->CodeIgniter\View\{closure}()
#2 C:\xampp\htdocs\remsportal\vendor\codeigniter4\framework\system\Common.php(1089): CodeIgniter\View\View->render('Roles/index', Array, true)
#3 C:\xampp\htdocs\remsportal\app\Controllers\Roles.php(25): view('Roles/index', Array)
#4 C:\xampp\htdocs\remsportal\vendor\codeigniter4\framework\system\CodeIgniter.php(832): App\Controllers\Roles->index()
#5 C:\xampp\htdocs\remsportal\vendor\codeigniter4\framework\system\CodeIgniter.php(419): CodeIgniter\CodeIgniter->runController(Object(App\Controllers\Roles))
#6 C:\xampp\htdocs\remsportal\vendor\codeigniter4\framework\system\CodeIgniter.php(326): CodeIgniter\CodeIgniter->handleRequest(NULL, Object(Config\Cache), false)
#7 C:\xampp\htdocs\remsportal\index.php(37): CodeIgniter\CodeIgniter->run()
#8 {main}
CRITICAL - 2023-02-12 07:21:54 --> Call to undefined function dispalyPermissionsIcons()
#0 C:\xampp\htdocs\remsportal\vendor\codeigniter4\framework\system\View\View.php(210): include()
#1 C:\xampp\htdocs\remsportal\vendor\codeigniter4\framework\system\View\View.php(213): CodeIgniter\View\View->CodeIgniter\View\{closure}()
#2 C:\xampp\htdocs\remsportal\vendor\codeigniter4\framework\system\Common.php(1089): CodeIgniter\View\View->render('Roles/index', Array, true)
#3 C:\xampp\htdocs\remsportal\app\Controllers\Roles.php(25): view('Roles/index', Array)
#4 C:\xampp\htdocs\remsportal\vendor\codeigniter4\framework\system\CodeIgniter.php(832): App\Controllers\Roles->index()
#5 C:\xampp\htdocs\remsportal\vendor\codeigniter4\framework\system\CodeIgniter.php(419): CodeIgniter\CodeIgniter->runController(Object(App\Controllers\Roles))
#6 C:\xampp\htdocs\remsportal\vendor\codeigniter4\framework\system\CodeIgniter.php(326): CodeIgniter\CodeIgniter->handleRequest(NULL, Object(Config\Cache), false)
#7 C:\xampp\htdocs\remsportal\index.php(37): CodeIgniter\CodeIgniter->run()
#8 {main}
CRITICAL - 2023-02-12 07:22:05 --> Call to undefined function dispalyPermissionsIcons()
#0 C:\xampp\htdocs\remsportal\vendor\codeigniter4\framework\system\View\View.php(210): include()
#1 C:\xampp\htdocs\remsportal\vendor\codeigniter4\framework\system\View\View.php(213): CodeIgniter\View\View->CodeIgniter\View\{closure}()
#2 C:\xampp\htdocs\remsportal\vendor\codeigniter4\framework\system\Common.php(1089): CodeIgniter\View\View->render('Roles/index', Array, true)
#3 C:\xampp\htdocs\remsportal\app\Controllers\Roles.php(25): view('Roles/index', Array)
#4 C:\xampp\htdocs\remsportal\vendor\codeigniter4\framework\system\CodeIgniter.php(832): App\Controllers\Roles->index()
#5 C:\xampp\htdocs\remsportal\vendor\codeigniter4\framework\system\CodeIgniter.php(419): CodeIgniter\CodeIgniter->runController(Object(App\Controllers\Roles))
#6 C:\xampp\htdocs\remsportal\vendor\codeigniter4\framework\system\CodeIgniter.php(326): CodeIgniter\CodeIgniter->handleRequest(NULL, Object(Config\Cache), false)
#7 C:\xampp\htdocs\remsportal\index.php(37): CodeIgniter\CodeIgniter->run()
#8 {main}
CRITICAL - 2023-02-12 07:22:33 --> Call to undefined function dispalyPermissionsIcons()
#0 C:\xampp\htdocs\remsportal\vendor\codeigniter4\framework\system\View\View.php(210): include()
#1 C:\xampp\htdocs\remsportal\vendor\codeigniter4\framework\system\View\View.php(213): CodeIgniter\View\View->CodeIgniter\View\{closure}()
#2 C:\xampp\htdocs\remsportal\vendor\codeigniter4\framework\system\Common.php(1089): CodeIgniter\View\View->render('Roles/index', Array, true)
#3 C:\xampp\htdocs\remsportal\app\Controllers\Roles.php(25): view('Roles/index', Array)
#4 C:\xampp\htdocs\remsportal\vendor\codeigniter4\framework\system\CodeIgniter.php(832): App\Controllers\Roles->index()
#5 C:\xampp\htdocs\remsportal\vendor\codeigniter4\framework\system\CodeIgniter.php(419): CodeIgniter\CodeIgniter->runController(Object(App\Controllers\Roles))
#6 C:\xampp\htdocs\remsportal\vendor\codeigniter4\framework\system\CodeIgniter.php(326): CodeIgniter\CodeIgniter->handleRequest(NULL, Object(Config\Cache), false)
#7 C:\xampp\htdocs\remsportal\index.php(37): CodeIgniter\CodeIgniter->run()
#8 {main}
