CRITICAL - 2023-02-04 12:17:36 --> Undefined variable $QuotationCount
#0 C:\xampp\htdocs\rems\app\Views\Home\index.php(22): CodeIgniter\Debug\Exceptions->errorHandler(2, 'Undefined varia...', 'C:\\xampp\\htdocs...', 22)
#1 C:\xampp\htdocs\rems\vendor\codeigniter4\framework\system\View\View.php(210): include('C:\\xampp\\htdocs...')
#2 C:\xampp\htdocs\rems\vendor\codeigniter4\framework\system\View\View.php(213): CodeIgniter\View\View->CodeIgniter\View\{closure}()
#3 C:\xampp\htdocs\rems\vendor\codeigniter4\framework\system\Common.php(1089): CodeIgniter\View\View->render('Home/index', Array, true)
#4 C:\xampp\htdocs\rems\app\Controllers\Users.php(10): view('Home/index')
#5 C:\xampp\htdocs\rems\vendor\codeigniter4\framework\system\CodeIgniter.php(832): App\Controllers\Users->index()
#6 C:\xampp\htdocs\rems\vendor\codeigniter4\framework\system\CodeIgniter.php(419): CodeIgniter\CodeIgniter->runController(Object(App\Controllers\Users))
#7 C:\xampp\htdocs\rems\vendor\codeigniter4\framework\system\CodeIgniter.php(326): CodeIgniter\CodeIgniter->handleRequest(NULL, Object(Config\Cache), false)
#8 C:\xampp\htdocs\rems\index.php(37): CodeIgniter\CodeIgniter->run()
#9 {main}
CRITICAL - 2023-02-04 12:17:53 --> Invalid file: Home/new.php
#0 C:\xampp\htdocs\rems\vendor\codeigniter4\framework\system\View\View.php(198): CodeIgniter\Exceptions\FrameworkException::forInvalidFile('Home/new.php')
#1 C:\xampp\htdocs\rems\vendor\codeigniter4\framework\system\Common.php(1089): CodeIgniter\View\View->render('Home/new', Array, true)
#2 C:\xampp\htdocs\rems\app\Controllers\Users.php(15): view('Home/new')
#3 C:\xampp\htdocs\rems\vendor\codeigniter4\framework\system\CodeIgniter.php(832): App\Controllers\Users->new()
#4 C:\xampp\htdocs\rems\vendor\codeigniter4\framework\system\CodeIgniter.php(419): CodeIgniter\CodeIgniter->runController(Object(App\Controllers\Users))
#5 C:\xampp\htdocs\rems\vendor\codeigniter4\framework\system\CodeIgniter.php(326): CodeIgniter\CodeIgniter->handleRequest(NULL, Object(Config\Cache), false)
#6 C:\xampp\htdocs\rems\index.php(37): CodeIgniter\CodeIgniter->run()
#7 {main}
CRITICAL - 2023-02-04 12:18:59 --> Undefined variable $ClientType
#0 C:\xampp\htdocs\rems\app\Views\Users\new.php(33): CodeIgniter\Debug\Exceptions->errorHandler(2, 'Undefined varia...', 'C:\\xampp\\htdocs...', 33)
#1 C:\xampp\htdocs\rems\vendor\codeigniter4\framework\system\View\View.php(210): include('C:\\xampp\\htdocs...')
#2 C:\xampp\htdocs\rems\vendor\codeigniter4\framework\system\View\View.php(213): CodeIgniter\View\View->CodeIgniter\View\{closure}()
#3 C:\xampp\htdocs\rems\vendor\codeigniter4\framework\system\Common.php(1089): CodeIgniter\View\View->render('users/new', Array, true)
#4 C:\xampp\htdocs\rems\app\Controllers\Users.php(15): view('users/new')
#5 C:\xampp\htdocs\rems\vendor\codeigniter4\framework\system\CodeIgniter.php(832): App\Controllers\Users->new()
#6 C:\xampp\htdocs\rems\vendor\codeigniter4\framework\system\CodeIgniter.php(419): CodeIgniter\CodeIgniter->runController(Object(App\Controllers\Users))
#7 C:\xampp\htdocs\rems\vendor\codeigniter4\framework\system\CodeIgniter.php(326): CodeIgniter\CodeIgniter->handleRequest(NULL, Object(Config\Cache), false)
#8 C:\xampp\htdocs\rems\index.php(37): CodeIgniter\CodeIgniter->run()
#9 {main}
CRITICAL - 2023-02-04 12:23:01 --> Undefined variable $ClientType
#0 C:\xampp\htdocs\rems\app\Views\Users\new.php(33): CodeIgniter\Debug\Exceptions->errorHandler(2, 'Undefined varia...', 'C:\\xampp\\htdocs...', 33)
#1 C:\xampp\htdocs\rems\vendor\codeigniter4\framework\system\View\View.php(210): include('C:\\xampp\\htdocs...')
#2 C:\xampp\htdocs\rems\vendor\codeigniter4\framework\system\View\View.php(213): CodeIgniter\View\View->CodeIgniter\View\{closure}()
#3 C:\xampp\htdocs\rems\vendor\codeigniter4\framework\system\Common.php(1089): CodeIgniter\View\View->render('users/new', Array, true)
#4 C:\xampp\htdocs\rems\app\Controllers\Users.php(15): view('users/new')
#5 C:\xampp\htdocs\rems\vendor\codeigniter4\framework\system\CodeIgniter.php(832): App\Controllers\Users->new()
#6 C:\xampp\htdocs\rems\vendor\codeigniter4\framework\system\CodeIgniter.php(419): CodeIgniter\CodeIgniter->runController(Object(App\Controllers\Users))
#7 C:\xampp\htdocs\rems\vendor\codeigniter4\framework\system\CodeIgniter.php(326): CodeIgniter\CodeIgniter->handleRequest(NULL, Object(Config\Cache), false)
#8 C:\xampp\htdocs\rems\index.php(37): CodeIgniter\CodeIgniter->run()
#9 {main}
CRITICAL - 2023-02-04 12:27:44 --> Undefined variable $clientsData
#0 C:\xampp\htdocs\rems\app\Views\Users\index.php(26): CodeIgniter\Debug\Exceptions->errorHandler(2, 'Undefined varia...', 'C:\\xampp\\htdocs...', 26)
#1 C:\xampp\htdocs\rems\vendor\codeigniter4\framework\system\View\View.php(210): include('C:\\xampp\\htdocs...')
#2 C:\xampp\htdocs\rems\vendor\codeigniter4\framework\system\View\View.php(213): CodeIgniter\View\View->CodeIgniter\View\{closure}()
#3 C:\xampp\htdocs\rems\vendor\codeigniter4\framework\system\Common.php(1089): CodeIgniter\View\View->render('users/index', Array, true)
#4 C:\xampp\htdocs\rems\app\Controllers\Users.php(10): view('users/index')
#5 C:\xampp\htdocs\rems\vendor\codeigniter4\framework\system\CodeIgniter.php(832): App\Controllers\Users->index()
#6 C:\xampp\htdocs\rems\vendor\codeigniter4\framework\system\CodeIgniter.php(419): CodeIgniter\CodeIgniter->runController(Object(App\Controllers\Users))
#7 C:\xampp\htdocs\rems\vendor\codeigniter4\framework\system\CodeIgniter.php(326): CodeIgniter\CodeIgniter->handleRequest(NULL, Object(Config\Cache), false)
#8 C:\xampp\htdocs\rems\index.php(37): CodeIgniter\CodeIgniter->run()
#9 {main}
CRITICAL - 2023-02-04 12:28:10 --> Undefined variable $clientsData
#0 C:\xampp\htdocs\rems\app\Views\Users\index.php(26): CodeIgniter\Debug\Exceptions->errorHandler(2, 'Undefined varia...', 'C:\\xampp\\htdocs...', 26)
#1 C:\xampp\htdocs\rems\vendor\codeigniter4\framework\system\View\View.php(210): include('C:\\xampp\\htdocs...')
#2 C:\xampp\htdocs\rems\vendor\codeigniter4\framework\system\View\View.php(213): CodeIgniter\View\View->CodeIgniter\View\{closure}()
#3 C:\xampp\htdocs\rems\vendor\codeigniter4\framework\system\Common.php(1089): CodeIgniter\View\View->render('users/index', Array, true)
#4 C:\xampp\htdocs\rems\app\Controllers\Users.php(10): view('users/index')
#5 C:\xampp\htdocs\rems\vendor\codeigniter4\framework\system\CodeIgniter.php(832): App\Controllers\Users->index()
#6 C:\xampp\htdocs\rems\vendor\codeigniter4\framework\system\CodeIgniter.php(419): CodeIgniter\CodeIgniter->runController(Object(App\Controllers\Users))
#7 C:\xampp\htdocs\rems\vendor\codeigniter4\framework\system\CodeIgniter.php(326): CodeIgniter\CodeIgniter->handleRequest(NULL, Object(Config\Cache), false)
#8 C:\xampp\htdocs\rems\index.php(37): CodeIgniter\CodeIgniter->run()
#9 {main}
