CRITICAL - 2023-03-26 04:15:40 --> Too few arguments to function App\Controllers\Login::resetPassword(), 0 passed in C:\xampp\htdocs\remsportal\vendor\codeigniter4\framework\system\CodeIgniter.php on line 832 and exactly 1 expected
#0 C:\xampp\htdocs\remsportal\vendor\codeigniter4\framework\system\CodeIgniter.php(832): App\Controllers\Login->resetPassword()
#1 C:\xampp\htdocs\remsportal\vendor\codeigniter4\framework\system\CodeIgniter.php(419): CodeIgniter\CodeIgniter->runController(Object(App\Controllers\Login))
#2 C:\xampp\htdocs\remsportal\vendor\codeigniter4\framework\system\CodeIgniter.php(326): CodeIgniter\CodeIgniter->handleRequest(NULL, Object(Config\Cache), false)
#3 C:\xampp\htdocs\remsportal\index.php(37): CodeIgniter\CodeIgniter->run()
#4 {main}
CRITICAL - 2023-03-26 04:15:53 --> Undefined array key "Id"
#0 C:\xampp\htdocs\remsportal\app\Controllers\Login.php(71): CodeIgniter\Debug\Exceptions->errorHandler(2, 'Undefined array...', 'C:\\xampp\\htdocs...', 71)
#1 C:\xampp\htdocs\remsportal\vendor\codeigniter4\framework\system\CodeIgniter.php(832): App\Controllers\Login->resetPassword('cde3fd4b86bd718...')
#2 C:\xampp\htdocs\remsportal\vendor\codeigniter4\framework\system\CodeIgniter.php(419): CodeIgniter\CodeIgniter->runController(Object(App\Controllers\Login))
#3 C:\xampp\htdocs\remsportal\vendor\codeigniter4\framework\system\CodeIgniter.php(326): CodeIgniter\CodeIgniter->handleRequest(NULL, Object(Config\Cache), false)
#4 C:\xampp\htdocs\remsportal\index.php(37): CodeIgniter\CodeIgniter->run()
#5 {main}
CRITICAL - 2023-03-26 05:21:58 --> foreach() argument must be of type array|object, null given
#0 C:\xampp\htdocs\remsportal\app\Views\ClientProject\view.php(900): CodeIgniter\Debug\Exceptions->errorHandler(2, 'foreach() argum...', 'C:\\xampp\\htdocs...', 900)
#1 C:\xampp\htdocs\remsportal\vendor\codeigniter4\framework\system\View\View.php(210): include('C:\\xampp\\htdocs...')
#2 C:\xampp\htdocs\remsportal\vendor\codeigniter4\framework\system\View\View.php(213): CodeIgniter\View\View->CodeIgniter\View\{closure}()
#3 C:\xampp\htdocs\remsportal\vendor\codeigniter4\framework\system\Common.php(1089): CodeIgniter\View\View->render('ClientProject/v...', Array, true)
#4 C:\xampp\htdocs\remsportal\app\Controllers\ClientProject.php(185): view('ClientProject/v...', Array)
#5 C:\xampp\htdocs\remsportal\vendor\codeigniter4\framework\system\CodeIgniter.php(832): App\Controllers\ClientProject->view('227')
#6 C:\xampp\htdocs\remsportal\vendor\codeigniter4\framework\system\CodeIgniter.php(419): CodeIgniter\CodeIgniter->runController(Object(App\Controllers\ClientProject))
#7 C:\xampp\htdocs\remsportal\vendor\codeigniter4\framework\system\CodeIgniter.php(326): CodeIgniter\CodeIgniter->handleRequest(NULL, Object(Config\Cache), false)
#8 C:\xampp\htdocs\remsportal\index.php(37): CodeIgniter\CodeIgniter->run()
#9 {main}
CRITICAL - 2023-03-26 05:29:55 --> Array to string conversion
#0 C:\xampp\htdocs\remsportal\app\Views\ClientProject\view.php(920): CodeIgniter\Debug\Exceptions->errorHandler(2, 'Array to string...', 'C:\\xampp\\htdocs...', 920)
#1 C:\xampp\htdocs\remsportal\vendor\codeigniter4\framework\system\View\View.php(210): include('C:\\xampp\\htdocs...')
#2 C:\xampp\htdocs\remsportal\vendor\codeigniter4\framework\system\View\View.php(213): CodeIgniter\View\View->CodeIgniter\View\{closure}()
#3 C:\xampp\htdocs\remsportal\vendor\codeigniter4\framework\system\Common.php(1089): CodeIgniter\View\View->render('ClientProject/v...', Array, true)
#4 C:\xampp\htdocs\remsportal\app\Controllers\ClientProject.php(185): view('ClientProject/v...', Array)
#5 C:\xampp\htdocs\remsportal\vendor\codeigniter4\framework\system\CodeIgniter.php(832): App\Controllers\ClientProject->view('230')
#6 C:\xampp\htdocs\remsportal\vendor\codeigniter4\framework\system\CodeIgniter.php(419): CodeIgniter\CodeIgniter->runController(Object(App\Controllers\ClientProject))
#7 C:\xampp\htdocs\remsportal\vendor\codeigniter4\framework\system\CodeIgniter.php(326): CodeIgniter\CodeIgniter->handleRequest(NULL, Object(Config\Cache), false)
#8 C:\xampp\htdocs\remsportal\index.php(37): CodeIgniter\CodeIgniter->run()
#9 {main}
ERROR - 2023-03-26 05:48:03 --> You have an error in your SQL syntax; check the manual that corresponds to your MySQL server version for the right syntax to use near '')' at line 1
CRITICAL - 2023-03-26 05:48:03 --> You have an error in your SQL syntax; check the manual that corresponds to your MySQL server version for the right syntax to use near '')' at line 1
#0 C:\xampp\htdocs\remsportal\vendor\codeigniter4\framework\system\Database\MySQLi\Connection.php(292): mysqli->query('UPDATE `project...', 0)
#1 C:\xampp\htdocs\remsportal\vendor\codeigniter4\framework\system\Database\BaseConnection.php(670): CodeIgniter\Database\MySQLi\Connection->execute('UPDATE `project...')
#2 C:\xampp\htdocs\remsportal\vendor\codeigniter4\framework\system\Database\BaseConnection.php(598): CodeIgniter\Database\BaseConnection->simpleQuery('UPDATE `project...')
#3 C:\xampp\htdocs\remsportal\app\Models\ProjectModel.php(413): CodeIgniter\Database\BaseConnection->query('UPDATE `project...')
#4 C:\xampp\htdocs\remsportal\app\Controllers\ClientProject.php(446): App\Models\ProjectModel->addfiles('230', Array)
#5 C:\xampp\htdocs\remsportal\vendor\codeigniter4\framework\system\CodeIgniter.php(832): App\Controllers\ClientProject->Addfiles('230')
#6 C:\xampp\htdocs\remsportal\vendor\codeigniter4\framework\system\CodeIgniter.php(419): CodeIgniter\CodeIgniter->runController(Object(App\Controllers\ClientProject))
#7 C:\xampp\htdocs\remsportal\vendor\codeigniter4\framework\system\CodeIgniter.php(326): CodeIgniter\CodeIgniter->handleRequest(NULL, Object(Config\Cache), false)
#8 C:\xampp\htdocs\remsportal\index.php(37): CodeIgniter\CodeIgniter->run()
#9 {main}
ERROR - 2023-03-26 05:48:28 --> You have an error in your SQL syntax; check the manual that corresponds to your MySQL server version for the right syntax to use near ')' at line 1
CRITICAL - 2023-03-26 05:48:28 --> You have an error in your SQL syntax; check the manual that corresponds to your MySQL server version for the right syntax to use near ')' at line 1
#0 C:\xampp\htdocs\remsportal\vendor\codeigniter4\framework\system\Database\MySQLi\Connection.php(292): mysqli->query('UPDATE `project...', 0)
#1 C:\xampp\htdocs\remsportal\vendor\codeigniter4\framework\system\Database\BaseConnection.php(670): CodeIgniter\Database\MySQLi\Connection->execute('UPDATE `project...')
#2 C:\xampp\htdocs\remsportal\vendor\codeigniter4\framework\system\Database\BaseConnection.php(598): CodeIgniter\Database\BaseConnection->simpleQuery('UPDATE `project...')
#3 C:\xampp\htdocs\remsportal\app\Models\ProjectModel.php(413): CodeIgniter\Database\BaseConnection->query('UPDATE `project...')
#4 C:\xampp\htdocs\remsportal\app\Controllers\ClientProject.php(446): App\Models\ProjectModel->addfiles('230', Array)
#5 C:\xampp\htdocs\remsportal\vendor\codeigniter4\framework\system\CodeIgniter.php(832): App\Controllers\ClientProject->Addfiles('230')
#6 C:\xampp\htdocs\remsportal\vendor\codeigniter4\framework\system\CodeIgniter.php(419): CodeIgniter\CodeIgniter->runController(Object(App\Controllers\ClientProject))
#7 C:\xampp\htdocs\remsportal\vendor\codeigniter4\framework\system\CodeIgniter.php(326): CodeIgniter\CodeIgniter->handleRequest(NULL, Object(Config\Cache), false)
#8 C:\xampp\htdocs\remsportal\index.php(37): CodeIgniter\CodeIgniter->run()
#9 {main}
CRITICAL - 2023-03-26 05:48:54 --> CodeIgniter\HTTP\RedirectResponse::back(): Argument #1 ($code) must be of type ?int, string given, called in C:\xampp\htdocs\remsportal\app\Controllers\ClientProject.php on line 447
#0 C:\xampp\htdocs\remsportal\app\Controllers\ClientProject.php(447): CodeIgniter\HTTP\RedirectResponse->back('http://localhos...')
#1 C:\xampp\htdocs\remsportal\vendor\codeigniter4\framework\system\CodeIgniter.php(832): App\Controllers\ClientProject->Addfiles('230')
#2 C:\xampp\htdocs\remsportal\vendor\codeigniter4\framework\system\CodeIgniter.php(419): CodeIgniter\CodeIgniter->runController(Object(App\Controllers\ClientProject))
#3 C:\xampp\htdocs\remsportal\vendor\codeigniter4\framework\system\CodeIgniter.php(326): CodeIgniter\CodeIgniter->handleRequest(NULL, Object(Config\Cache), false)
#4 C:\xampp\htdocs\remsportal\index.php(37): CodeIgniter\CodeIgniter->run()
#5 {main}
CRITICAL - 2023-03-26 10:02:19 --> Invalid file: Layouts/admin/default.php
#0 C:\xampp\htdocs\remsportal\vendor\codeigniter4\framework\system\View\View.php(198): CodeIgniter\Exceptions\FrameworkException::forInvalidFile('Layouts/admin/d...')
#1 C:\xampp\htdocs\remsportal\vendor\codeigniter4\framework\system\View\View.php(226): CodeIgniter\View\View->render('Layouts/admin/d...', Array, true)
#2 C:\xampp\htdocs\remsportal\vendor\codeigniter4\framework\system\Common.php(1089): CodeIgniter\View\View->render('Login/changepas...', Array, true)
#3 C:\xampp\htdocs\remsportal\app\Controllers\Login.php(165): view('Login/changepas...', Array)
#4 C:\xampp\htdocs\remsportal\vendor\codeigniter4\framework\system\CodeIgniter.php(832): App\Controllers\Login->changePassword()
#5 C:\xampp\htdocs\remsportal\vendor\codeigniter4\framework\system\CodeIgniter.php(419): CodeIgniter\CodeIgniter->runController(Object(App\Controllers\Login))
#6 C:\xampp\htdocs\remsportal\vendor\codeigniter4\framework\system\CodeIgniter.php(326): CodeIgniter\CodeIgniter->handleRequest(NULL, Object(Config\Cache), false)
#7 C:\xampp\htdocs\remsportal\index.php(37): CodeIgniter\CodeIgniter->run()
#8 {main}
CRITICAL - 2023-03-26 10:21:02 --> password_verify(): Passing null to parameter #2 ($hash) of type string is deprecated
#0 [internal function]: CodeIgniter\Debug\Exceptions->errorHandler(8192, 'password_verify...', 'C:\\xampp\\htdocs...', 146)
#1 C:\xampp\htdocs\remsportal\app\Controllers\Login.php(146): password_verify('awan1234', NULL)
#2 C:\xampp\htdocs\remsportal\vendor\codeigniter4\framework\system\CodeIgniter.php(832): App\Controllers\Login->changePassword()
#3 C:\xampp\htdocs\remsportal\vendor\codeigniter4\framework\system\CodeIgniter.php(419): CodeIgniter\CodeIgniter->runController(Object(App\Controllers\Login))
#4 C:\xampp\htdocs\remsportal\vendor\codeigniter4\framework\system\CodeIgniter.php(326): CodeIgniter\CodeIgniter->handleRequest(NULL, Object(Config\Cache), false)
#5 C:\xampp\htdocs\remsportal\index.php(37): CodeIgniter\CodeIgniter->run()
#6 {main}
ERROR - 2023-03-26 10:22:59 --> You have an error in your SQL syntax; check the manual that corresponds to your MySQL server version for the right syntax to use near '' at line 1
CRITICAL - 2023-03-26 10:22:59 --> You have an error in your SQL syntax; check the manual that corresponds to your MySQL server version for the right syntax to use near '' at line 1
#0 C:\xampp\htdocs\remsportal\vendor\codeigniter4\framework\system\Database\MySQLi\Connection.php(292): mysqli->query('UPDATE users SE...', 0)
#1 C:\xampp\htdocs\remsportal\vendor\codeigniter4\framework\system\Database\BaseConnection.php(670): CodeIgniter\Database\MySQLi\Connection->execute('UPDATE users SE...')
#2 C:\xampp\htdocs\remsportal\vendor\codeigniter4\framework\system\Database\BaseConnection.php(598): CodeIgniter\Database\BaseConnection->simpleQuery('UPDATE users SE...')
#3 C:\xampp\htdocs\remsportal\app\Models\UserModel.php(85): CodeIgniter\Database\BaseConnection->query('UPDATE users SE...')
#4 C:\xampp\htdocs\remsportal\app\Controllers\Login.php(151): App\Models\UserModel->updatePassword(NULL, '$2y$10$.kYzeZ9/...')
#5 C:\xampp\htdocs\remsportal\vendor\codeigniter4\framework\system\CodeIgniter.php(832): App\Controllers\Login->changePassword()
#6 C:\xampp\htdocs\remsportal\vendor\codeigniter4\framework\system\CodeIgniter.php(419): CodeIgniter\CodeIgniter->runController(Object(App\Controllers\Login))
#7 C:\xampp\htdocs\remsportal\vendor\codeigniter4\framework\system\CodeIgniter.php(326): CodeIgniter\CodeIgniter->handleRequest(NULL, Object(Config\Cache), false)
#8 C:\xampp\htdocs\remsportal\index.php(37): CodeIgniter\CodeIgniter->run()
#9 {main}
ERROR - 2023-03-26 10:25:27 --> You have an error in your SQL syntax; check the manual that corresponds to your MySQL server version for the right syntax to use near '' at line 1
CRITICAL - 2023-03-26 10:25:27 --> You have an error in your SQL syntax; check the manual that corresponds to your MySQL server version for the right syntax to use near '' at line 1
#0 C:\xampp\htdocs\remsportal\vendor\codeigniter4\framework\system\Database\MySQLi\Connection.php(292): mysqli->query('UPDATE users SE...', 0)
#1 C:\xampp\htdocs\remsportal\vendor\codeigniter4\framework\system\Database\BaseConnection.php(670): CodeIgniter\Database\MySQLi\Connection->execute('UPDATE users SE...')
#2 C:\xampp\htdocs\remsportal\vendor\codeigniter4\framework\system\Database\BaseConnection.php(598): CodeIgniter\Database\BaseConnection->simpleQuery('UPDATE users SE...')
#3 C:\xampp\htdocs\remsportal\app\Models\UserModel.php(86): CodeIgniter\Database\BaseConnection->query('UPDATE users SE...')
#4 C:\xampp\htdocs\remsportal\app\Controllers\Login.php(151): App\Models\UserModel->updatePassword(NULL, '$2y$10$1QYNbMcA...')
#5 C:\xampp\htdocs\remsportal\vendor\codeigniter4\framework\system\CodeIgniter.php(832): App\Controllers\Login->changePassword()
#6 C:\xampp\htdocs\remsportal\vendor\codeigniter4\framework\system\CodeIgniter.php(419): CodeIgniter\CodeIgniter->runController(Object(App\Controllers\Login))
#7 C:\xampp\htdocs\remsportal\vendor\codeigniter4\framework\system\CodeIgniter.php(326): CodeIgniter\CodeIgniter->handleRequest(NULL, Object(Config\Cache), false)
#8 C:\xampp\htdocs\remsportal\index.php(37): CodeIgniter\CodeIgniter->run()
#9 {main}
ERROR - 2023-03-26 10:28:13 --> You have an error in your SQL syntax; check the manual that corresponds to your MySQL server version for the right syntax to use near '' at line 1
CRITICAL - 2023-03-26 10:28:13 --> You have an error in your SQL syntax; check the manual that corresponds to your MySQL server version for the right syntax to use near '' at line 1
#0 C:\xampp\htdocs\remsportal\vendor\codeigniter4\framework\system\Database\MySQLi\Connection.php(292): mysqli->query('SELECT u.id FRO...', 0)
#1 C:\xampp\htdocs\remsportal\vendor\codeigniter4\framework\system\Database\BaseConnection.php(670): CodeIgniter\Database\MySQLi\Connection->execute('SELECT u.id FRO...')
#2 C:\xampp\htdocs\remsportal\vendor\codeigniter4\framework\system\Database\BaseConnection.php(598): CodeIgniter\Database\BaseConnection->simpleQuery('SELECT u.id FRO...')
#3 C:\xampp\htdocs\remsportal\app\Models\ProjectModel.php(253): CodeIgniter\Database\BaseConnection->query('SELECT u.id FRO...')
#4 C:\xampp\htdocs\remsportal\app\Controllers\ClientProject.php(144): App\Models\ProjectModel->getFilteredUsersForAProject(NULL)
#5 C:\xampp\htdocs\remsportal\vendor\codeigniter4\framework\system\CodeIgniter.php(832): App\Controllers\ClientProject->getusersforassignproject()
#6 C:\xampp\htdocs\remsportal\vendor\codeigniter4\framework\system\CodeIgniter.php(419): CodeIgniter\CodeIgniter->runController(Object(App\Controllers\ClientProject))
#7 C:\xampp\htdocs\remsportal\vendor\codeigniter4\framework\system\CodeIgniter.php(326): CodeIgniter\CodeIgniter->handleRequest(NULL, Object(Config\Cache), false)
#8 C:\xampp\htdocs\remsportal\index.php(37): CodeIgniter\CodeIgniter->run()
#9 {main}
ERROR - 2023-03-26 10:30:06 --> You have an error in your SQL syntax; check the manual that corresponds to your MySQL server version for the right syntax to use near '' at line 1
CRITICAL - 2023-03-26 10:30:06 --> You have an error in your SQL syntax; check the manual that corresponds to your MySQL server version for the right syntax to use near '' at line 1
#0 C:\xampp\htdocs\remsportal\vendor\codeigniter4\framework\system\Database\MySQLi\Connection.php(292): mysqli->query('SELECT u.id FRO...', 0)
#1 C:\xampp\htdocs\remsportal\vendor\codeigniter4\framework\system\Database\BaseConnection.php(670): CodeIgniter\Database\MySQLi\Connection->execute('SELECT u.id FRO...')
#2 C:\xampp\htdocs\remsportal\vendor\codeigniter4\framework\system\Database\BaseConnection.php(598): CodeIgniter\Database\BaseConnection->simpleQuery('SELECT u.id FRO...')
#3 C:\xampp\htdocs\remsportal\app\Models\ProjectModel.php(253): CodeIgniter\Database\BaseConnection->query('SELECT u.id FRO...')
#4 C:\xampp\htdocs\remsportal\app\Controllers\ClientProject.php(144): App\Models\ProjectModel->getFilteredUsersForAProject(NULL)
#5 C:\xampp\htdocs\remsportal\vendor\codeigniter4\framework\system\CodeIgniter.php(832): App\Controllers\ClientProject->getusersforassignproject()
#6 C:\xampp\htdocs\remsportal\vendor\codeigniter4\framework\system\CodeIgniter.php(419): CodeIgniter\CodeIgniter->runController(Object(App\Controllers\ClientProject))
#7 C:\xampp\htdocs\remsportal\vendor\codeigniter4\framework\system\CodeIgniter.php(326): CodeIgniter\CodeIgniter->handleRequest(NULL, Object(Config\Cache), false)
#8 C:\xampp\htdocs\remsportal\index.php(37): CodeIgniter\CodeIgniter->run()
#9 {main}
CRITICAL - 2023-03-26 10:30:35 --> Too few arguments to function App\Controllers\Login::resetPassword(), 0 passed in C:\xampp\htdocs\remsportal\vendor\codeigniter4\framework\system\CodeIgniter.php on line 832 and exactly 1 expected
#0 C:\xampp\htdocs\remsportal\vendor\codeigniter4\framework\system\CodeIgniter.php(832): App\Controllers\Login->resetPassword()
#1 C:\xampp\htdocs\remsportal\vendor\codeigniter4\framework\system\CodeIgniter.php(419): CodeIgniter\CodeIgniter->runController(Object(App\Controllers\Login))
#2 C:\xampp\htdocs\remsportal\vendor\codeigniter4\framework\system\CodeIgniter.php(326): CodeIgniter\CodeIgniter->handleRequest(NULL, Object(Config\Cache), false)
#3 C:\xampp\htdocs\remsportal\index.php(37): CodeIgniter\CodeIgniter->run()
#4 {main}
ERROR - 2023-03-26 11:02:36 --> You have an error in your SQL syntax; check the manual that corresponds to your MySQL server version for the right syntax to use near '' at line 1
CRITICAL - 2023-03-26 11:02:36 --> You have an error in your SQL syntax; check the manual that corresponds to your MySQL server version for the right syntax to use near '' at line 1
#0 C:\xampp\htdocs\remsportal\vendor\codeigniter4\framework\system\Database\MySQLi\Connection.php(292): mysqli->query('SELECT u.id FRO...', 0)
#1 C:\xampp\htdocs\remsportal\vendor\codeigniter4\framework\system\Database\BaseConnection.php(670): CodeIgniter\Database\MySQLi\Connection->execute('SELECT u.id FRO...')
#2 C:\xampp\htdocs\remsportal\vendor\codeigniter4\framework\system\Database\BaseConnection.php(598): CodeIgniter\Database\BaseConnection->simpleQuery('SELECT u.id FRO...')
#3 C:\xampp\htdocs\remsportal\app\Models\ProjectModel.php(253): CodeIgniter\Database\BaseConnection->query('SELECT u.id FRO...')
#4 C:\xampp\htdocs\remsportal\app\Controllers\ClientProject.php(144): App\Models\ProjectModel->getFilteredUsersForAProject(NULL)
#5 C:\xampp\htdocs\remsportal\vendor\codeigniter4\framework\system\CodeIgniter.php(832): App\Controllers\ClientProject->getusersforassignproject()
#6 C:\xampp\htdocs\remsportal\vendor\codeigniter4\framework\system\CodeIgniter.php(419): CodeIgniter\CodeIgniter->runController(Object(App\Controllers\ClientProject))
#7 C:\xampp\htdocs\remsportal\vendor\codeigniter4\framework\system\CodeIgniter.php(326): CodeIgniter\CodeIgniter->handleRequest(NULL, Object(Config\Cache), false)
#8 C:\xampp\htdocs\remsportal\index.php(37): CodeIgniter\CodeIgniter->run()
#9 {main}
CRITICAL - 2023-03-26 12:06:11 --> Undefined array key "deliver_file"
#0 C:\xampp\htdocs\remsportal\app\Views\ClientProject\index.php(199): CodeIgniter\Debug\Exceptions->errorHandler(2, 'Undefined array...', 'C:\\xampp\\htdocs...', 199)
#1 C:\xampp\htdocs\remsportal\vendor\codeigniter4\framework\system\View\View.php(210): include('C:\\xampp\\htdocs...')
#2 C:\xampp\htdocs\remsportal\vendor\codeigniter4\framework\system\View\View.php(213): CodeIgniter\View\View->CodeIgniter\View\{closure}()
#3 C:\xampp\htdocs\remsportal\vendor\codeigniter4\framework\system\Common.php(1089): CodeIgniter\View\View->render('ClientProject/i...', Array, true)
#4 C:\xampp\htdocs\remsportal\app\Controllers\ClientProject.php(59): view('ClientProject/i...', Array)
#5 C:\xampp\htdocs\remsportal\vendor\codeigniter4\framework\system\CodeIgniter.php(832): App\Controllers\ClientProject->index()
#6 C:\xampp\htdocs\remsportal\vendor\codeigniter4\framework\system\CodeIgniter.php(419): CodeIgniter\CodeIgniter->runController(Object(App\Controllers\ClientProject))
#7 C:\xampp\htdocs\remsportal\vendor\codeigniter4\framework\system\CodeIgniter.php(326): CodeIgniter\CodeIgniter->handleRequest(NULL, Object(Config\Cache), false)
#8 C:\xampp\htdocs\remsportal\index.php(37): CodeIgniter\CodeIgniter->run()
#9 {main}
CRITICAL - 2023-03-26 12:41:45 --> Trying to access array offset on value of type null
#0 C:\xampp\htdocs\remsportal\app\Views\ClientProject\view.php(419): CodeIgniter\Debug\Exceptions->errorHandler(2, 'Trying to acces...', 'C:\\xampp\\htdocs...', 419)
#1 C:\xampp\htdocs\remsportal\vendor\codeigniter4\framework\system\View\View.php(210): include('C:\\xampp\\htdocs...')
#2 C:\xampp\htdocs\remsportal\vendor\codeigniter4\framework\system\View\View.php(213): CodeIgniter\View\View->CodeIgniter\View\{closure}()
#3 C:\xampp\htdocs\remsportal\vendor\codeigniter4\framework\system\Common.php(1089): CodeIgniter\View\View->render('ClientProject/v...', Array, true)
#4 C:\xampp\htdocs\remsportal\app\Controllers\ClientProject.php(185): view('ClientProject/v...', Array)
#5 C:\xampp\htdocs\remsportal\vendor\codeigniter4\framework\system\CodeIgniter.php(832): App\Controllers\ClientProject->view('226')
#6 C:\xampp\htdocs\remsportal\vendor\codeigniter4\framework\system\CodeIgniter.php(419): CodeIgniter\CodeIgniter->runController(Object(App\Controllers\ClientProject))
#7 C:\xampp\htdocs\remsportal\vendor\codeigniter4\framework\system\CodeIgniter.php(326): CodeIgniter\CodeIgniter->handleRequest(NULL, Object(Config\Cache), false)
#8 C:\xampp\htdocs\remsportal\index.php(37): CodeIgniter\CodeIgniter->run()
#9 {main}
