ERROR - 2023-03-02 03:02:12 --> Unknown column 'www.google.com' in 'where clause'
CRITICAL - 2023-03-02 03:02:12 --> Unknown column 'www.google.com' in 'where clause'
#0 C:\xampp\htdocs\remsportal\vendor\codeigniter4\framework\system\Database\MySQLi\Connection.php(292): mysqli->query('SELECT q.Client...', 0)
#1 C:\xampp\htdocs\remsportal\vendor\codeigniter4\framework\system\Database\BaseConnection.php(670): CodeIgniter\Database\MySQLi\Connection->execute('SELECT q.Client...')
#2 C:\xampp\htdocs\remsportal\vendor\codeigniter4\framework\system\Database\BaseConnection.php(598): CodeIgniter\Database\BaseConnection->simpleQuery('SELECT q.Client...')
#3 C:\xampp\htdocs\remsportal\app\Models\ProjectModel.php(53): CodeIgniter\Database\BaseConnection->query('SELECT q.Client...')
#4 C:\xampp\htdocs\remsportal\app\Controllers\ClientProject.php(135): App\Models\ProjectModel->getAllClientProjectsbyID('www.google.com')
#5 C:\xampp\htdocs\remsportal\vendor\codeigniter4\framework\system\CodeIgniter.php(832): App\Controllers\ClientProject->view('www.google.com')
#6 C:\xampp\htdocs\remsportal\vendor\codeigniter4\framework\system\CodeIgniter.php(419): CodeIgniter\CodeIgniter->runController(Object(App\Controllers\ClientProject))
#7 C:\xampp\htdocs\remsportal\vendor\codeigniter4\framework\system\CodeIgniter.php(326): CodeIgniter\CodeIgniter->handleRequest(NULL, Object(Config\Cache), false)
#8 C:\xampp\htdocs\remsportal\index.php(37): CodeIgniter\CodeIgniter->run()
#9 {main}
ERROR - 2023-03-02 03:49:02 --> You have an error in your SQL syntax; check the manual that corresponds to your MariaDB server version for the right syntax to use near 'q where q.Id = 95' at line 1
CRITICAL - 2023-03-02 03:49:02 --> You have an error in your SQL syntax; check the manual that corresponds to your MariaDB server version for the right syntax to use near 'q where q.Id = 95' at line 1
#0 C:\xampp\htdocs\remsportal\vendor\codeigniter4\framework\system\Database\MySQLi\Connection.php(292): mysqli->query('DELETE FROM `qu...', 0)
#1 C:\xampp\htdocs\remsportal\vendor\codeigniter4\framework\system\Database\BaseConnection.php(670): CodeIgniter\Database\MySQLi\Connection->execute('DELETE FROM `qu...')
#2 C:\xampp\htdocs\remsportal\vendor\codeigniter4\framework\system\Database\BaseConnection.php(598): CodeIgniter\Database\BaseConnection->simpleQuery('DELETE FROM `qu...')
#3 C:\xampp\htdocs\remsportal\app\Models\ProjectModel.php(175): CodeIgniter\Database\BaseConnection->query('DELETE FROM `qu...')
#4 C:\xampp\htdocs\remsportal\app\Controllers\ClientProject.php(150): App\Models\ProjectModel->deleteProject('86')
#5 C:\xampp\htdocs\remsportal\vendor\codeigniter4\framework\system\CodeIgniter.php(832): App\Controllers\ClientProject->deleteproject('86')
#6 C:\xampp\htdocs\remsportal\vendor\codeigniter4\framework\system\CodeIgniter.php(419): CodeIgniter\CodeIgniter->runController(Object(App\Controllers\ClientProject))
#7 C:\xampp\htdocs\remsportal\vendor\codeigniter4\framework\system\CodeIgniter.php(326): CodeIgniter\CodeIgniter->handleRequest(NULL, Object(Config\Cache), false)
#8 C:\xampp\htdocs\remsportal\index.php(37): CodeIgniter\CodeIgniter->run()
#9 {main}
CRITICAL - 2023-03-02 03:49:43 --> Undefined array key 0
#0 C:\xampp\htdocs\remsportal\app\Models\ProjectModel.php(169): CodeIgniter\Debug\Exceptions->errorHandler(2, 'Undefined array...', 'C:\\xampp\\htdocs...', 169)
#1 C:\xampp\htdocs\remsportal\app\Controllers\ClientProject.php(151): App\Models\ProjectModel->deleteProject('86')
#2 C:\xampp\htdocs\remsportal\vendor\codeigniter4\framework\system\CodeIgniter.php(832): App\Controllers\ClientProject->deleteproject('86')
#3 C:\xampp\htdocs\remsportal\vendor\codeigniter4\framework\system\CodeIgniter.php(419): CodeIgniter\CodeIgniter->runController(Object(App\Controllers\ClientProject))
#4 C:\xampp\htdocs\remsportal\vendor\codeigniter4\framework\system\CodeIgniter.php(326): CodeIgniter\CodeIgniter->handleRequest(NULL, Object(Config\Cache), false)
#5 C:\xampp\htdocs\remsportal\index.php(37): CodeIgniter\CodeIgniter->run()
#6 {main}
CRITICAL - 2023-03-02 04:25:10 --> Undefined variable $ProjectScopes
#0 C:\xampp\htdocs\remsportal\app\Views\ClientProject\edit.php(44): CodeIgniter\Debug\Exceptions->errorHandler(2, 'Undefined varia...', 'C:\\xampp\\htdocs...', 44)
#1 C:\xampp\htdocs\remsportal\vendor\codeigniter4\framework\system\View\View.php(210): include('C:\\xampp\\htdocs...')
#2 C:\xampp\htdocs\remsportal\vendor\codeigniter4\framework\system\View\View.php(213): CodeIgniter\View\View->CodeIgniter\View\{closure}()
#3 C:\xampp\htdocs\remsportal\vendor\codeigniter4\framework\system\Common.php(1089): CodeIgniter\View\View->render('ClientProject/e...', Array, true)
#4 C:\xampp\htdocs\remsportal\app\Controllers\ClientProject.php(149): view('ClientProject/e...')
#5 C:\xampp\htdocs\remsportal\vendor\codeigniter4\framework\system\CodeIgniter.php(832): App\Controllers\ClientProject->edit()
#6 C:\xampp\htdocs\remsportal\vendor\codeigniter4\framework\system\CodeIgniter.php(419): CodeIgniter\CodeIgniter->runController(Object(App\Controllers\ClientProject))
#7 C:\xampp\htdocs\remsportal\vendor\codeigniter4\framework\system\CodeIgniter.php(326): CodeIgniter\CodeIgniter->handleRequest(NULL, Object(Config\Cache), false)
#8 C:\xampp\htdocs\remsportal\index.php(37): CodeIgniter\CodeIgniter->run()
#9 {main}
CRITICAL - 2023-03-02 04:53:03 --> Undefined array key "Project_Id"
#0 C:\xampp\htdocs\remsportal\app\Views\ClientProject\edit.php(45): CodeIgniter\Debug\Exceptions->errorHandler(2, 'Undefined array...', 'C:\\xampp\\htdocs...', 45)
#1 C:\xampp\htdocs\remsportal\vendor\codeigniter4\framework\system\View\View.php(210): include('C:\\xampp\\htdocs...')
#2 C:\xampp\htdocs\remsportal\vendor\codeigniter4\framework\system\View\View.php(213): CodeIgniter\View\View->CodeIgniter\View\{closure}()
#3 C:\xampp\htdocs\remsportal\vendor\codeigniter4\framework\system\Common.php(1089): CodeIgniter\View\View->render('ClientProject/e...', Array, true)
#4 C:\xampp\htdocs\remsportal\app\Controllers\ClientProject.php(189): view('ClientProject/e...', Array)
#5 C:\xampp\htdocs\remsportal\vendor\codeigniter4\framework\system\CodeIgniter.php(832): App\Controllers\ClientProject->edit('89')
#6 C:\xampp\htdocs\remsportal\vendor\codeigniter4\framework\system\CodeIgniter.php(419): CodeIgniter\CodeIgniter->runController(Object(App\Controllers\ClientProject))
#7 C:\xampp\htdocs\remsportal\vendor\codeigniter4\framework\system\CodeIgniter.php(326): CodeIgniter\CodeIgniter->handleRequest(NULL, Object(Config\Cache), false)
#8 C:\xampp\htdocs\remsportal\index.php(37): CodeIgniter\CodeIgniter->run()
#9 {main}
CRITICAL - 2023-03-02 04:57:13 --> Array to string conversion
#0 C:\xampp\htdocs\remsportal\app\Views\ClientProject\edit.php(34): CodeIgniter\Debug\Exceptions->errorHandler(2, 'Array to string...', 'C:\\xampp\\htdocs...', 34)
#1 C:\xampp\htdocs\remsportal\vendor\codeigniter4\framework\system\View\View.php(210): include('C:\\xampp\\htdocs...')
#2 C:\xampp\htdocs\remsportal\vendor\codeigniter4\framework\system\View\View.php(213): CodeIgniter\View\View->CodeIgniter\View\{closure}()
#3 C:\xampp\htdocs\remsportal\vendor\codeigniter4\framework\system\Common.php(1089): CodeIgniter\View\View->render('ClientProject/e...', Array, true)
#4 C:\xampp\htdocs\remsportal\app\Controllers\ClientProject.php(189): view('ClientProject/e...', Array)
#5 C:\xampp\htdocs\remsportal\vendor\codeigniter4\framework\system\CodeIgniter.php(832): App\Controllers\ClientProject->edit('89')
#6 C:\xampp\htdocs\remsportal\vendor\codeigniter4\framework\system\CodeIgniter.php(419): CodeIgniter\CodeIgniter->runController(Object(App\Controllers\ClientProject))
#7 C:\xampp\htdocs\remsportal\vendor\codeigniter4\framework\system\CodeIgniter.php(326): CodeIgniter\CodeIgniter->handleRequest(NULL, Object(Config\Cache), false)
#8 C:\xampp\htdocs\remsportal\index.php(37): CodeIgniter\CodeIgniter->run()
#9 {main}
CRITICAL - 2023-03-02 06:23:04 --> Too few arguments to function App\Controllers\ClientProject::edit(), 0 passed in C:\xampp\htdocs\remsportal\vendor\codeigniter4\framework\system\CodeIgniter.php on line 832 and exactly 1 expected
#0 C:\xampp\htdocs\remsportal\vendor\codeigniter4\framework\system\CodeIgniter.php(832): App\Controllers\ClientProject->edit()
#1 C:\xampp\htdocs\remsportal\vendor\codeigniter4\framework\system\CodeIgniter.php(419): CodeIgniter\CodeIgniter->runController(Object(App\Controllers\ClientProject))
#2 C:\xampp\htdocs\remsportal\vendor\codeigniter4\framework\system\CodeIgniter.php(326): CodeIgniter\CodeIgniter->handleRequest(NULL, Object(Config\Cache), false)
#3 C:\xampp\htdocs\remsportal\index.php(37): CodeIgniter\CodeIgniter->run()
#4 {main}
ERROR - 2023-03-02 06:26:16 --> Cannot add or update a child row: a foreign key constraint fails (`rems`.`projectscopes`, CONSTRAINT `fk_projectscopes_qoutations` FOREIGN KEY (`Project_Id`) REFERENCES `projects` (`Id`) ON DELETE CASCADE ON UPDATE CASCADE)
CRITICAL - 2023-03-02 06:26:16 --> Cannot add or update a child row: a foreign key constraint fails (`rems`.`projectscopes`, CONSTRAINT `fk_projectscopes_qoutations` FOREIGN KEY (`Project_Id`) REFERENCES `projects` (`Id`) ON DELETE CASCADE ON UPDATE CASCADE)
#0 C:\xampp\htdocs\remsportal\vendor\codeigniter4\framework\system\Database\MySQLi\Connection.php(292): mysqli->query('INSERT INTO `pr...', 0)
#1 C:\xampp\htdocs\remsportal\vendor\codeigniter4\framework\system\Database\BaseConnection.php(670): CodeIgniter\Database\MySQLi\Connection->execute('INSERT INTO `pr...')
#2 C:\xampp\htdocs\remsportal\vendor\codeigniter4\framework\system\Database\BaseConnection.php(598): CodeIgniter\Database\BaseConnection->simpleQuery('INSERT INTO `pr...')
#3 C:\xampp\htdocs\remsportal\app\Models\ProjectModel.php(150): CodeIgniter\Database\BaseConnection->query('INSERT INTO `pr...')
#4 C:\xampp\htdocs\remsportal\app\Controllers\ClientProject.php(196): App\Models\ProjectModel->EditProject(Array, '89')
#5 C:\xampp\htdocs\remsportal\vendor\codeigniter4\framework\system\CodeIgniter.php(832): App\Controllers\ClientProject->edit('89')
#6 C:\xampp\htdocs\remsportal\vendor\codeigniter4\framework\system\CodeIgniter.php(419): CodeIgniter\CodeIgniter->runController(Object(App\Controllers\ClientProject))
#7 C:\xampp\htdocs\remsportal\vendor\codeigniter4\framework\system\CodeIgniter.php(326): CodeIgniter\CodeIgniter->handleRequest(NULL, Object(Config\Cache), false)
#8 C:\xampp\htdocs\remsportal\index.php(37): CodeIgniter\CodeIgniter->run()
#9 {main}
CRITICAL - 2023-03-02 06:51:59 --> join(): Argument #2 ($array) must be of type ?array, string given
#0 C:\xampp\htdocs\remsportal\app\Models\ProjectModel.php(133): join(',', 'public/assets/p...')
#1 C:\xampp\htdocs\remsportal\app\Controllers\ClientProject.php(200): App\Models\ProjectModel->EditProject(Array, '89')
#2 C:\xampp\htdocs\remsportal\vendor\codeigniter4\framework\system\CodeIgniter.php(832): App\Controllers\ClientProject->edit('89')
#3 C:\xampp\htdocs\remsportal\vendor\codeigniter4\framework\system\CodeIgniter.php(419): CodeIgniter\CodeIgniter->runController(Object(App\Controllers\ClientProject))
#4 C:\xampp\htdocs\remsportal\vendor\codeigniter4\framework\system\CodeIgniter.php(326): CodeIgniter\CodeIgniter->handleRequest(NULL, Object(Config\Cache), false)
#5 C:\xampp\htdocs\remsportal\index.php(37): CodeIgniter\CodeIgniter->run()
#6 {main}
