CRITICAL - 2023-02-27 10:27:18 --> array_push(): Argument #1 ($array) must be of type array, string given
#0 C:\xampp\htdocs\remsportal\app\Models\QuotationModel.php(121): array_push('romote 1', 'romote 1')
#1 C:\xampp\htdocs\remsportal\app\Controllers\Quotation.php(148): App\Models\QuotationModel->editQuotation(Array, Array, 0, '91')
#2 C:\xampp\htdocs\remsportal\vendor\codeigniter4\framework\system\CodeIgniter.php(832): App\Controllers\Quotation->edit('91')
#3 C:\xampp\htdocs\remsportal\vendor\codeigniter4\framework\system\CodeIgniter.php(419): CodeIgniter\CodeIgniter->runController(Object(App\Controllers\Quotation))
#4 C:\xampp\htdocs\remsportal\vendor\codeigniter4\framework\system\CodeIgniter.php(326): CodeIgniter\CodeIgniter->handleRequest(NULL, Object(Config\Cache), false)
#5 C:\xampp\htdocs\remsportal\index.php(37): CodeIgniter\CodeIgniter->run()
#6 {main}
ERROR - 2023-02-27 10:38:29 --> Unknown column 'q.Name' in 'field list'
CRITICAL - 2023-02-27 10:38:29 --> Unknown column 'q.Name' in 'field list'
#0 C:\xampp\htdocs\remsportal\vendor\codeigniter4\framework\system\Database\MySQLi\Connection.php(292): mysqli->query('SELECT q.Client...', 0)
#1 C:\xampp\htdocs\remsportal\vendor\codeigniter4\framework\system\Database\BaseConnection.php(670): CodeIgniter\Database\MySQLi\Connection->execute('SELECT q.Client...')
#2 C:\xampp\htdocs\remsportal\vendor\codeigniter4\framework\system\Database\BaseConnection.php(598): CodeIgniter\Database\BaseConnection->simpleQuery('SELECT q.Client...')
#3 C:\xampp\htdocs\remsportal\app\Models\ProjectModel.php(103): CodeIgniter\Database\BaseConnection->query('SELECT q.Client...')
#4 C:\xampp\htdocs\remsportal\app\Controllers\ClientProject.php(102): App\Models\ProjectModel->addNewProject(Array, '30')
#5 C:\xampp\htdocs\remsportal\vendor\codeigniter4\framework\system\CodeIgniter.php(832): App\Controllers\ClientProject->new()
#6 C:\xampp\htdocs\remsportal\vendor\codeigniter4\framework\system\CodeIgniter.php(419): CodeIgniter\CodeIgniter->runController(Object(App\Controllers\ClientProject))
#7 C:\xampp\htdocs\remsportal\vendor\codeigniter4\framework\system\CodeIgniter.php(326): CodeIgniter\CodeIgniter->handleRequest(NULL, Object(Config\Cache), false)
#8 C:\xampp\htdocs\remsportal\index.php(37): CodeIgniter\CodeIgniter->run()
#9 {main}
