CRITICAL - 2023-03-22 09:29:11 --> Call to undefined method App\Models\ProjectModel::inprogressProjectCount
#0 C:\xampp\htdocs\remsportal\app\Controllers\Home.php(33): CodeIgniter\Model->__call('inprogressProje...', Array)
#1 C:\xampp\htdocs\remsportal\vendor\codeigniter4\framework\system\CodeIgniter.php(832): App\Controllers\Home->index()
#2 C:\xampp\htdocs\remsportal\vendor\codeigniter4\framework\system\CodeIgniter.php(419): CodeIgniter\CodeIgniter->runController(Object(App\Controllers\Home))
#3 C:\xampp\htdocs\remsportal\vendor\codeigniter4\framework\system\CodeIgniter.php(326): CodeIgniter\CodeIgniter->handleRequest(NULL, Object(Config\Cache), false)
#4 C:\xampp\htdocs\remsportal\index.php(37): CodeIgniter\CodeIgniter->run()
#5 {main}
CRITICAL - 2023-03-22 09:42:11 --> explode(): Passing null to parameter #2 ($string) of type string is deprecated
#0 [internal function]: CodeIgniter\Debug\Exceptions->errorHandler(8192, 'explode(): Pass...', 'C:\\xampp\\htdocs...', 284)
#1 C:\xampp\htdocs\remsportal\app\Models\ProjectModel.php(284): explode(',', NULL)
#2 C:\xampp\htdocs\remsportal\app\Controllers\Home.php(50): App\Models\ProjectModel->getProjectsByEmployeesId('6')
#3 C:\xampp\htdocs\remsportal\vendor\codeigniter4\framework\system\CodeIgniter.php(832): App\Controllers\Home->index()
#4 C:\xampp\htdocs\remsportal\vendor\codeigniter4\framework\system\CodeIgniter.php(419): CodeIgniter\CodeIgniter->runController(Object(App\Controllers\Home))
#5 C:\xampp\htdocs\remsportal\vendor\codeigniter4\framework\system\CodeIgniter.php(326): CodeIgniter\CodeIgniter->handleRequest(NULL, Object(Config\Cache), false)
#6 C:\xampp\htdocs\remsportal\index.php(37): CodeIgniter\CodeIgniter->run()
#7 {main}
ERROR - 2023-03-22 09:58:12 --> Unknown column 'c.parentComment_idi' in 'field list'
CRITICAL - 2023-03-22 09:58:12 --> Unknown column 'c.parentComment_idi' in 'field list'
#0 C:\xampp\htdocs\remsportal\vendor\codeigniter4\framework\system\Database\MySQLi\Connection.php(292): mysqli->query('WITH RECURSIVE ...', 0)
#1 C:\xampp\htdocs\remsportal\vendor\codeigniter4\framework\system\Database\BaseConnection.php(670): CodeIgniter\Database\MySQLi\Connection->execute('WITH RECURSIVE ...')
#2 C:\xampp\htdocs\remsportal\vendor\codeigniter4\framework\system\Database\BaseConnection.php(598): CodeIgniter\Database\BaseConnection->simpleQuery('WITH RECURSIVE ...')
#3 C:\xampp\htdocs\remsportal\app\Models\CommentsModel.php(35): CodeIgniter\Database\BaseConnection->query('WITH RECURSIVE ...')
#4 C:\xampp\htdocs\remsportal\app\Controllers\ClientProject.php(171): App\Models\CommentsModel->getCommentsbyId('227')
#5 C:\xampp\htdocs\remsportal\vendor\codeigniter4\framework\system\CodeIgniter.php(832): App\Controllers\ClientProject->view('227')
#6 C:\xampp\htdocs\remsportal\vendor\codeigniter4\framework\system\CodeIgniter.php(419): CodeIgniter\CodeIgniter->runController(Object(App\Controllers\ClientProject))
#7 C:\xampp\htdocs\remsportal\vendor\codeigniter4\framework\system\CodeIgniter.php(326): CodeIgniter\CodeIgniter->handleRequest(NULL, Object(Config\Cache), false)
#8 C:\xampp\htdocs\remsportal\index.php(37): CodeIgniter\CodeIgniter->run()
#9 {main}
ERROR - 2023-03-22 09:58:27 --> You have an error in your SQL syntax; check the manual that corresponds to your MariaDB server version for the right syntax to use near 'RECURSIVE comment_tree AS (
            SELECT c.id, c.comment,c.user_id, c....' at line 1
CRITICAL - 2023-03-22 09:58:27 --> You have an error in your SQL syntax; check the manual that corresponds to your MariaDB server version for the right syntax to use near 'RECURSIVE comment_tree AS (
            SELECT c.id, c.comment,c.user_id, c....' at line 1
#0 C:\xampp\htdocs\remsportal\vendor\codeigniter4\framework\system\Database\MySQLi\Connection.php(292): mysqli->query('RECURSIVE comme...', 0)
#1 C:\xampp\htdocs\remsportal\vendor\codeigniter4\framework\system\Database\BaseConnection.php(670): CodeIgniter\Database\MySQLi\Connection->execute('RECURSIVE comme...')
#2 C:\xampp\htdocs\remsportal\vendor\codeigniter4\framework\system\Database\BaseConnection.php(598): CodeIgniter\Database\BaseConnection->simpleQuery('RECURSIVE comme...')
#3 C:\xampp\htdocs\remsportal\app\Models\CommentsModel.php(35): CodeIgniter\Database\BaseConnection->query('RECURSIVE comme...')
#4 C:\xampp\htdocs\remsportal\app\Controllers\ClientProject.php(171): App\Models\CommentsModel->getCommentsbyId('227')
#5 C:\xampp\htdocs\remsportal\vendor\codeigniter4\framework\system\CodeIgniter.php(832): App\Controllers\ClientProject->view('227')
#6 C:\xampp\htdocs\remsportal\vendor\codeigniter4\framework\system\CodeIgniter.php(419): CodeIgniter\CodeIgniter->runController(Object(App\Controllers\ClientProject))
#7 C:\xampp\htdocs\remsportal\vendor\codeigniter4\framework\system\CodeIgniter.php(326): CodeIgniter\CodeIgniter->handleRequest(NULL, Object(Config\Cache), false)
#8 C:\xampp\htdocs\remsportal\index.php(37): CodeIgniter\CodeIgniter->run()
#9 {main}
CRITICAL - 2023-03-22 11:59:41 --> Undefined array key "day"
#0 C:\xampp\htdocs\remsportal\app\Views\Home\index.php(390): CodeIgniter\Debug\Exceptions->errorHandler(2, 'Undefined array...', 'C:\\xampp\\htdocs...', 390)
#1 C:\xampp\htdocs\remsportal\vendor\codeigniter4\framework\system\View\View.php(210): include('C:\\xampp\\htdocs...')
#2 C:\xampp\htdocs\remsportal\vendor\codeigniter4\framework\system\View\View.php(213): CodeIgniter\View\View->CodeIgniter\View\{closure}()
#3 C:\xampp\htdocs\remsportal\vendor\codeigniter4\framework\system\Common.php(1089): CodeIgniter\View\View->render('Home/index', Array, true)
#4 C:\xampp\htdocs\remsportal\app\Controllers\Home.php(58): view('Home/index', Array)
#5 C:\xampp\htdocs\remsportal\vendor\codeigniter4\framework\system\CodeIgniter.php(832): App\Controllers\Home->index()
#6 C:\xampp\htdocs\remsportal\vendor\codeigniter4\framework\system\CodeIgniter.php(419): CodeIgniter\CodeIgniter->runController(Object(App\Controllers\Home))
#7 C:\xampp\htdocs\remsportal\vendor\codeigniter4\framework\system\CodeIgniter.php(326): CodeIgniter\CodeIgniter->handleRequest(NULL, Object(Config\Cache), false)
#8 C:\xampp\htdocs\remsportal\index.php(37): CodeIgniter\CodeIgniter->run()
#9 {main}
CRITICAL - 2023-03-22 12:19:47 --> date(): Argument #2 ($timestamp) must be of type ?int, string given
#0 C:\xampp\htdocs\remsportal\app\Views\Home\index.php(412): date('d M', '2023-03-09')
#1 C:\xampp\htdocs\remsportal\vendor\codeigniter4\framework\system\View\View.php(210): include('C:\\xampp\\htdocs...')
#2 C:\xampp\htdocs\remsportal\vendor\codeigniter4\framework\system\View\View.php(213): CodeIgniter\View\View->CodeIgniter\View\{closure}()
#3 C:\xampp\htdocs\remsportal\vendor\codeigniter4\framework\system\Common.php(1089): CodeIgniter\View\View->render('Home/index', Array, true)
#4 C:\xampp\htdocs\remsportal\app\Controllers\Home.php(59): view('Home/index', Array)
#5 C:\xampp\htdocs\remsportal\vendor\codeigniter4\framework\system\CodeIgniter.php(832): App\Controllers\Home->index()
#6 C:\xampp\htdocs\remsportal\vendor\codeigniter4\framework\system\CodeIgniter.php(419): CodeIgniter\CodeIgniter->runController(Object(App\Controllers\Home))
#7 C:\xampp\htdocs\remsportal\vendor\codeigniter4\framework\system\CodeIgniter.php(326): CodeIgniter\CodeIgniter->handleRequest(NULL, Object(Config\Cache), false)
#8 C:\xampp\htdocs\remsportal\index.php(37): CodeIgniter\CodeIgniter->run()
#9 {main}
CRITICAL - 2023-03-22 12:44:58 --> date(): Argument #2 ($timestamp) must be of type ?int, string given
#0 C:\xampp\htdocs\remsportal\app\Views\Home\index.php(392): date('y, m, d', '2023-03-09')
#1 C:\xampp\htdocs\remsportal\vendor\codeigniter4\framework\system\View\View.php(210): include('C:\\xampp\\htdocs...')
#2 C:\xampp\htdocs\remsportal\vendor\codeigniter4\framework\system\View\View.php(213): CodeIgniter\View\View->CodeIgniter\View\{closure}()
#3 C:\xampp\htdocs\remsportal\vendor\codeigniter4\framework\system\Common.php(1089): CodeIgniter\View\View->render('Home/index', Array, true)
#4 C:\xampp\htdocs\remsportal\app\Controllers\Home.php(59): view('Home/index', Array)
#5 C:\xampp\htdocs\remsportal\vendor\codeigniter4\framework\system\CodeIgniter.php(832): App\Controllers\Home->index()
#6 C:\xampp\htdocs\remsportal\vendor\codeigniter4\framework\system\CodeIgniter.php(419): CodeIgniter\CodeIgniter->runController(Object(App\Controllers\Home))
#7 C:\xampp\htdocs\remsportal\vendor\codeigniter4\framework\system\CodeIgniter.php(326): CodeIgniter\CodeIgniter->handleRequest(NULL, Object(Config\Cache), false)
#8 C:\xampp\htdocs\remsportal\index.php(37): CodeIgniter\CodeIgniter->run()
#9 {main}
CRITICAL - 2023-03-22 12:46:53 --> date(): Argument #2 ($timestamp) must be of type ?int, string given
#0 C:\xampp\htdocs\remsportal\app\Views\Home\index.php(392): date('y, m, d', '2023-03-09')
#1 C:\xampp\htdocs\remsportal\vendor\codeigniter4\framework\system\View\View.php(210): include('C:\\xampp\\htdocs...')
#2 C:\xampp\htdocs\remsportal\vendor\codeigniter4\framework\system\View\View.php(213): CodeIgniter\View\View->CodeIgniter\View\{closure}()
#3 C:\xampp\htdocs\remsportal\vendor\codeigniter4\framework\system\Common.php(1089): CodeIgniter\View\View->render('Home/index', Array, true)
#4 C:\xampp\htdocs\remsportal\app\Controllers\Home.php(59): view('Home/index', Array)
#5 C:\xampp\htdocs\remsportal\vendor\codeigniter4\framework\system\CodeIgniter.php(832): App\Controllers\Home->index()
#6 C:\xampp\htdocs\remsportal\vendor\codeigniter4\framework\system\CodeIgniter.php(419): CodeIgniter\CodeIgniter->runController(Object(App\Controllers\Home))
#7 C:\xampp\htdocs\remsportal\vendor\codeigniter4\framework\system\CodeIgniter.php(326): CodeIgniter\CodeIgniter->handleRequest(NULL, Object(Config\Cache), false)
#8 C:\xampp\htdocs\remsportal\index.php(37): CodeIgniter\CodeIgniter->run()
#9 {main}
CRITICAL - 2023-03-22 13:21:06 --> Array to string conversion
#0 C:\xampp\htdocs\remsportal\app\Views\Home\index.php(318): CodeIgniter\Debug\Exceptions->errorHandler(2, 'Array to string...', 'C:\\xampp\\htdocs...', 318)
#1 C:\xampp\htdocs\remsportal\vendor\codeigniter4\framework\system\View\View.php(210): include('C:\\xampp\\htdocs...')
#2 C:\xampp\htdocs\remsportal\vendor\codeigniter4\framework\system\View\View.php(213): CodeIgniter\View\View->CodeIgniter\View\{closure}()
#3 C:\xampp\htdocs\remsportal\vendor\codeigniter4\framework\system\Common.php(1089): CodeIgniter\View\View->render('Home/index', Array, true)
#4 C:\xampp\htdocs\remsportal\app\Controllers\Home.php(59): view('Home/index', Array)
#5 C:\xampp\htdocs\remsportal\vendor\codeigniter4\framework\system\CodeIgniter.php(832): App\Controllers\Home->index()
#6 C:\xampp\htdocs\remsportal\vendor\codeigniter4\framework\system\CodeIgniter.php(419): CodeIgniter\CodeIgniter->runController(Object(App\Controllers\Home))
#7 C:\xampp\htdocs\remsportal\vendor\codeigniter4\framework\system\CodeIgniter.php(326): CodeIgniter\CodeIgniter->handleRequest(NULL, Object(Config\Cache), false)
#8 C:\xampp\htdocs\remsportal\index.php(37): CodeIgniter\CodeIgniter->run()
#9 {main}
CRITICAL - 2023-03-22 13:23:21 --> Undefined variable $qoutation_data
#0 C:\xampp\htdocs\remsportal\app\Views\Home\index.php(315): CodeIgniter\Debug\Exceptions->errorHandler(2, 'Undefined varia...', 'C:\\xampp\\htdocs...', 315)
#1 C:\xampp\htdocs\remsportal\vendor\codeigniter4\framework\system\View\View.php(210): include('C:\\xampp\\htdocs...')
#2 C:\xampp\htdocs\remsportal\vendor\codeigniter4\framework\system\View\View.php(213): CodeIgniter\View\View->CodeIgniter\View\{closure}()
#3 C:\xampp\htdocs\remsportal\vendor\codeigniter4\framework\system\Common.php(1089): CodeIgniter\View\View->render('Home/index', Array, true)
#4 C:\xampp\htdocs\remsportal\app\Controllers\Home.php(59): view('Home/index', Array)
#5 C:\xampp\htdocs\remsportal\vendor\codeigniter4\framework\system\CodeIgniter.php(832): App\Controllers\Home->index()
#6 C:\xampp\htdocs\remsportal\vendor\codeigniter4\framework\system\CodeIgniter.php(419): CodeIgniter\CodeIgniter->runController(Object(App\Controllers\Home))
#7 C:\xampp\htdocs\remsportal\vendor\codeigniter4\framework\system\CodeIgniter.php(326): CodeIgniter\CodeIgniter->handleRequest(NULL, Object(Config\Cache), false)
#8 C:\xampp\htdocs\remsportal\index.php(37): CodeIgniter\CodeIgniter->run()
#9 {main}
CRITICAL - 2023-03-22 14:21:04 --> Undefined variable $allQoutationcountthismonth
#0 C:\xampp\htdocs\remsportal\app\Views\Home\index.php(362): CodeIgniter\Debug\Exceptions->errorHandler(2, 'Undefined varia...', 'C:\\xampp\\htdocs...', 362)
#1 C:\xampp\htdocs\remsportal\vendor\codeigniter4\framework\system\View\View.php(210): include('C:\\xampp\\htdocs...')
#2 C:\xampp\htdocs\remsportal\vendor\codeigniter4\framework\system\View\View.php(213): CodeIgniter\View\View->CodeIgniter\View\{closure}()
#3 C:\xampp\htdocs\remsportal\vendor\codeigniter4\framework\system\Common.php(1089): CodeIgniter\View\View->render('Home/index', Array, true)
#4 C:\xampp\htdocs\remsportal\app\Controllers\Home.php(59): view('Home/index', Array)
#5 C:\xampp\htdocs\remsportal\vendor\codeigniter4\framework\system\CodeIgniter.php(832): App\Controllers\Home->index()
#6 C:\xampp\htdocs\remsportal\vendor\codeigniter4\framework\system\CodeIgniter.php(419): CodeIgniter\CodeIgniter->runController(Object(App\Controllers\Home))
#7 C:\xampp\htdocs\remsportal\vendor\codeigniter4\framework\system\CodeIgniter.php(326): CodeIgniter\CodeIgniter->handleRequest(NULL, Object(Config\Cache), false)
#8 C:\xampp\htdocs\remsportal\index.php(37): CodeIgniter\CodeIgniter->run()
#9 {main}
CRITICAL - 2023-03-22 14:38:36 --> Attempt to read property "profile_image" on null
#0 C:\xampp\htdocs\remsportal\app\Views\Layouts\top-nav.php(25): CodeIgniter\Debug\Exceptions->errorHandler(2, 'Attempt to read...', 'C:\\xampp\\htdocs...', 25)
#1 C:\xampp\htdocs\remsportal\vendor\codeigniter4\framework\system\View\View.php(210): include('C:\\xampp\\htdocs...')
#2 C:\xampp\htdocs\remsportal\vendor\codeigniter4\framework\system\View\View.php(213): CodeIgniter\View\View->CodeIgniter\View\{closure}()
#3 C:\xampp\htdocs\remsportal\vendor\codeigniter4\framework\system\View\View.php(424): CodeIgniter\View\View->render('Layouts/top-nav', NULL, true)
#4 C:\xampp\htdocs\remsportal\app\Views\Layouts\default.php(10): CodeIgniter\View\View->include('Layouts/top-nav')
#5 C:\xampp\htdocs\remsportal\vendor\codeigniter4\framework\system\View\View.php(210): include('C:\\xampp\\htdocs...')
#6 C:\xampp\htdocs\remsportal\vendor\codeigniter4\framework\system\View\View.php(213): CodeIgniter\View\View->CodeIgniter\View\{closure}()
#7 C:\xampp\htdocs\remsportal\vendor\codeigniter4\framework\system\View\View.php(226): CodeIgniter\View\View->render('Layouts/default', Array, true)
#8 C:\xampp\htdocs\remsportal\vendor\codeigniter4\framework\system\Common.php(1089): CodeIgniter\View\View->render('Home/index', Array, true)
#9 C:\xampp\htdocs\remsportal\app\Controllers\Home.php(59): view('Home/index', Array)
#10 C:\xampp\htdocs\remsportal\vendor\codeigniter4\framework\system\CodeIgniter.php(832): App\Controllers\Home->index()
#11 C:\xampp\htdocs\remsportal\vendor\codeigniter4\framework\system\CodeIgniter.php(419): CodeIgniter\CodeIgniter->runController(Object(App\Controllers\Home))
#12 C:\xampp\htdocs\remsportal\vendor\codeigniter4\framework\system\CodeIgniter.php(326): CodeIgniter\CodeIgniter->handleRequest(NULL, Object(Config\Cache), false)
#13 C:\xampp\htdocs\remsportal\index.php(37): CodeIgniter\CodeIgniter->run()
#14 {main}
CRITICAL - 2023-03-22 14:39:31 --> Undefined variable $allQoutationcountthismonth
#0 C:\xampp\htdocs\remsportal\app\Views\Home\index.php(317): CodeIgniter\Debug\Exceptions->errorHandler(2, 'Undefined varia...', 'C:\\xampp\\htdocs...', 317)
#1 C:\xampp\htdocs\remsportal\vendor\codeigniter4\framework\system\View\View.php(210): include('C:\\xampp\\htdocs...')
#2 C:\xampp\htdocs\remsportal\vendor\codeigniter4\framework\system\View\View.php(213): CodeIgniter\View\View->CodeIgniter\View\{closure}()
#3 C:\xampp\htdocs\remsportal\vendor\codeigniter4\framework\system\Common.php(1089): CodeIgniter\View\View->render('Home/index', Array, true)
#4 C:\xampp\htdocs\remsportal\app\Controllers\Home.php(59): view('Home/index', Array)
#5 C:\xampp\htdocs\remsportal\vendor\codeigniter4\framework\system\CodeIgniter.php(832): App\Controllers\Home->index()
#6 C:\xampp\htdocs\remsportal\vendor\codeigniter4\framework\system\CodeIgniter.php(419): CodeIgniter\CodeIgniter->runController(Object(App\Controllers\Home))
#7 C:\xampp\htdocs\remsportal\vendor\codeigniter4\framework\system\CodeIgniter.php(326): CodeIgniter\CodeIgniter->handleRequest(NULL, Object(Config\Cache), false)
#8 C:\xampp\htdocs\remsportal\index.php(37): CodeIgniter\CodeIgniter->run()
#9 {main}
ERROR - 2023-03-22 15:14:37 --> Error connecting to the database: MySQL server has gone away
CRITICAL - 2023-03-22 15:14:37 --> Unable to connect to the database.
Main connection [MySQLi]: MySQL server has gone away
#0 C:\xampp\htdocs\remsportal\vendor\codeigniter4\framework\system\Database\BaseConnection.php(577): CodeIgniter\Database\BaseConnection->initialize()
#1 C:\xampp\htdocs\remsportal\vendor\codeigniter4\framework\system\Database\BaseBuilder.php(1455): CodeIgniter\Database\BaseConnection->query('SELECT *\nFROM `...', Array, false)
#2 C:\xampp\htdocs\remsportal\vendor\codeigniter4\framework\system\Model.php(142): CodeIgniter\Database\BaseBuilder->get()
#3 C:\xampp\htdocs\remsportal\vendor\codeigniter4\framework\system\BaseModel.php(523): CodeIgniter\Model->doFind(true, '5')
#4 C:\xampp\htdocs\remsportal\app\Libraries\Authentication.php(56): CodeIgniter\BaseModel->find('5')
#5 C:\xampp\htdocs\remsportal\app\Helpers\auth_helper.php(14): App\Libraries\Authentication->getUserRole()
#6 C:\xampp\htdocs\remsportal\app\Controllers\Notification.php(36): current_userRole()
#7 C:\xampp\htdocs\remsportal\vendor\codeigniter4\framework\system\CodeIgniter.php(832): App\Controllers\Notification->refresh_notifications()
#8 C:\xampp\htdocs\remsportal\vendor\codeigniter4\framework\system\CodeIgniter.php(419): CodeIgniter\CodeIgniter->runController(Object(App\Controllers\Notification))
#9 C:\xampp\htdocs\remsportal\vendor\codeigniter4\framework\system\CodeIgniter.php(326): CodeIgniter\CodeIgniter->handleRequest(NULL, Object(Config\Cache), false)
#10 C:\xampp\htdocs\remsportal\index.php(37): CodeIgniter\CodeIgniter->run()
#11 {main}
ERROR - 2023-03-22 15:14:44 --> Error connecting to the database: No connection could be made because the target machine actively refused it
CRITICAL - 2023-03-22 15:14:44 --> Unable to connect to the database.
Main connection [MySQLi]: No connection could be made because the target machine actively refused it
#0 C:\xampp\htdocs\remsportal\vendor\codeigniter4\framework\system\Database\BaseConnection.php(577): CodeIgniter\Database\BaseConnection->initialize()
#1 C:\xampp\htdocs\remsportal\vendor\codeigniter4\framework\system\Database\BaseBuilder.php(1455): CodeIgniter\Database\BaseConnection->query('SELECT *\nFROM `...', Array, false)
#2 C:\xampp\htdocs\remsportal\vendor\codeigniter4\framework\system\Model.php(142): CodeIgniter\Database\BaseBuilder->get()
#3 C:\xampp\htdocs\remsportal\vendor\codeigniter4\framework\system\BaseModel.php(523): CodeIgniter\Model->doFind(true, '5')
#4 C:\xampp\htdocs\remsportal\app\Libraries\Authentication.php(56): CodeIgniter\BaseModel->find('5')
#5 C:\xampp\htdocs\remsportal\app\Helpers\auth_helper.php(14): App\Libraries\Authentication->getUserRole()
#6 C:\xampp\htdocs\remsportal\app\Controllers\Notification.php(36): current_userRole()
#7 C:\xampp\htdocs\remsportal\vendor\codeigniter4\framework\system\CodeIgniter.php(832): App\Controllers\Notification->refresh_notifications()
#8 C:\xampp\htdocs\remsportal\vendor\codeigniter4\framework\system\CodeIgniter.php(419): CodeIgniter\CodeIgniter->runController(Object(App\Controllers\Notification))
#9 C:\xampp\htdocs\remsportal\vendor\codeigniter4\framework\system\CodeIgniter.php(326): CodeIgniter\CodeIgniter->handleRequest(NULL, Object(Config\Cache), false)
#10 C:\xampp\htdocs\remsportal\index.php(37): CodeIgniter\CodeIgniter->run()
#11 {main}
ERROR - 2023-03-22 15:14:49 --> Error connecting to the database: No connection could be made because the target machine actively refused it
CRITICAL - 2023-03-22 15:14:49 --> Unable to connect to the database.
Main connection [MySQLi]: No connection could be made because the target machine actively refused it
#0 C:\xampp\htdocs\remsportal\vendor\codeigniter4\framework\system\Database\BaseConnection.php(577): CodeIgniter\Database\BaseConnection->initialize()
#1 C:\xampp\htdocs\remsportal\vendor\codeigniter4\framework\system\Database\BaseBuilder.php(1455): CodeIgniter\Database\BaseConnection->query('SELECT *\nFROM `...', Array, false)
#2 C:\xampp\htdocs\remsportal\vendor\codeigniter4\framework\system\Model.php(142): CodeIgniter\Database\BaseBuilder->get()
#3 C:\xampp\htdocs\remsportal\vendor\codeigniter4\framework\system\BaseModel.php(523): CodeIgniter\Model->doFind(true, '5')
#4 C:\xampp\htdocs\remsportal\app\Libraries\Authentication.php(56): CodeIgniter\BaseModel->find('5')
#5 C:\xampp\htdocs\remsportal\app\Helpers\auth_helper.php(14): App\Libraries\Authentication->getUserRole()
#6 C:\xampp\htdocs\remsportal\app\Controllers\Notification.php(36): current_userRole()
#7 C:\xampp\htdocs\remsportal\vendor\codeigniter4\framework\system\CodeIgniter.php(832): App\Controllers\Notification->refresh_notifications()
#8 C:\xampp\htdocs\remsportal\vendor\codeigniter4\framework\system\CodeIgniter.php(419): CodeIgniter\CodeIgniter->runController(Object(App\Controllers\Notification))
#9 C:\xampp\htdocs\remsportal\vendor\codeigniter4\framework\system\CodeIgniter.php(326): CodeIgniter\CodeIgniter->handleRequest(NULL, Object(Config\Cache), false)
#10 C:\xampp\htdocs\remsportal\index.php(37): CodeIgniter\CodeIgniter->run()
#11 {main}
ERROR - 2023-03-22 15:14:54 --> Error connecting to the database: No connection could be made because the target machine actively refused it
CRITICAL - 2023-03-22 15:14:54 --> Unable to connect to the database.
Main connection [MySQLi]: No connection could be made because the target machine actively refused it
#0 C:\xampp\htdocs\remsportal\vendor\codeigniter4\framework\system\Database\BaseConnection.php(577): CodeIgniter\Database\BaseConnection->initialize()
#1 C:\xampp\htdocs\remsportal\vendor\codeigniter4\framework\system\Database\BaseBuilder.php(1455): CodeIgniter\Database\BaseConnection->query('SELECT *\nFROM `...', Array, false)
#2 C:\xampp\htdocs\remsportal\vendor\codeigniter4\framework\system\Model.php(142): CodeIgniter\Database\BaseBuilder->get()
#3 C:\xampp\htdocs\remsportal\vendor\codeigniter4\framework\system\BaseModel.php(523): CodeIgniter\Model->doFind(true, '5')
#4 C:\xampp\htdocs\remsportal\app\Libraries\Authentication.php(56): CodeIgniter\BaseModel->find('5')
#5 C:\xampp\htdocs\remsportal\app\Helpers\auth_helper.php(14): App\Libraries\Authentication->getUserRole()
#6 C:\xampp\htdocs\remsportal\app\Controllers\Notification.php(36): current_userRole()
#7 C:\xampp\htdocs\remsportal\vendor\codeigniter4\framework\system\CodeIgniter.php(832): App\Controllers\Notification->refresh_notifications()
#8 C:\xampp\htdocs\remsportal\vendor\codeigniter4\framework\system\CodeIgniter.php(419): CodeIgniter\CodeIgniter->runController(Object(App\Controllers\Notification))
#9 C:\xampp\htdocs\remsportal\vendor\codeigniter4\framework\system\CodeIgniter.php(326): CodeIgniter\CodeIgniter->handleRequest(NULL, Object(Config\Cache), false)
#10 C:\xampp\htdocs\remsportal\index.php(37): CodeIgniter\CodeIgniter->run()
#11 {main}
ERROR - 2023-03-22 15:14:59 --> Error connecting to the database: No connection could be made because the target machine actively refused it
CRITICAL - 2023-03-22 15:14:59 --> Unable to connect to the database.
Main connection [MySQLi]: No connection could be made because the target machine actively refused it
#0 C:\xampp\htdocs\remsportal\vendor\codeigniter4\framework\system\Database\BaseConnection.php(577): CodeIgniter\Database\BaseConnection->initialize()
#1 C:\xampp\htdocs\remsportal\vendor\codeigniter4\framework\system\Database\BaseBuilder.php(1455): CodeIgniter\Database\BaseConnection->query('SELECT *\nFROM `...', Array, false)
#2 C:\xampp\htdocs\remsportal\vendor\codeigniter4\framework\system\Model.php(142): CodeIgniter\Database\BaseBuilder->get()
#3 C:\xampp\htdocs\remsportal\vendor\codeigniter4\framework\system\BaseModel.php(523): CodeIgniter\Model->doFind(true, '5')
#4 C:\xampp\htdocs\remsportal\app\Libraries\Authentication.php(56): CodeIgniter\BaseModel->find('5')
#5 C:\xampp\htdocs\remsportal\app\Helpers\auth_helper.php(14): App\Libraries\Authentication->getUserRole()
#6 C:\xampp\htdocs\remsportal\app\Controllers\Notification.php(36): current_userRole()
#7 C:\xampp\htdocs\remsportal\vendor\codeigniter4\framework\system\CodeIgniter.php(832): App\Controllers\Notification->refresh_notifications()
#8 C:\xampp\htdocs\remsportal\vendor\codeigniter4\framework\system\CodeIgniter.php(419): CodeIgniter\CodeIgniter->runController(Object(App\Controllers\Notification))
#9 C:\xampp\htdocs\remsportal\vendor\codeigniter4\framework\system\CodeIgniter.php(326): CodeIgniter\CodeIgniter->handleRequest(NULL, Object(Config\Cache), false)
#10 C:\xampp\htdocs\remsportal\index.php(37): CodeIgniter\CodeIgniter->run()
#11 {main}
ERROR - 2023-03-22 15:15:04 --> Error connecting to the database: No connection could be made because the target machine actively refused it
CRITICAL - 2023-03-22 15:15:04 --> Unable to connect to the database.
Main connection [MySQLi]: No connection could be made because the target machine actively refused it
#0 C:\xampp\htdocs\remsportal\vendor\codeigniter4\framework\system\Database\BaseConnection.php(577): CodeIgniter\Database\BaseConnection->initialize()
#1 C:\xampp\htdocs\remsportal\vendor\codeigniter4\framework\system\Database\BaseBuilder.php(1455): CodeIgniter\Database\BaseConnection->query('SELECT *\nFROM `...', Array, false)
#2 C:\xampp\htdocs\remsportal\vendor\codeigniter4\framework\system\Model.php(142): CodeIgniter\Database\BaseBuilder->get()
#3 C:\xampp\htdocs\remsportal\vendor\codeigniter4\framework\system\BaseModel.php(523): CodeIgniter\Model->doFind(true, '5')
#4 C:\xampp\htdocs\remsportal\app\Libraries\Authentication.php(56): CodeIgniter\BaseModel->find('5')
#5 C:\xampp\htdocs\remsportal\app\Helpers\auth_helper.php(14): App\Libraries\Authentication->getUserRole()
#6 C:\xampp\htdocs\remsportal\app\Controllers\Notification.php(36): current_userRole()
#7 C:\xampp\htdocs\remsportal\vendor\codeigniter4\framework\system\CodeIgniter.php(832): App\Controllers\Notification->refresh_notifications()
#8 C:\xampp\htdocs\remsportal\vendor\codeigniter4\framework\system\CodeIgniter.php(419): CodeIgniter\CodeIgniter->runController(Object(App\Controllers\Notification))
#9 C:\xampp\htdocs\remsportal\vendor\codeigniter4\framework\system\CodeIgniter.php(326): CodeIgniter\CodeIgniter->handleRequest(NULL, Object(Config\Cache), false)
#10 C:\xampp\htdocs\remsportal\index.php(37): CodeIgniter\CodeIgniter->run()
#11 {main}
ERROR - 2023-03-22 15:15:09 --> Error connecting to the database: No connection could be made because the target machine actively refused it
CRITICAL - 2023-03-22 15:15:09 --> Unable to connect to the database.
Main connection [MySQLi]: No connection could be made because the target machine actively refused it
#0 C:\xampp\htdocs\remsportal\vendor\codeigniter4\framework\system\Database\BaseConnection.php(577): CodeIgniter\Database\BaseConnection->initialize()
#1 C:\xampp\htdocs\remsportal\vendor\codeigniter4\framework\system\Database\BaseBuilder.php(1455): CodeIgniter\Database\BaseConnection->query('SELECT *\nFROM `...', Array, false)
#2 C:\xampp\htdocs\remsportal\vendor\codeigniter4\framework\system\Model.php(142): CodeIgniter\Database\BaseBuilder->get()
#3 C:\xampp\htdocs\remsportal\vendor\codeigniter4\framework\system\BaseModel.php(523): CodeIgniter\Model->doFind(true, '5')
#4 C:\xampp\htdocs\remsportal\app\Libraries\Authentication.php(56): CodeIgniter\BaseModel->find('5')
#5 C:\xampp\htdocs\remsportal\app\Helpers\auth_helper.php(14): App\Libraries\Authentication->getUserRole()
#6 C:\xampp\htdocs\remsportal\app\Controllers\Notification.php(36): current_userRole()
#7 C:\xampp\htdocs\remsportal\vendor\codeigniter4\framework\system\CodeIgniter.php(832): App\Controllers\Notification->refresh_notifications()
#8 C:\xampp\htdocs\remsportal\vendor\codeigniter4\framework\system\CodeIgniter.php(419): CodeIgniter\CodeIgniter->runController(Object(App\Controllers\Notification))
#9 C:\xampp\htdocs\remsportal\vendor\codeigniter4\framework\system\CodeIgniter.php(326): CodeIgniter\CodeIgniter->handleRequest(NULL, Object(Config\Cache), false)
#10 C:\xampp\htdocs\remsportal\index.php(37): CodeIgniter\CodeIgniter->run()
#11 {main}
ERROR - 2023-03-22 15:15:14 --> Error connecting to the database: No connection could be made because the target machine actively refused it
CRITICAL - 2023-03-22 15:15:14 --> Unable to connect to the database.
Main connection [MySQLi]: No connection could be made because the target machine actively refused it
#0 C:\xampp\htdocs\remsportal\vendor\codeigniter4\framework\system\Database\BaseConnection.php(577): CodeIgniter\Database\BaseConnection->initialize()
#1 C:\xampp\htdocs\remsportal\vendor\codeigniter4\framework\system\Database\BaseBuilder.php(1455): CodeIgniter\Database\BaseConnection->query('SELECT *\nFROM `...', Array, false)
#2 C:\xampp\htdocs\remsportal\vendor\codeigniter4\framework\system\Model.php(142): CodeIgniter\Database\BaseBuilder->get()
#3 C:\xampp\htdocs\remsportal\vendor\codeigniter4\framework\system\BaseModel.php(523): CodeIgniter\Model->doFind(true, '5')
#4 C:\xampp\htdocs\remsportal\app\Libraries\Authentication.php(56): CodeIgniter\BaseModel->find('5')
#5 C:\xampp\htdocs\remsportal\app\Helpers\auth_helper.php(14): App\Libraries\Authentication->getUserRole()
#6 C:\xampp\htdocs\remsportal\app\Controllers\Notification.php(36): current_userRole()
#7 C:\xampp\htdocs\remsportal\vendor\codeigniter4\framework\system\CodeIgniter.php(832): App\Controllers\Notification->refresh_notifications()
#8 C:\xampp\htdocs\remsportal\vendor\codeigniter4\framework\system\CodeIgniter.php(419): CodeIgniter\CodeIgniter->runController(Object(App\Controllers\Notification))
#9 C:\xampp\htdocs\remsportal\vendor\codeigniter4\framework\system\CodeIgniter.php(326): CodeIgniter\CodeIgniter->handleRequest(NULL, Object(Config\Cache), false)
#10 C:\xampp\htdocs\remsportal\index.php(37): CodeIgniter\CodeIgniter->run()
#11 {main}
ERROR - 2023-03-22 15:15:18 --> Error connecting to the database: No connection could be made because the target machine actively refused it
CRITICAL - 2023-03-22 15:15:18 --> Unable to connect to the database.
Main connection [MySQLi]: No connection could be made because the target machine actively refused it
#0 C:\xampp\htdocs\remsportal\vendor\codeigniter4\framework\system\Database\BaseConnection.php(577): CodeIgniter\Database\BaseConnection->initialize()
#1 C:\xampp\htdocs\remsportal\vendor\codeigniter4\framework\system\Database\BaseBuilder.php(1455): CodeIgniter\Database\BaseConnection->query('SELECT *\nFROM `...', Array, false)
#2 C:\xampp\htdocs\remsportal\vendor\codeigniter4\framework\system\Model.php(142): CodeIgniter\Database\BaseBuilder->get()
#3 C:\xampp\htdocs\remsportal\vendor\codeigniter4\framework\system\BaseModel.php(523): CodeIgniter\Model->doFind(true, '1')
#4 C:\xampp\htdocs\remsportal\app\Libraries\Authentication.php(56): CodeIgniter\BaseModel->find('1')
#5 C:\xampp\htdocs\remsportal\app\Helpers\auth_helper.php(14): App\Libraries\Authentication->getUserRole()
#6 C:\xampp\htdocs\remsportal\app\Controllers\Notification.php(36): current_userRole()
#7 C:\xampp\htdocs\remsportal\vendor\codeigniter4\framework\system\CodeIgniter.php(832): App\Controllers\Notification->refresh_notifications()
#8 C:\xampp\htdocs\remsportal\vendor\codeigniter4\framework\system\CodeIgniter.php(419): CodeIgniter\CodeIgniter->runController(Object(App\Controllers\Notification))
#9 C:\xampp\htdocs\remsportal\vendor\codeigniter4\framework\system\CodeIgniter.php(326): CodeIgniter\CodeIgniter->handleRequest(NULL, Object(Config\Cache), false)
#10 C:\xampp\htdocs\remsportal\index.php(37): CodeIgniter\CodeIgniter->run()
#11 {main}
ERROR - 2023-03-22 15:15:19 --> Error connecting to the database: No connection could be made because the target machine actively refused it
CRITICAL - 2023-03-22 15:15:19 --> Unable to connect to the database.
Main connection [MySQLi]: No connection could be made because the target machine actively refused it
#0 C:\xampp\htdocs\remsportal\vendor\codeigniter4\framework\system\Database\BaseConnection.php(577): CodeIgniter\Database\BaseConnection->initialize()
#1 C:\xampp\htdocs\remsportal\vendor\codeigniter4\framework\system\Database\BaseBuilder.php(1455): CodeIgniter\Database\BaseConnection->query('SELECT *\nFROM `...', Array, false)
#2 C:\xampp\htdocs\remsportal\vendor\codeigniter4\framework\system\Model.php(142): CodeIgniter\Database\BaseBuilder->get()
#3 C:\xampp\htdocs\remsportal\vendor\codeigniter4\framework\system\BaseModel.php(523): CodeIgniter\Model->doFind(true, '5')
#4 C:\xampp\htdocs\remsportal\app\Libraries\Authentication.php(56): CodeIgniter\BaseModel->find('5')
#5 C:\xampp\htdocs\remsportal\app\Helpers\auth_helper.php(14): App\Libraries\Authentication->getUserRole()
#6 C:\xampp\htdocs\remsportal\app\Controllers\Notification.php(36): current_userRole()
#7 C:\xampp\htdocs\remsportal\vendor\codeigniter4\framework\system\CodeIgniter.php(832): App\Controllers\Notification->refresh_notifications()
#8 C:\xampp\htdocs\remsportal\vendor\codeigniter4\framework\system\CodeIgniter.php(419): CodeIgniter\CodeIgniter->runController(Object(App\Controllers\Notification))
#9 C:\xampp\htdocs\remsportal\vendor\codeigniter4\framework\system\CodeIgniter.php(326): CodeIgniter\CodeIgniter->handleRequest(NULL, Object(Config\Cache), false)
#10 C:\xampp\htdocs\remsportal\index.php(37): CodeIgniter\CodeIgniter->run()
#11 {main}
ERROR - 2023-03-22 15:15:24 --> Error connecting to the database: No connection could be made because the target machine actively refused it
CRITICAL - 2023-03-22 15:15:24 --> Unable to connect to the database.
Main connection [MySQLi]: No connection could be made because the target machine actively refused it
#0 C:\xampp\htdocs\remsportal\vendor\codeigniter4\framework\system\Database\BaseConnection.php(577): CodeIgniter\Database\BaseConnection->initialize()
#1 C:\xampp\htdocs\remsportal\vendor\codeigniter4\framework\system\Database\BaseBuilder.php(1455): CodeIgniter\Database\BaseConnection->query('SELECT *\nFROM `...', Array, false)
#2 C:\xampp\htdocs\remsportal\vendor\codeigniter4\framework\system\Model.php(142): CodeIgniter\Database\BaseBuilder->get()
#3 C:\xampp\htdocs\remsportal\vendor\codeigniter4\framework\system\BaseModel.php(523): CodeIgniter\Model->doFind(true, '5')
#4 C:\xampp\htdocs\remsportal\app\Libraries\Authentication.php(56): CodeIgniter\BaseModel->find('5')
#5 C:\xampp\htdocs\remsportal\app\Helpers\auth_helper.php(14): App\Libraries\Authentication->getUserRole()
#6 C:\xampp\htdocs\remsportal\app\Controllers\Notification.php(36): current_userRole()
#7 C:\xampp\htdocs\remsportal\vendor\codeigniter4\framework\system\CodeIgniter.php(832): App\Controllers\Notification->refresh_notifications()
#8 C:\xampp\htdocs\remsportal\vendor\codeigniter4\framework\system\CodeIgniter.php(419): CodeIgniter\CodeIgniter->runController(Object(App\Controllers\Notification))
#9 C:\xampp\htdocs\remsportal\vendor\codeigniter4\framework\system\CodeIgniter.php(326): CodeIgniter\CodeIgniter->handleRequest(NULL, Object(Config\Cache), false)
#10 C:\xampp\htdocs\remsportal\index.php(37): CodeIgniter\CodeIgniter->run()
#11 {main}
ERROR - 2023-03-22 15:15:29 --> Error connecting to the database: No connection could be made because the target machine actively refused it
CRITICAL - 2023-03-22 15:15:29 --> Unable to connect to the database.
Main connection [MySQLi]: No connection could be made because the target machine actively refused it
#0 C:\xampp\htdocs\remsportal\vendor\codeigniter4\framework\system\Database\BaseConnection.php(577): CodeIgniter\Database\BaseConnection->initialize()
#1 C:\xampp\htdocs\remsportal\vendor\codeigniter4\framework\system\Database\BaseBuilder.php(1455): CodeIgniter\Database\BaseConnection->query('SELECT *\nFROM `...', Array, false)
#2 C:\xampp\htdocs\remsportal\vendor\codeigniter4\framework\system\Model.php(142): CodeIgniter\Database\BaseBuilder->get()
#3 C:\xampp\htdocs\remsportal\vendor\codeigniter4\framework\system\BaseModel.php(523): CodeIgniter\Model->doFind(true, '5')
#4 C:\xampp\htdocs\remsportal\app\Libraries\Authentication.php(56): CodeIgniter\BaseModel->find('5')
#5 C:\xampp\htdocs\remsportal\app\Helpers\auth_helper.php(14): App\Libraries\Authentication->getUserRole()
#6 C:\xampp\htdocs\remsportal\app\Controllers\Notification.php(36): current_userRole()
#7 C:\xampp\htdocs\remsportal\vendor\codeigniter4\framework\system\CodeIgniter.php(832): App\Controllers\Notification->refresh_notifications()
#8 C:\xampp\htdocs\remsportal\vendor\codeigniter4\framework\system\CodeIgniter.php(419): CodeIgniter\CodeIgniter->runController(Object(App\Controllers\Notification))
#9 C:\xampp\htdocs\remsportal\vendor\codeigniter4\framework\system\CodeIgniter.php(326): CodeIgniter\CodeIgniter->handleRequest(NULL, Object(Config\Cache), false)
#10 C:\xampp\htdocs\remsportal\index.php(37): CodeIgniter\CodeIgniter->run()
#11 {main}
ERROR - 2023-03-22 15:15:34 --> Error connecting to the database: No connection could be made because the target machine actively refused it
CRITICAL - 2023-03-22 15:15:34 --> Unable to connect to the database.
Main connection [MySQLi]: No connection could be made because the target machine actively refused it
#0 C:\xampp\htdocs\remsportal\vendor\codeigniter4\framework\system\Database\BaseConnection.php(577): CodeIgniter\Database\BaseConnection->initialize()
#1 C:\xampp\htdocs\remsportal\vendor\codeigniter4\framework\system\Database\BaseBuilder.php(1455): CodeIgniter\Database\BaseConnection->query('SELECT *\nFROM `...', Array, false)
#2 C:\xampp\htdocs\remsportal\vendor\codeigniter4\framework\system\Model.php(142): CodeIgniter\Database\BaseBuilder->get()
#3 C:\xampp\htdocs\remsportal\vendor\codeigniter4\framework\system\BaseModel.php(523): CodeIgniter\Model->doFind(true, '5')
#4 C:\xampp\htdocs\remsportal\app\Libraries\Authentication.php(56): CodeIgniter\BaseModel->find('5')
#5 C:\xampp\htdocs\remsportal\app\Helpers\auth_helper.php(14): App\Libraries\Authentication->getUserRole()
#6 C:\xampp\htdocs\remsportal\app\Controllers\Notification.php(36): current_userRole()
#7 C:\xampp\htdocs\remsportal\vendor\codeigniter4\framework\system\CodeIgniter.php(832): App\Controllers\Notification->refresh_notifications()
#8 C:\xampp\htdocs\remsportal\vendor\codeigniter4\framework\system\CodeIgniter.php(419): CodeIgniter\CodeIgniter->runController(Object(App\Controllers\Notification))
#9 C:\xampp\htdocs\remsportal\vendor\codeigniter4\framework\system\CodeIgniter.php(326): CodeIgniter\CodeIgniter->handleRequest(NULL, Object(Config\Cache), false)
#10 C:\xampp\htdocs\remsportal\index.php(37): CodeIgniter\CodeIgniter->run()
#11 {main}
ERROR - 2023-03-22 15:15:39 --> Error connecting to the database: No connection could be made because the target machine actively refused it
CRITICAL - 2023-03-22 15:15:39 --> Unable to connect to the database.
Main connection [MySQLi]: No connection could be made because the target machine actively refused it
#0 C:\xampp\htdocs\remsportal\vendor\codeigniter4\framework\system\Database\BaseConnection.php(577): CodeIgniter\Database\BaseConnection->initialize()
#1 C:\xampp\htdocs\remsportal\vendor\codeigniter4\framework\system\Database\BaseBuilder.php(1455): CodeIgniter\Database\BaseConnection->query('SELECT *\nFROM `...', Array, false)
#2 C:\xampp\htdocs\remsportal\vendor\codeigniter4\framework\system\Model.php(142): CodeIgniter\Database\BaseBuilder->get()
#3 C:\xampp\htdocs\remsportal\vendor\codeigniter4\framework\system\BaseModel.php(523): CodeIgniter\Model->doFind(true, '5')
#4 C:\xampp\htdocs\remsportal\app\Libraries\Authentication.php(56): CodeIgniter\BaseModel->find('5')
#5 C:\xampp\htdocs\remsportal\app\Helpers\auth_helper.php(14): App\Libraries\Authentication->getUserRole()
#6 C:\xampp\htdocs\remsportal\app\Controllers\Notification.php(36): current_userRole()
#7 C:\xampp\htdocs\remsportal\vendor\codeigniter4\framework\system\CodeIgniter.php(832): App\Controllers\Notification->refresh_notifications()
#8 C:\xampp\htdocs\remsportal\vendor\codeigniter4\framework\system\CodeIgniter.php(419): CodeIgniter\CodeIgniter->runController(Object(App\Controllers\Notification))
#9 C:\xampp\htdocs\remsportal\vendor\codeigniter4\framework\system\CodeIgniter.php(326): CodeIgniter\CodeIgniter->handleRequest(NULL, Object(Config\Cache), false)
#10 C:\xampp\htdocs\remsportal\index.php(37): CodeIgniter\CodeIgniter->run()
#11 {main}
ERROR - 2023-03-22 15:15:44 --> Error connecting to the database: No connection could be made because the target machine actively refused it
CRITICAL - 2023-03-22 15:15:44 --> Unable to connect to the database.
Main connection [MySQLi]: No connection could be made because the target machine actively refused it
#0 C:\xampp\htdocs\remsportal\vendor\codeigniter4\framework\system\Database\BaseConnection.php(577): CodeIgniter\Database\BaseConnection->initialize()
#1 C:\xampp\htdocs\remsportal\vendor\codeigniter4\framework\system\Database\BaseBuilder.php(1455): CodeIgniter\Database\BaseConnection->query('SELECT *\nFROM `...', Array, false)
#2 C:\xampp\htdocs\remsportal\vendor\codeigniter4\framework\system\Model.php(142): CodeIgniter\Database\BaseBuilder->get()
#3 C:\xampp\htdocs\remsportal\vendor\codeigniter4\framework\system\BaseModel.php(523): CodeIgniter\Model->doFind(true, '5')
#4 C:\xampp\htdocs\remsportal\app\Libraries\Authentication.php(56): CodeIgniter\BaseModel->find('5')
#5 C:\xampp\htdocs\remsportal\app\Helpers\auth_helper.php(14): App\Libraries\Authentication->getUserRole()
#6 C:\xampp\htdocs\remsportal\app\Controllers\Notification.php(36): current_userRole()
#7 C:\xampp\htdocs\remsportal\vendor\codeigniter4\framework\system\CodeIgniter.php(832): App\Controllers\Notification->refresh_notifications()
#8 C:\xampp\htdocs\remsportal\vendor\codeigniter4\framework\system\CodeIgniter.php(419): CodeIgniter\CodeIgniter->runController(Object(App\Controllers\Notification))
#9 C:\xampp\htdocs\remsportal\vendor\codeigniter4\framework\system\CodeIgniter.php(326): CodeIgniter\CodeIgniter->handleRequest(NULL, Object(Config\Cache), false)
#10 C:\xampp\htdocs\remsportal\index.php(37): CodeIgniter\CodeIgniter->run()
#11 {main}
ERROR - 2023-03-22 15:15:49 --> Error connecting to the database: No connection could be made because the target machine actively refused it
CRITICAL - 2023-03-22 15:15:49 --> Unable to connect to the database.
Main connection [MySQLi]: No connection could be made because the target machine actively refused it
#0 C:\xampp\htdocs\remsportal\vendor\codeigniter4\framework\system\Database\BaseConnection.php(577): CodeIgniter\Database\BaseConnection->initialize()
#1 C:\xampp\htdocs\remsportal\vendor\codeigniter4\framework\system\Database\BaseBuilder.php(1455): CodeIgniter\Database\BaseConnection->query('SELECT *\nFROM `...', Array, false)
#2 C:\xampp\htdocs\remsportal\vendor\codeigniter4\framework\system\Model.php(142): CodeIgniter\Database\BaseBuilder->get()
#3 C:\xampp\htdocs\remsportal\vendor\codeigniter4\framework\system\BaseModel.php(523): CodeIgniter\Model->doFind(true, '5')
#4 C:\xampp\htdocs\remsportal\app\Libraries\Authentication.php(56): CodeIgniter\BaseModel->find('5')
#5 C:\xampp\htdocs\remsportal\app\Helpers\auth_helper.php(14): App\Libraries\Authentication->getUserRole()
#6 C:\xampp\htdocs\remsportal\app\Controllers\Notification.php(36): current_userRole()
#7 C:\xampp\htdocs\remsportal\vendor\codeigniter4\framework\system\CodeIgniter.php(832): App\Controllers\Notification->refresh_notifications()
#8 C:\xampp\htdocs\remsportal\vendor\codeigniter4\framework\system\CodeIgniter.php(419): CodeIgniter\CodeIgniter->runController(Object(App\Controllers\Notification))
#9 C:\xampp\htdocs\remsportal\vendor\codeigniter4\framework\system\CodeIgniter.php(326): CodeIgniter\CodeIgniter->handleRequest(NULL, Object(Config\Cache), false)
#10 C:\xampp\htdocs\remsportal\index.php(37): CodeIgniter\CodeIgniter->run()
#11 {main}
ERROR - 2023-03-22 15:15:54 --> Error connecting to the database: No connection could be made because the target machine actively refused it
CRITICAL - 2023-03-22 15:15:54 --> Unable to connect to the database.
Main connection [MySQLi]: No connection could be made because the target machine actively refused it
#0 C:\xampp\htdocs\remsportal\vendor\codeigniter4\framework\system\Database\BaseConnection.php(577): CodeIgniter\Database\BaseConnection->initialize()
#1 C:\xampp\htdocs\remsportal\vendor\codeigniter4\framework\system\Database\BaseBuilder.php(1455): CodeIgniter\Database\BaseConnection->query('SELECT *\nFROM `...', Array, false)
#2 C:\xampp\htdocs\remsportal\vendor\codeigniter4\framework\system\Model.php(142): CodeIgniter\Database\BaseBuilder->get()
#3 C:\xampp\htdocs\remsportal\vendor\codeigniter4\framework\system\BaseModel.php(523): CodeIgniter\Model->doFind(true, '5')
#4 C:\xampp\htdocs\remsportal\app\Libraries\Authentication.php(56): CodeIgniter\BaseModel->find('5')
#5 C:\xampp\htdocs\remsportal\app\Helpers\auth_helper.php(14): App\Libraries\Authentication->getUserRole()
#6 C:\xampp\htdocs\remsportal\app\Controllers\Notification.php(36): current_userRole()
#7 C:\xampp\htdocs\remsportal\vendor\codeigniter4\framework\system\CodeIgniter.php(832): App\Controllers\Notification->refresh_notifications()
#8 C:\xampp\htdocs\remsportal\vendor\codeigniter4\framework\system\CodeIgniter.php(419): CodeIgniter\CodeIgniter->runController(Object(App\Controllers\Notification))
#9 C:\xampp\htdocs\remsportal\vendor\codeigniter4\framework\system\CodeIgniter.php(326): CodeIgniter\CodeIgniter->handleRequest(NULL, Object(Config\Cache), false)
#10 C:\xampp\htdocs\remsportal\index.php(37): CodeIgniter\CodeIgniter->run()
#11 {main}
ERROR - 2023-03-22 15:15:59 --> Error connecting to the database: No connection could be made because the target machine actively refused it
CRITICAL - 2023-03-22 15:15:59 --> Unable to connect to the database.
Main connection [MySQLi]: No connection could be made because the target machine actively refused it
#0 C:\xampp\htdocs\remsportal\vendor\codeigniter4\framework\system\Database\BaseConnection.php(577): CodeIgniter\Database\BaseConnection->initialize()
#1 C:\xampp\htdocs\remsportal\vendor\codeigniter4\framework\system\Database\BaseBuilder.php(1455): CodeIgniter\Database\BaseConnection->query('SELECT *\nFROM `...', Array, false)
#2 C:\xampp\htdocs\remsportal\vendor\codeigniter4\framework\system\Model.php(142): CodeIgniter\Database\BaseBuilder->get()
#3 C:\xampp\htdocs\remsportal\vendor\codeigniter4\framework\system\BaseModel.php(523): CodeIgniter\Model->doFind(true, '5')
#4 C:\xampp\htdocs\remsportal\app\Libraries\Authentication.php(56): CodeIgniter\BaseModel->find('5')
#5 C:\xampp\htdocs\remsportal\app\Helpers\auth_helper.php(14): App\Libraries\Authentication->getUserRole()
#6 C:\xampp\htdocs\remsportal\app\Controllers\Notification.php(36): current_userRole()
#7 C:\xampp\htdocs\remsportal\vendor\codeigniter4\framework\system\CodeIgniter.php(832): App\Controllers\Notification->refresh_notifications()
#8 C:\xampp\htdocs\remsportal\vendor\codeigniter4\framework\system\CodeIgniter.php(419): CodeIgniter\CodeIgniter->runController(Object(App\Controllers\Notification))
#9 C:\xampp\htdocs\remsportal\vendor\codeigniter4\framework\system\CodeIgniter.php(326): CodeIgniter\CodeIgniter->handleRequest(NULL, Object(Config\Cache), false)
#10 C:\xampp\htdocs\remsportal\index.php(37): CodeIgniter\CodeIgniter->run()
#11 {main}
ERROR - 2023-03-22 15:16:04 --> Error connecting to the database: No connection could be made because the target machine actively refused it
CRITICAL - 2023-03-22 15:16:04 --> Unable to connect to the database.
Main connection [MySQLi]: No connection could be made because the target machine actively refused it
#0 C:\xampp\htdocs\remsportal\vendor\codeigniter4\framework\system\Database\BaseConnection.php(577): CodeIgniter\Database\BaseConnection->initialize()
#1 C:\xampp\htdocs\remsportal\vendor\codeigniter4\framework\system\Database\BaseBuilder.php(1455): CodeIgniter\Database\BaseConnection->query('SELECT *\nFROM `...', Array, false)
#2 C:\xampp\htdocs\remsportal\vendor\codeigniter4\framework\system\Model.php(142): CodeIgniter\Database\BaseBuilder->get()
#3 C:\xampp\htdocs\remsportal\vendor\codeigniter4\framework\system\BaseModel.php(523): CodeIgniter\Model->doFind(true, '5')
#4 C:\xampp\htdocs\remsportal\app\Libraries\Authentication.php(56): CodeIgniter\BaseModel->find('5')
#5 C:\xampp\htdocs\remsportal\app\Helpers\auth_helper.php(14): App\Libraries\Authentication->getUserRole()
#6 C:\xampp\htdocs\remsportal\app\Controllers\Notification.php(36): current_userRole()
#7 C:\xampp\htdocs\remsportal\vendor\codeigniter4\framework\system\CodeIgniter.php(832): App\Controllers\Notification->refresh_notifications()
#8 C:\xampp\htdocs\remsportal\vendor\codeigniter4\framework\system\CodeIgniter.php(419): CodeIgniter\CodeIgniter->runController(Object(App\Controllers\Notification))
#9 C:\xampp\htdocs\remsportal\vendor\codeigniter4\framework\system\CodeIgniter.php(326): CodeIgniter\CodeIgniter->handleRequest(NULL, Object(Config\Cache), false)
#10 C:\xampp\htdocs\remsportal\index.php(37): CodeIgniter\CodeIgniter->run()
#11 {main}
ERROR - 2023-03-22 15:16:09 --> Error connecting to the database: No connection could be made because the target machine actively refused it
CRITICAL - 2023-03-22 15:16:09 --> Unable to connect to the database.
Main connection [MySQLi]: No connection could be made because the target machine actively refused it
#0 C:\xampp\htdocs\remsportal\vendor\codeigniter4\framework\system\Database\BaseConnection.php(577): CodeIgniter\Database\BaseConnection->initialize()
#1 C:\xampp\htdocs\remsportal\vendor\codeigniter4\framework\system\Database\BaseBuilder.php(1455): CodeIgniter\Database\BaseConnection->query('SELECT *\nFROM `...', Array, false)
#2 C:\xampp\htdocs\remsportal\vendor\codeigniter4\framework\system\Model.php(142): CodeIgniter\Database\BaseBuilder->get()
#3 C:\xampp\htdocs\remsportal\vendor\codeigniter4\framework\system\BaseModel.php(523): CodeIgniter\Model->doFind(true, '5')
#4 C:\xampp\htdocs\remsportal\app\Libraries\Authentication.php(56): CodeIgniter\BaseModel->find('5')
#5 C:\xampp\htdocs\remsportal\app\Helpers\auth_helper.php(14): App\Libraries\Authentication->getUserRole()
#6 C:\xampp\htdocs\remsportal\app\Controllers\Notification.php(36): current_userRole()
#7 C:\xampp\htdocs\remsportal\vendor\codeigniter4\framework\system\CodeIgniter.php(832): App\Controllers\Notification->refresh_notifications()
#8 C:\xampp\htdocs\remsportal\vendor\codeigniter4\framework\system\CodeIgniter.php(419): CodeIgniter\CodeIgniter->runController(Object(App\Controllers\Notification))
#9 C:\xampp\htdocs\remsportal\vendor\codeigniter4\framework\system\CodeIgniter.php(326): CodeIgniter\CodeIgniter->handleRequest(NULL, Object(Config\Cache), false)
#10 C:\xampp\htdocs\remsportal\index.php(37): CodeIgniter\CodeIgniter->run()
#11 {main}
ERROR - 2023-03-22 15:16:14 --> Error connecting to the database: No connection could be made because the target machine actively refused it
CRITICAL - 2023-03-22 15:16:14 --> Unable to connect to the database.
Main connection [MySQLi]: No connection could be made because the target machine actively refused it
#0 C:\xampp\htdocs\remsportal\vendor\codeigniter4\framework\system\Database\BaseConnection.php(577): CodeIgniter\Database\BaseConnection->initialize()
#1 C:\xampp\htdocs\remsportal\vendor\codeigniter4\framework\system\Database\BaseBuilder.php(1455): CodeIgniter\Database\BaseConnection->query('SELECT *\nFROM `...', Array, false)
#2 C:\xampp\htdocs\remsportal\vendor\codeigniter4\framework\system\Model.php(142): CodeIgniter\Database\BaseBuilder->get()
#3 C:\xampp\htdocs\remsportal\vendor\codeigniter4\framework\system\BaseModel.php(523): CodeIgniter\Model->doFind(true, '5')
#4 C:\xampp\htdocs\remsportal\app\Libraries\Authentication.php(56): CodeIgniter\BaseModel->find('5')
#5 C:\xampp\htdocs\remsportal\app\Helpers\auth_helper.php(14): App\Libraries\Authentication->getUserRole()
#6 C:\xampp\htdocs\remsportal\app\Controllers\Notification.php(36): current_userRole()
#7 C:\xampp\htdocs\remsportal\vendor\codeigniter4\framework\system\CodeIgniter.php(832): App\Controllers\Notification->refresh_notifications()
#8 C:\xampp\htdocs\remsportal\vendor\codeigniter4\framework\system\CodeIgniter.php(419): CodeIgniter\CodeIgniter->runController(Object(App\Controllers\Notification))
#9 C:\xampp\htdocs\remsportal\vendor\codeigniter4\framework\system\CodeIgniter.php(326): CodeIgniter\CodeIgniter->handleRequest(NULL, Object(Config\Cache), false)
#10 C:\xampp\htdocs\remsportal\index.php(37): CodeIgniter\CodeIgniter->run()
#11 {main}
ERROR - 2023-03-22 15:16:18 --> Error connecting to the database: No connection could be made because the target machine actively refused it
CRITICAL - 2023-03-22 15:16:18 --> Unable to connect to the database.
Main connection [MySQLi]: No connection could be made because the target machine actively refused it
#0 C:\xampp\htdocs\remsportal\vendor\codeigniter4\framework\system\Database\BaseConnection.php(577): CodeIgniter\Database\BaseConnection->initialize()
#1 C:\xampp\htdocs\remsportal\vendor\codeigniter4\framework\system\Database\BaseBuilder.php(1455): CodeIgniter\Database\BaseConnection->query('SELECT *\nFROM `...', Array, false)
#2 C:\xampp\htdocs\remsportal\vendor\codeigniter4\framework\system\Model.php(142): CodeIgniter\Database\BaseBuilder->get()
#3 C:\xampp\htdocs\remsportal\vendor\codeigniter4\framework\system\BaseModel.php(523): CodeIgniter\Model->doFind(true, '1')
#4 C:\xampp\htdocs\remsportal\app\Libraries\Authentication.php(56): CodeIgniter\BaseModel->find('1')
#5 C:\xampp\htdocs\remsportal\app\Helpers\auth_helper.php(14): App\Libraries\Authentication->getUserRole()
#6 C:\xampp\htdocs\remsportal\app\Controllers\Notification.php(36): current_userRole()
#7 C:\xampp\htdocs\remsportal\vendor\codeigniter4\framework\system\CodeIgniter.php(832): App\Controllers\Notification->refresh_notifications()
#8 C:\xampp\htdocs\remsportal\vendor\codeigniter4\framework\system\CodeIgniter.php(419): CodeIgniter\CodeIgniter->runController(Object(App\Controllers\Notification))
#9 C:\xampp\htdocs\remsportal\vendor\codeigniter4\framework\system\CodeIgniter.php(326): CodeIgniter\CodeIgniter->handleRequest(NULL, Object(Config\Cache), false)
#10 C:\xampp\htdocs\remsportal\index.php(37): CodeIgniter\CodeIgniter->run()
#11 {main}
ERROR - 2023-03-22 15:16:19 --> Error connecting to the database: No connection could be made because the target machine actively refused it
CRITICAL - 2023-03-22 15:16:19 --> Unable to connect to the database.
Main connection [MySQLi]: No connection could be made because the target machine actively refused it
#0 C:\xampp\htdocs\remsportal\vendor\codeigniter4\framework\system\Database\BaseConnection.php(577): CodeIgniter\Database\BaseConnection->initialize()
#1 C:\xampp\htdocs\remsportal\vendor\codeigniter4\framework\system\Database\BaseBuilder.php(1455): CodeIgniter\Database\BaseConnection->query('SELECT *\nFROM `...', Array, false)
#2 C:\xampp\htdocs\remsportal\vendor\codeigniter4\framework\system\Model.php(142): CodeIgniter\Database\BaseBuilder->get()
#3 C:\xampp\htdocs\remsportal\vendor\codeigniter4\framework\system\BaseModel.php(523): CodeIgniter\Model->doFind(true, '5')
#4 C:\xampp\htdocs\remsportal\app\Libraries\Authentication.php(56): CodeIgniter\BaseModel->find('5')
#5 C:\xampp\htdocs\remsportal\app\Helpers\auth_helper.php(14): App\Libraries\Authentication->getUserRole()
#6 C:\xampp\htdocs\remsportal\app\Controllers\Notification.php(36): current_userRole()
#7 C:\xampp\htdocs\remsportal\vendor\codeigniter4\framework\system\CodeIgniter.php(832): App\Controllers\Notification->refresh_notifications()
#8 C:\xampp\htdocs\remsportal\vendor\codeigniter4\framework\system\CodeIgniter.php(419): CodeIgniter\CodeIgniter->runController(Object(App\Controllers\Notification))
#9 C:\xampp\htdocs\remsportal\vendor\codeigniter4\framework\system\CodeIgniter.php(326): CodeIgniter\CodeIgniter->handleRequest(NULL, Object(Config\Cache), false)
#10 C:\xampp\htdocs\remsportal\index.php(37): CodeIgniter\CodeIgniter->run()
#11 {main}
ERROR - 2023-03-22 15:16:24 --> Error connecting to the database: No connection could be made because the target machine actively refused it
CRITICAL - 2023-03-22 15:16:24 --> Unable to connect to the database.
Main connection [MySQLi]: No connection could be made because the target machine actively refused it
#0 C:\xampp\htdocs\remsportal\vendor\codeigniter4\framework\system\Database\BaseConnection.php(577): CodeIgniter\Database\BaseConnection->initialize()
#1 C:\xampp\htdocs\remsportal\vendor\codeigniter4\framework\system\Database\BaseBuilder.php(1455): CodeIgniter\Database\BaseConnection->query('SELECT *\nFROM `...', Array, false)
#2 C:\xampp\htdocs\remsportal\vendor\codeigniter4\framework\system\Model.php(142): CodeIgniter\Database\BaseBuilder->get()
#3 C:\xampp\htdocs\remsportal\vendor\codeigniter4\framework\system\BaseModel.php(523): CodeIgniter\Model->doFind(true, '5')
#4 C:\xampp\htdocs\remsportal\app\Libraries\Authentication.php(56): CodeIgniter\BaseModel->find('5')
#5 C:\xampp\htdocs\remsportal\app\Helpers\auth_helper.php(14): App\Libraries\Authentication->getUserRole()
#6 C:\xampp\htdocs\remsportal\app\Controllers\Notification.php(36): current_userRole()
#7 C:\xampp\htdocs\remsportal\vendor\codeigniter4\framework\system\CodeIgniter.php(832): App\Controllers\Notification->refresh_notifications()
#8 C:\xampp\htdocs\remsportal\vendor\codeigniter4\framework\system\CodeIgniter.php(419): CodeIgniter\CodeIgniter->runController(Object(App\Controllers\Notification))
#9 C:\xampp\htdocs\remsportal\vendor\codeigniter4\framework\system\CodeIgniter.php(326): CodeIgniter\CodeIgniter->handleRequest(NULL, Object(Config\Cache), false)
#10 C:\xampp\htdocs\remsportal\index.php(37): CodeIgniter\CodeIgniter->run()
#11 {main}
ERROR - 2023-03-22 15:16:29 --> Error connecting to the database: No connection could be made because the target machine actively refused it
CRITICAL - 2023-03-22 15:16:29 --> Unable to connect to the database.
Main connection [MySQLi]: No connection could be made because the target machine actively refused it
#0 C:\xampp\htdocs\remsportal\vendor\codeigniter4\framework\system\Database\BaseConnection.php(577): CodeIgniter\Database\BaseConnection->initialize()
#1 C:\xampp\htdocs\remsportal\vendor\codeigniter4\framework\system\Database\BaseBuilder.php(1455): CodeIgniter\Database\BaseConnection->query('SELECT *\nFROM `...', Array, false)
#2 C:\xampp\htdocs\remsportal\vendor\codeigniter4\framework\system\Model.php(142): CodeIgniter\Database\BaseBuilder->get()
#3 C:\xampp\htdocs\remsportal\vendor\codeigniter4\framework\system\BaseModel.php(523): CodeIgniter\Model->doFind(true, '5')
#4 C:\xampp\htdocs\remsportal\app\Libraries\Authentication.php(56): CodeIgniter\BaseModel->find('5')
#5 C:\xampp\htdocs\remsportal\app\Helpers\auth_helper.php(14): App\Libraries\Authentication->getUserRole()
#6 C:\xampp\htdocs\remsportal\app\Controllers\Notification.php(36): current_userRole()
#7 C:\xampp\htdocs\remsportal\vendor\codeigniter4\framework\system\CodeIgniter.php(832): App\Controllers\Notification->refresh_notifications()
#8 C:\xampp\htdocs\remsportal\vendor\codeigniter4\framework\system\CodeIgniter.php(419): CodeIgniter\CodeIgniter->runController(Object(App\Controllers\Notification))
#9 C:\xampp\htdocs\remsportal\vendor\codeigniter4\framework\system\CodeIgniter.php(326): CodeIgniter\CodeIgniter->handleRequest(NULL, Object(Config\Cache), false)
#10 C:\xampp\htdocs\remsportal\index.php(37): CodeIgniter\CodeIgniter->run()
#11 {main}
ERROR - 2023-03-22 15:16:34 --> Error connecting to the database: No connection could be made because the target machine actively refused it
CRITICAL - 2023-03-22 15:16:34 --> Unable to connect to the database.
Main connection [MySQLi]: No connection could be made because the target machine actively refused it
#0 C:\xampp\htdocs\remsportal\vendor\codeigniter4\framework\system\Database\BaseConnection.php(577): CodeIgniter\Database\BaseConnection->initialize()
#1 C:\xampp\htdocs\remsportal\vendor\codeigniter4\framework\system\Database\BaseBuilder.php(1455): CodeIgniter\Database\BaseConnection->query('SELECT *\nFROM `...', Array, false)
#2 C:\xampp\htdocs\remsportal\vendor\codeigniter4\framework\system\Model.php(142): CodeIgniter\Database\BaseBuilder->get()
#3 C:\xampp\htdocs\remsportal\vendor\codeigniter4\framework\system\BaseModel.php(523): CodeIgniter\Model->doFind(true, '5')
#4 C:\xampp\htdocs\remsportal\app\Libraries\Authentication.php(56): CodeIgniter\BaseModel->find('5')
#5 C:\xampp\htdocs\remsportal\app\Helpers\auth_helper.php(14): App\Libraries\Authentication->getUserRole()
#6 C:\xampp\htdocs\remsportal\app\Controllers\Notification.php(36): current_userRole()
#7 C:\xampp\htdocs\remsportal\vendor\codeigniter4\framework\system\CodeIgniter.php(832): App\Controllers\Notification->refresh_notifications()
#8 C:\xampp\htdocs\remsportal\vendor\codeigniter4\framework\system\CodeIgniter.php(419): CodeIgniter\CodeIgniter->runController(Object(App\Controllers\Notification))
#9 C:\xampp\htdocs\remsportal\vendor\codeigniter4\framework\system\CodeIgniter.php(326): CodeIgniter\CodeIgniter->handleRequest(NULL, Object(Config\Cache), false)
#10 C:\xampp\htdocs\remsportal\index.php(37): CodeIgniter\CodeIgniter->run()
#11 {main}
ERROR - 2023-03-22 15:16:39 --> Error connecting to the database: No connection could be made because the target machine actively refused it
CRITICAL - 2023-03-22 15:16:39 --> Unable to connect to the database.
Main connection [MySQLi]: No connection could be made because the target machine actively refused it
#0 C:\xampp\htdocs\remsportal\vendor\codeigniter4\framework\system\Database\BaseConnection.php(577): CodeIgniter\Database\BaseConnection->initialize()
#1 C:\xampp\htdocs\remsportal\vendor\codeigniter4\framework\system\Database\BaseBuilder.php(1455): CodeIgniter\Database\BaseConnection->query('SELECT *\nFROM `...', Array, false)
#2 C:\xampp\htdocs\remsportal\vendor\codeigniter4\framework\system\Model.php(142): CodeIgniter\Database\BaseBuilder->get()
#3 C:\xampp\htdocs\remsportal\vendor\codeigniter4\framework\system\BaseModel.php(523): CodeIgniter\Model->doFind(true, '5')
#4 C:\xampp\htdocs\remsportal\app\Libraries\Authentication.php(56): CodeIgniter\BaseModel->find('5')
#5 C:\xampp\htdocs\remsportal\app\Helpers\auth_helper.php(14): App\Libraries\Authentication->getUserRole()
#6 C:\xampp\htdocs\remsportal\app\Controllers\Notification.php(36): current_userRole()
#7 C:\xampp\htdocs\remsportal\vendor\codeigniter4\framework\system\CodeIgniter.php(832): App\Controllers\Notification->refresh_notifications()
#8 C:\xampp\htdocs\remsportal\vendor\codeigniter4\framework\system\CodeIgniter.php(419): CodeIgniter\CodeIgniter->runController(Object(App\Controllers\Notification))
#9 C:\xampp\htdocs\remsportal\vendor\codeigniter4\framework\system\CodeIgniter.php(326): CodeIgniter\CodeIgniter->handleRequest(NULL, Object(Config\Cache), false)
#10 C:\xampp\htdocs\remsportal\index.php(37): CodeIgniter\CodeIgniter->run()
#11 {main}
ERROR - 2023-03-22 15:16:44 --> Error connecting to the database: No connection could be made because the target machine actively refused it
CRITICAL - 2023-03-22 15:16:44 --> Unable to connect to the database.
Main connection [MySQLi]: No connection could be made because the target machine actively refused it
#0 C:\xampp\htdocs\remsportal\vendor\codeigniter4\framework\system\Database\BaseConnection.php(577): CodeIgniter\Database\BaseConnection->initialize()
#1 C:\xampp\htdocs\remsportal\vendor\codeigniter4\framework\system\Database\BaseBuilder.php(1455): CodeIgniter\Database\BaseConnection->query('SELECT *\nFROM `...', Array, false)
#2 C:\xampp\htdocs\remsportal\vendor\codeigniter4\framework\system\Model.php(142): CodeIgniter\Database\BaseBuilder->get()
#3 C:\xampp\htdocs\remsportal\vendor\codeigniter4\framework\system\BaseModel.php(523): CodeIgniter\Model->doFind(true, '5')
#4 C:\xampp\htdocs\remsportal\app\Libraries\Authentication.php(56): CodeIgniter\BaseModel->find('5')
#5 C:\xampp\htdocs\remsportal\app\Helpers\auth_helper.php(14): App\Libraries\Authentication->getUserRole()
#6 C:\xampp\htdocs\remsportal\app\Controllers\Notification.php(36): current_userRole()
#7 C:\xampp\htdocs\remsportal\vendor\codeigniter4\framework\system\CodeIgniter.php(832): App\Controllers\Notification->refresh_notifications()
#8 C:\xampp\htdocs\remsportal\vendor\codeigniter4\framework\system\CodeIgniter.php(419): CodeIgniter\CodeIgniter->runController(Object(App\Controllers\Notification))
#9 C:\xampp\htdocs\remsportal\vendor\codeigniter4\framework\system\CodeIgniter.php(326): CodeIgniter\CodeIgniter->handleRequest(NULL, Object(Config\Cache), false)
#10 C:\xampp\htdocs\remsportal\index.php(37): CodeIgniter\CodeIgniter->run()
#11 {main}
ERROR - 2023-03-22 15:16:49 --> Error connecting to the database: No connection could be made because the target machine actively refused it
CRITICAL - 2023-03-22 15:16:49 --> Unable to connect to the database.
Main connection [MySQLi]: No connection could be made because the target machine actively refused it
#0 C:\xampp\htdocs\remsportal\vendor\codeigniter4\framework\system\Database\BaseConnection.php(577): CodeIgniter\Database\BaseConnection->initialize()
#1 C:\xampp\htdocs\remsportal\vendor\codeigniter4\framework\system\Database\BaseBuilder.php(1455): CodeIgniter\Database\BaseConnection->query('SELECT *\nFROM `...', Array, false)
#2 C:\xampp\htdocs\remsportal\vendor\codeigniter4\framework\system\Model.php(142): CodeIgniter\Database\BaseBuilder->get()
#3 C:\xampp\htdocs\remsportal\vendor\codeigniter4\framework\system\BaseModel.php(523): CodeIgniter\Model->doFind(true, '5')
#4 C:\xampp\htdocs\remsportal\app\Libraries\Authentication.php(56): CodeIgniter\BaseModel->find('5')
#5 C:\xampp\htdocs\remsportal\app\Helpers\auth_helper.php(14): App\Libraries\Authentication->getUserRole()
#6 C:\xampp\htdocs\remsportal\app\Controllers\Notification.php(36): current_userRole()
#7 C:\xampp\htdocs\remsportal\vendor\codeigniter4\framework\system\CodeIgniter.php(832): App\Controllers\Notification->refresh_notifications()
#8 C:\xampp\htdocs\remsportal\vendor\codeigniter4\framework\system\CodeIgniter.php(419): CodeIgniter\CodeIgniter->runController(Object(App\Controllers\Notification))
#9 C:\xampp\htdocs\remsportal\vendor\codeigniter4\framework\system\CodeIgniter.php(326): CodeIgniter\CodeIgniter->handleRequest(NULL, Object(Config\Cache), false)
#10 C:\xampp\htdocs\remsportal\index.php(37): CodeIgniter\CodeIgniter->run()
#11 {main}
ERROR - 2023-03-22 15:16:54 --> Error connecting to the database: No connection could be made because the target machine actively refused it
CRITICAL - 2023-03-22 15:16:54 --> Unable to connect to the database.
Main connection [MySQLi]: No connection could be made because the target machine actively refused it
#0 C:\xampp\htdocs\remsportal\vendor\codeigniter4\framework\system\Database\BaseConnection.php(577): CodeIgniter\Database\BaseConnection->initialize()
#1 C:\xampp\htdocs\remsportal\vendor\codeigniter4\framework\system\Database\BaseBuilder.php(1455): CodeIgniter\Database\BaseConnection->query('SELECT *\nFROM `...', Array, false)
#2 C:\xampp\htdocs\remsportal\vendor\codeigniter4\framework\system\Model.php(142): CodeIgniter\Database\BaseBuilder->get()
#3 C:\xampp\htdocs\remsportal\vendor\codeigniter4\framework\system\BaseModel.php(523): CodeIgniter\Model->doFind(true, '5')
#4 C:\xampp\htdocs\remsportal\app\Libraries\Authentication.php(56): CodeIgniter\BaseModel->find('5')
#5 C:\xampp\htdocs\remsportal\app\Helpers\auth_helper.php(14): App\Libraries\Authentication->getUserRole()
#6 C:\xampp\htdocs\remsportal\app\Controllers\Notification.php(36): current_userRole()
#7 C:\xampp\htdocs\remsportal\vendor\codeigniter4\framework\system\CodeIgniter.php(832): App\Controllers\Notification->refresh_notifications()
#8 C:\xampp\htdocs\remsportal\vendor\codeigniter4\framework\system\CodeIgniter.php(419): CodeIgniter\CodeIgniter->runController(Object(App\Controllers\Notification))
#9 C:\xampp\htdocs\remsportal\vendor\codeigniter4\framework\system\CodeIgniter.php(326): CodeIgniter\CodeIgniter->handleRequest(NULL, Object(Config\Cache), false)
#10 C:\xampp\htdocs\remsportal\index.php(37): CodeIgniter\CodeIgniter->run()
#11 {main}
ERROR - 2023-03-22 15:16:59 --> Error connecting to the database: No connection could be made because the target machine actively refused it
CRITICAL - 2023-03-22 15:16:59 --> Unable to connect to the database.
Main connection [MySQLi]: No connection could be made because the target machine actively refused it
#0 C:\xampp\htdocs\remsportal\vendor\codeigniter4\framework\system\Database\BaseConnection.php(577): CodeIgniter\Database\BaseConnection->initialize()
#1 C:\xampp\htdocs\remsportal\vendor\codeigniter4\framework\system\Database\BaseBuilder.php(1455): CodeIgniter\Database\BaseConnection->query('SELECT *\nFROM `...', Array, false)
#2 C:\xampp\htdocs\remsportal\vendor\codeigniter4\framework\system\Model.php(142): CodeIgniter\Database\BaseBuilder->get()
#3 C:\xampp\htdocs\remsportal\vendor\codeigniter4\framework\system\BaseModel.php(523): CodeIgniter\Model->doFind(true, '5')
#4 C:\xampp\htdocs\remsportal\app\Libraries\Authentication.php(56): CodeIgniter\BaseModel->find('5')
#5 C:\xampp\htdocs\remsportal\app\Helpers\auth_helper.php(14): App\Libraries\Authentication->getUserRole()
#6 C:\xampp\htdocs\remsportal\app\Controllers\Notification.php(36): current_userRole()
#7 C:\xampp\htdocs\remsportal\vendor\codeigniter4\framework\system\CodeIgniter.php(832): App\Controllers\Notification->refresh_notifications()
#8 C:\xampp\htdocs\remsportal\vendor\codeigniter4\framework\system\CodeIgniter.php(419): CodeIgniter\CodeIgniter->runController(Object(App\Controllers\Notification))
#9 C:\xampp\htdocs\remsportal\vendor\codeigniter4\framework\system\CodeIgniter.php(326): CodeIgniter\CodeIgniter->handleRequest(NULL, Object(Config\Cache), false)
#10 C:\xampp\htdocs\remsportal\index.php(37): CodeIgniter\CodeIgniter->run()
#11 {main}
