CRITICAL - 2023-02-21 02:38:36 --> Undefined variable $clientproject
#0 C:\xampp\htdocs\remsportal\app\Views\ClientProject\index.php(37): CodeIgniter\Debug\Exceptions->errorHandler(2, 'Undefined varia...', 'C:\\xampp\\htdocs...', 37)
#1 C:\xampp\htdocs\remsportal\vendor\codeigniter4\framework\system\View\View.php(210): include('C:\\xampp\\htdocs...')
#2 C:\xampp\htdocs\remsportal\vendor\codeigniter4\framework\system\View\View.php(213): CodeIgniter\View\View->CodeIgniter\View\{closure}()
#3 C:\xampp\htdocs\remsportal\vendor\codeigniter4\framework\system\Common.php(1089): CodeIgniter\View\View->render('ClientProject/i...', Array, true)
#4 C:\xampp\htdocs\remsportal\app\Controllers\ClientProject.php(47): view('ClientProject/i...', Array)
#5 C:\xampp\htdocs\remsportal\vendor\codeigniter4\framework\system\CodeIgniter.php(832): App\Controllers\ClientProject->index()
#6 C:\xampp\htdocs\remsportal\vendor\codeigniter4\framework\system\CodeIgniter.php(419): CodeIgniter\CodeIgniter->runController(Object(App\Controllers\ClientProject))
#7 C:\xampp\htdocs\remsportal\vendor\codeigniter4\framework\system\CodeIgniter.php(326): CodeIgniter\CodeIgniter->handleRequest(NULL, Object(Config\Cache), false)
#8 C:\xampp\htdocs\remsportal\index.php(37): CodeIgniter\CodeIgniter->run()
#9 {main}
CRITICAL - 2023-02-21 02:39:57 --> Undefined variable $projectScope
#0 C:\xampp\htdocs\remsportal\app\Views\ClientProject\index.php(45): CodeIgniter\Debug\Exceptions->errorHandler(2, 'Undefined varia...', 'C:\\xampp\\htdocs...', 45)
#1 C:\xampp\htdocs\remsportal\vendor\codeigniter4\framework\system\View\View.php(210): include('C:\\xampp\\htdocs...')
#2 C:\xampp\htdocs\remsportal\vendor\codeigniter4\framework\system\View\View.php(213): CodeIgniter\View\View->CodeIgniter\View\{closure}()
#3 C:\xampp\htdocs\remsportal\vendor\codeigniter4\framework\system\Common.php(1089): CodeIgniter\View\View->render('ClientProject/i...', Array, true)
#4 C:\xampp\htdocs\remsportal\app\Controllers\ClientProject.php(48): view('ClientProject/i...', Array)
#5 C:\xampp\htdocs\remsportal\vendor\codeigniter4\framework\system\CodeIgniter.php(832): App\Controllers\ClientProject->index()
#6 C:\xampp\htdocs\remsportal\vendor\codeigniter4\framework\system\CodeIgniter.php(419): CodeIgniter\CodeIgniter->runController(Object(App\Controllers\ClientProject))
#7 C:\xampp\htdocs\remsportal\vendor\codeigniter4\framework\system\CodeIgniter.php(326): CodeIgniter\CodeIgniter->handleRequest(NULL, Object(Config\Cache), false)
#8 C:\xampp\htdocs\remsportal\index.php(37): CodeIgniter\CodeIgniter->run()
#9 {main}
CRITICAL - 2023-02-21 02:47:16 --> Undefined array key "id"
#0 C:\xampp\htdocs\remsportal\app\Views\ClientProject\index.php(94): CodeIgniter\Debug\Exceptions->errorHandler(2, 'Undefined array...', 'C:\\xampp\\htdocs...', 94)
#1 C:\xampp\htdocs\remsportal\vendor\codeigniter4\framework\system\View\View.php(210): include('C:\\xampp\\htdocs...')
#2 C:\xampp\htdocs\remsportal\vendor\codeigniter4\framework\system\View\View.php(213): CodeIgniter\View\View->CodeIgniter\View\{closure}()
#3 C:\xampp\htdocs\remsportal\vendor\codeigniter4\framework\system\Common.php(1089): CodeIgniter\View\View->render('ClientProject/i...', Array, true)
#4 C:\xampp\htdocs\remsportal\app\Controllers\ClientProject.php(48): view('ClientProject/i...', Array)
#5 C:\xampp\htdocs\remsportal\vendor\codeigniter4\framework\system\CodeIgniter.php(832): App\Controllers\ClientProject->index()
#6 C:\xampp\htdocs\remsportal\vendor\codeigniter4\framework\system\CodeIgniter.php(419): CodeIgniter\CodeIgniter->runController(Object(App\Controllers\ClientProject))
#7 C:\xampp\htdocs\remsportal\vendor\codeigniter4\framework\system\CodeIgniter.php(326): CodeIgniter\CodeIgniter->handleRequest(NULL, Object(Config\Cache), false)
#8 C:\xampp\htdocs\remsportal\index.php(37): CodeIgniter\CodeIgniter->run()
#9 {main}
CRITICAL - 2023-02-21 03:23:12 --> Undefined array key "id"
#0 C:\xampp\htdocs\remsportal\app\Models\ProjectModel.php(93): CodeIgniter\Debug\Exceptions->errorHandler(2, 'Undefined array...', 'C:\\xampp\\htdocs...', 93)
#1 C:\xampp\htdocs\remsportal\app\Controllers\ClientProject.php(104): App\Models\ProjectModel->assignProject(Array)
#2 C:\xampp\htdocs\remsportal\vendor\codeigniter4\framework\system\CodeIgniter.php(832): App\Controllers\ClientProject->assignProject()
#3 C:\xampp\htdocs\remsportal\vendor\codeigniter4\framework\system\CodeIgniter.php(419): CodeIgniter\CodeIgniter->runController(Object(App\Controllers\ClientProject))
#4 C:\xampp\htdocs\remsportal\vendor\codeigniter4\framework\system\CodeIgniter.php(326): CodeIgniter\CodeIgniter->handleRequest(NULL, Object(Config\Cache), false)
#5 C:\xampp\htdocs\remsportal\index.php(37): CodeIgniter\CodeIgniter->run()
#6 {main}
CRITICAL - 2023-02-21 03:23:36 --> foreach() argument must be of type array|object, null given
#0 C:\xampp\htdocs\remsportal\app\Models\ProjectModel.php(94): CodeIgniter\Debug\Exceptions->errorHandler(2, 'foreach() argum...', 'C:\\xampp\\htdocs...', 94)
#1 C:\xampp\htdocs\remsportal\app\Controllers\ClientProject.php(104): App\Models\ProjectModel->assignProject(Array)
#2 C:\xampp\htdocs\remsportal\vendor\codeigniter4\framework\system\CodeIgniter.php(832): App\Controllers\ClientProject->assignProject()
#3 C:\xampp\htdocs\remsportal\vendor\codeigniter4\framework\system\CodeIgniter.php(419): CodeIgniter\CodeIgniter->runController(Object(App\Controllers\ClientProject))
#4 C:\xampp\htdocs\remsportal\vendor\codeigniter4\framework\system\CodeIgniter.php(326): CodeIgniter\CodeIgniter->handleRequest(NULL, Object(Config\Cache), false)
#5 C:\xampp\htdocs\remsportal\index.php(37): CodeIgniter\CodeIgniter->run()
#6 {main}
CRITICAL - 2023-02-21 03:25:42 --> Trying to access array offset on value of type null
#0 C:\xampp\htdocs\remsportal\app\Models\ProjectModel.php(95): CodeIgniter\Debug\Exceptions->errorHandler(2, 'Trying to acces...', 'C:\\xampp\\htdocs...', 95)
#1 C:\xampp\htdocs\remsportal\app\Controllers\ClientProject.php(104): App\Models\ProjectModel->assignProject(Array)
#2 C:\xampp\htdocs\remsportal\vendor\codeigniter4\framework\system\CodeIgniter.php(832): App\Controllers\ClientProject->assignProject()
#3 C:\xampp\htdocs\remsportal\vendor\codeigniter4\framework\system\CodeIgniter.php(419): CodeIgniter\CodeIgniter->runController(Object(App\Controllers\ClientProject))
#4 C:\xampp\htdocs\remsportal\vendor\codeigniter4\framework\system\CodeIgniter.php(326): CodeIgniter\CodeIgniter->handleRequest(NULL, Object(Config\Cache), false)
#5 C:\xampp\htdocs\remsportal\index.php(37): CodeIgniter\CodeIgniter->run()
#6 {main}
CRITICAL - 2023-02-21 03:33:57 --> Cannot access offset of type string on string
#0 C:\xampp\htdocs\remsportal\app\Controllers\ClientProject.php(105): App\Models\ProjectModel->assignProject(Array)
#1 C:\xampp\htdocs\remsportal\vendor\codeigniter4\framework\system\CodeIgniter.php(832): App\Controllers\ClientProject->assignProject()
#2 C:\xampp\htdocs\remsportal\vendor\codeigniter4\framework\system\CodeIgniter.php(419): CodeIgniter\CodeIgniter->runController(Object(App\Controllers\ClientProject))
#3 C:\xampp\htdocs\remsportal\vendor\codeigniter4\framework\system\CodeIgniter.php(326): CodeIgniter\CodeIgniter->handleRequest(NULL, Object(Config\Cache), false)
#4 C:\xampp\htdocs\remsportal\index.php(37): CodeIgniter\CodeIgniter->run()
#5 {main}
CRITICAL - 2023-02-21 03:35:20 --> foreach() argument must be of type array|object, null given
#0 C:\xampp\htdocs\remsportal\app\Models\ProjectModel.php(94): CodeIgniter\Debug\Exceptions->errorHandler(2, 'foreach() argum...', 'C:\\xampp\\htdocs...', 94)
#1 C:\xampp\htdocs\remsportal\app\Controllers\ClientProject.php(105): App\Models\ProjectModel->assignProject(Array)
#2 C:\xampp\htdocs\remsportal\vendor\codeigniter4\framework\system\CodeIgniter.php(832): App\Controllers\ClientProject->assignProject()
#3 C:\xampp\htdocs\remsportal\vendor\codeigniter4\framework\system\CodeIgniter.php(419): CodeIgniter\CodeIgniter->runController(Object(App\Controllers\ClientProject))
#4 C:\xampp\htdocs\remsportal\vendor\codeigniter4\framework\system\CodeIgniter.php(326): CodeIgniter\CodeIgniter->handleRequest(NULL, Object(Config\Cache), false)
#5 C:\xampp\htdocs\remsportal\index.php(37): CodeIgniter\CodeIgniter->run()
#6 {main}
CRITICAL - 2023-02-21 04:24:13 --> Undefined array key "Project_Id"
#0 C:\xampp\htdocs\remsportal\app\Views\ClientProject\index.php(91): CodeIgniter\Debug\Exceptions->errorHandler(2, 'Undefined array...', 'C:\\xampp\\htdocs...', 91)
#1 C:\xampp\htdocs\remsportal\vendor\codeigniter4\framework\system\View\View.php(210): include('C:\\xampp\\htdocs...')
#2 C:\xampp\htdocs\remsportal\vendor\codeigniter4\framework\system\View\View.php(213): CodeIgniter\View\View->CodeIgniter\View\{closure}()
#3 C:\xampp\htdocs\remsportal\vendor\codeigniter4\framework\system\Common.php(1089): CodeIgniter\View\View->render('ClientProject/i...', Array, true)
#4 C:\xampp\htdocs\remsportal\app\Controllers\ClientProject.php(50): view('ClientProject/i...', Array)
#5 C:\xampp\htdocs\remsportal\vendor\codeigniter4\framework\system\CodeIgniter.php(832): App\Controllers\ClientProject->index()
#6 C:\xampp\htdocs\remsportal\vendor\codeigniter4\framework\system\CodeIgniter.php(419): CodeIgniter\CodeIgniter->runController(Object(App\Controllers\ClientProject))
#7 C:\xampp\htdocs\remsportal\vendor\codeigniter4\framework\system\CodeIgniter.php(326): CodeIgniter\CodeIgniter->handleRequest(NULL, Object(Config\Cache), false)
#8 C:\xampp\htdocs\remsportal\index.php(37): CodeIgniter\CodeIgniter->run()
#9 {main}
CRITICAL - 2023-02-21 04:24:36 --> Cannot access offset of type string on string
#0 C:\xampp\htdocs\remsportal\vendor\codeigniter4\framework\system\View\View.php(210): include()
#1 C:\xampp\htdocs\remsportal\vendor\codeigniter4\framework\system\View\View.php(213): CodeIgniter\View\View->CodeIgniter\View\{closure}()
#2 C:\xampp\htdocs\remsportal\vendor\codeigniter4\framework\system\Common.php(1089): CodeIgniter\View\View->render('ClientProject/i...', Array, true)
#3 C:\xampp\htdocs\remsportal\app\Controllers\ClientProject.php(50): view('ClientProject/i...', Array)
#4 C:\xampp\htdocs\remsportal\vendor\codeigniter4\framework\system\CodeIgniter.php(832): App\Controllers\ClientProject->index()
#5 C:\xampp\htdocs\remsportal\vendor\codeigniter4\framework\system\CodeIgniter.php(419): CodeIgniter\CodeIgniter->runController(Object(App\Controllers\ClientProject))
#6 C:\xampp\htdocs\remsportal\vendor\codeigniter4\framework\system\CodeIgniter.php(326): CodeIgniter\CodeIgniter->handleRequest(NULL, Object(Config\Cache), false)
#7 C:\xampp\htdocs\remsportal\index.php(37): CodeIgniter\CodeIgniter->run()
#8 {main}
CRITICAL - 2023-02-21 04:33:51 --> Cannot access offset of type string on string
#0 C:\xampp\htdocs\remsportal\vendor\codeigniter4\framework\system\View\View.php(210): include()
#1 C:\xampp\htdocs\remsportal\vendor\codeigniter4\framework\system\View\View.php(213): CodeIgniter\View\View->CodeIgniter\View\{closure}()
#2 C:\xampp\htdocs\remsportal\vendor\codeigniter4\framework\system\Common.php(1089): CodeIgniter\View\View->render('ClientProject/i...', Array, true)
#3 C:\xampp\htdocs\remsportal\app\Controllers\ClientProject.php(48): view('ClientProject/i...', Array)
#4 C:\xampp\htdocs\remsportal\vendor\codeigniter4\framework\system\CodeIgniter.php(832): App\Controllers\ClientProject->index()
#5 C:\xampp\htdocs\remsportal\vendor\codeigniter4\framework\system\CodeIgniter.php(419): CodeIgniter\CodeIgniter->runController(Object(App\Controllers\ClientProject))
#6 C:\xampp\htdocs\remsportal\vendor\codeigniter4\framework\system\CodeIgniter.php(326): CodeIgniter\CodeIgniter->handleRequest(NULL, Object(Config\Cache), false)
#7 C:\xampp\htdocs\remsportal\index.php(37): CodeIgniter\CodeIgniter->run()
#8 {main}
CRITICAL - 2023-02-21 07:06:13 --> Attempt to read property "CanViewClientProject" on null
#0 C:\xampp\htdocs\remsportal\app\Controllers\ClientProject.php(17): CodeIgniter\Debug\Exceptions->errorHandler(2, 'Attempt to read...', 'C:\\xampp\\htdocs...', 17)
#1 C:\xampp\htdocs\remsportal\vendor\codeigniter4\framework\system\CodeIgniter.php(832): App\Controllers\ClientProject->index()
#2 C:\xampp\htdocs\remsportal\vendor\codeigniter4\framework\system\CodeIgniter.php(419): CodeIgniter\CodeIgniter->runController(Object(App\Controllers\ClientProject))
#3 C:\xampp\htdocs\remsportal\vendor\codeigniter4\framework\system\CodeIgniter.php(326): CodeIgniter\CodeIgniter->handleRequest(NULL, Object(Config\Cache), false)
#4 C:\xampp\htdocs\remsportal\index.php(37): CodeIgniter\CodeIgniter->run()
#5 {main}
CRITICAL - 2023-02-21 13:28:42 --> Undefined array key "user_id"
#0 C:\xampp\htdocs\remsportal\app\Models\ProjectModel.php(99): CodeIgniter\Debug\Exceptions->errorHandler(2, 'Undefined array...', 'C:\\xampp\\htdocs...', 99)
#1 C:\xampp\htdocs\remsportal\app\Controllers\ClientProject.php(106): App\Models\ProjectModel->assignProject(Array)
#2 C:\xampp\htdocs\remsportal\vendor\codeigniter4\framework\system\CodeIgniter.php(832): App\Controllers\ClientProject->assignProject()
#3 C:\xampp\htdocs\remsportal\vendor\codeigniter4\framework\system\CodeIgniter.php(419): CodeIgniter\CodeIgniter->runController(Object(App\Controllers\ClientProject))
#4 C:\xampp\htdocs\remsportal\vendor\codeigniter4\framework\system\CodeIgniter.php(326): CodeIgniter\CodeIgniter->handleRequest(NULL, Object(Config\Cache), false)
#5 C:\xampp\htdocs\remsportal\index.php(37): CodeIgniter\CodeIgniter->run()
#6 {main}
