CRITICAL - 2023-02-26 07:29:50 --> Attempt to read property "CanAddClientProject" on null
#0 C:\xampp\htdocs\remsportal\app\Controllers\ClientProject.php(49): CodeIgniter\Debug\Exceptions->errorHandler(2, 'Attempt to read...', 'C:\\xampp\\htdocs...', 49)
#1 C:\xampp\htdocs\remsportal\vendor\codeigniter4\framework\system\CodeIgniter.php(832): App\Controllers\ClientProject->new()
#2 C:\xampp\htdocs\remsportal\vendor\codeigniter4\framework\system\CodeIgniter.php(419): CodeIgniter\CodeIgniter->runController(Object(App\Controllers\ClientProject))
#3 C:\xampp\htdocs\remsportal\vendor\codeigniter4\framework\system\CodeIgniter.php(326): CodeIgniter\CodeIgniter->handleRequest(NULL, Object(Config\Cache), false)
#4 C:\xampp\htdocs\remsportal\index.php(37): CodeIgniter\CodeIgniter->run()
#5 {main}
CRITICAL - 2023-02-26 07:31:25 --> Class "App\Models\NotificatinModel" not found
#0 C:\xampp\htdocs\remsportal\app\Controllers\ClientProject.php(102): App\Models\ProjectModel->addNewProject(Array, '30')
#1 C:\xampp\htdocs\remsportal\vendor\codeigniter4\framework\system\CodeIgniter.php(832): App\Controllers\ClientProject->new()
#2 C:\xampp\htdocs\remsportal\vendor\codeigniter4\framework\system\CodeIgniter.php(419): CodeIgniter\CodeIgniter->runController(Object(App\Controllers\ClientProject))
#3 C:\xampp\htdocs\remsportal\vendor\codeigniter4\framework\system\CodeIgniter.php(326): CodeIgniter\CodeIgniter->handleRequest(NULL, Object(Config\Cache), false)
#4 C:\xampp\htdocs\remsportal\index.php(37): CodeIgniter\CodeIgniter->run()
#5 {main}
CRITICAL - 2023-02-26 07:35:38 --> Array to string conversion
#0 C:\xampp\htdocs\remsportal\app\Views\ClientProject\index.php(134): CodeIgniter\Debug\Exceptions->errorHandler(2, 'Array to string...', 'C:\\xampp\\htdocs...', 134)
#1 C:\xampp\htdocs\remsportal\vendor\codeigniter4\framework\system\View\View.php(210): include('C:\\xampp\\htdocs...')
#2 C:\xampp\htdocs\remsportal\vendor\codeigniter4\framework\system\View\View.php(213): CodeIgniter\View\View->CodeIgniter\View\{closure}()
#3 C:\xampp\htdocs\remsportal\vendor\codeigniter4\framework\system\Common.php(1089): CodeIgniter\View\View->render('ClientProject/i...', Array, true)
#4 C:\xampp\htdocs\remsportal\app\Controllers\ClientProject.php(45): view('ClientProject/i...', Array)
#5 C:\xampp\htdocs\remsportal\vendor\codeigniter4\framework\system\CodeIgniter.php(832): App\Controllers\ClientProject->index()
#6 C:\xampp\htdocs\remsportal\vendor\codeigniter4\framework\system\CodeIgniter.php(419): CodeIgniter\CodeIgniter->runController(Object(App\Controllers\ClientProject))
#7 C:\xampp\htdocs\remsportal\vendor\codeigniter4\framework\system\CodeIgniter.php(326): CodeIgniter\CodeIgniter->handleRequest(NULL, Object(Config\Cache), false)
#8 C:\xampp\htdocs\remsportal\index.php(37): CodeIgniter\CodeIgniter->run()
#9 {main}
CRITICAL - 2023-02-26 07:44:03 --> Attempt to read property "CanViewClientProject" on null
#0 C:\xampp\htdocs\remsportal\app\Controllers\ClientProject.php(17): CodeIgniter\Debug\Exceptions->errorHandler(2, 'Attempt to read...', 'C:\\xampp\\htdocs...', 17)
#1 C:\xampp\htdocs\remsportal\vendor\codeigniter4\framework\system\CodeIgniter.php(832): App\Controllers\ClientProject->index()
#2 C:\xampp\htdocs\remsportal\vendor\codeigniter4\framework\system\CodeIgniter.php(419): CodeIgniter\CodeIgniter->runController(Object(App\Controllers\ClientProject))
#3 C:\xampp\htdocs\remsportal\vendor\codeigniter4\framework\system\CodeIgniter.php(326): CodeIgniter\CodeIgniter->handleRequest(NULL, Object(Config\Cache), false)
#4 C:\xampp\htdocs\remsportal\index.php(37): CodeIgniter\CodeIgniter->run()
#5 {main}
CRITICAL - 2023-02-26 07:44:34 --> Undefined variable $users
#0 C:\xampp\htdocs\remsportal\app\Views\Notification\index.php(22): CodeIgniter\Debug\Exceptions->errorHandler(2, 'Undefined varia...', 'C:\\xampp\\htdocs...', 22)
#1 C:\xampp\htdocs\remsportal\vendor\codeigniter4\framework\system\View\View.php(210): include('C:\\xampp\\htdocs...')
#2 C:\xampp\htdocs\remsportal\vendor\codeigniter4\framework\system\View\View.php(213): CodeIgniter\View\View->CodeIgniter\View\{closure}()
#3 C:\xampp\htdocs\remsportal\vendor\codeigniter4\framework\system\Common.php(1089): CodeIgniter\View\View->render('Notification/in...', Array, true)
#4 C:\xampp\htdocs\remsportal\app\Controllers\Notification.php(23): view('Notification/in...')
#5 C:\xampp\htdocs\remsportal\vendor\codeigniter4\framework\system\CodeIgniter.php(832): App\Controllers\Notification->index()
#6 C:\xampp\htdocs\remsportal\vendor\codeigniter4\framework\system\CodeIgniter.php(419): CodeIgniter\CodeIgniter->runController(Object(App\Controllers\Notification))
#7 C:\xampp\htdocs\remsportal\vendor\codeigniter4\framework\system\CodeIgniter.php(326): CodeIgniter\CodeIgniter->handleRequest(NULL, Object(Config\Cache), false)
#8 C:\xampp\htdocs\remsportal\index.php(37): CodeIgniter\CodeIgniter->run()
#9 {main}
CRITICAL - 2023-02-26 08:16:10 --> Undefined array key "unreadNotification"
#0 C:\xampp\htdocs\remsportal\app\Views\Layouts\top-nav.php(15): CodeIgniter\Debug\Exceptions->errorHandler(2, 'Undefined array...', 'C:\\xampp\\htdocs...', 15)
#1 C:\xampp\htdocs\remsportal\vendor\codeigniter4\framework\system\View\View.php(210): include('C:\\xampp\\htdocs...')
#2 C:\xampp\htdocs\remsportal\vendor\codeigniter4\framework\system\View\View.php(213): CodeIgniter\View\View->CodeIgniter\View\{closure}()
#3 C:\xampp\htdocs\remsportal\vendor\codeigniter4\framework\system\View\View.php(424): CodeIgniter\View\View->render('Layouts/top-nav', NULL, true)
#4 C:\xampp\htdocs\remsportal\app\Views\Layouts\default.php(10): CodeIgniter\View\View->include('Layouts/top-nav')
#5 C:\xampp\htdocs\remsportal\vendor\codeigniter4\framework\system\View\View.php(210): include('C:\\xampp\\htdocs...')
#6 C:\xampp\htdocs\remsportal\vendor\codeigniter4\framework\system\View\View.php(213): CodeIgniter\View\View->CodeIgniter\View\{closure}()
#7 C:\xampp\htdocs\remsportal\vendor\codeigniter4\framework\system\View\View.php(226): CodeIgniter\View\View->render('Layouts/default', Array, true)
#8 C:\xampp\htdocs\remsportal\vendor\codeigniter4\framework\system\Common.php(1089): CodeIgniter\View\View->render('Notification/in...', Array, true)
#9 C:\xampp\htdocs\remsportal\app\Controllers\Notification.php(25): view('Notification/in...', Array)
#10 C:\xampp\htdocs\remsportal\vendor\codeigniter4\framework\system\CodeIgniter.php(832): App\Controllers\Notification->index()
#11 C:\xampp\htdocs\remsportal\vendor\codeigniter4\framework\system\CodeIgniter.php(419): CodeIgniter\CodeIgniter->runController(Object(App\Controllers\Notification))
#12 C:\xampp\htdocs\remsportal\vendor\codeigniter4\framework\system\CodeIgniter.php(326): CodeIgniter\CodeIgniter->handleRequest(NULL, Object(Config\Cache), false)
#13 C:\xampp\htdocs\remsportal\index.php(37): CodeIgniter\CodeIgniter->run()
#14 {main}
CRITICAL - 2023-02-26 08:16:35 --> Array to string conversion
#0 C:\xampp\htdocs\remsportal\app\Views\Layouts\top-nav.php(15): CodeIgniter\Debug\Exceptions->errorHandler(2, 'Array to string...', 'C:\\xampp\\htdocs...', 15)
#1 C:\xampp\htdocs\remsportal\vendor\codeigniter4\framework\system\View\View.php(210): include('C:\\xampp\\htdocs...')
#2 C:\xampp\htdocs\remsportal\vendor\codeigniter4\framework\system\View\View.php(213): CodeIgniter\View\View->CodeIgniter\View\{closure}()
#3 C:\xampp\htdocs\remsportal\vendor\codeigniter4\framework\system\View\View.php(424): CodeIgniter\View\View->render('Layouts/top-nav', NULL, true)
#4 C:\xampp\htdocs\remsportal\app\Views\Layouts\default.php(10): CodeIgniter\View\View->include('Layouts/top-nav')
#5 C:\xampp\htdocs\remsportal\vendor\codeigniter4\framework\system\View\View.php(210): include('C:\\xampp\\htdocs...')
#6 C:\xampp\htdocs\remsportal\vendor\codeigniter4\framework\system\View\View.php(213): CodeIgniter\View\View->CodeIgniter\View\{closure}()
#7 C:\xampp\htdocs\remsportal\vendor\codeigniter4\framework\system\View\View.php(226): CodeIgniter\View\View->render('Layouts/default', Array, true)
#8 C:\xampp\htdocs\remsportal\vendor\codeigniter4\framework\system\Common.php(1089): CodeIgniter\View\View->render('Notification/in...', Array, true)
#9 C:\xampp\htdocs\remsportal\app\Controllers\Notification.php(25): view('Notification/in...', Array)
#10 C:\xampp\htdocs\remsportal\vendor\codeigniter4\framework\system\CodeIgniter.php(832): App\Controllers\Notification->index()
#11 C:\xampp\htdocs\remsportal\vendor\codeigniter4\framework\system\CodeIgniter.php(419): CodeIgniter\CodeIgniter->runController(Object(App\Controllers\Notification))
#12 C:\xampp\htdocs\remsportal\vendor\codeigniter4\framework\system\CodeIgniter.php(326): CodeIgniter\CodeIgniter->handleRequest(NULL, Object(Config\Cache), false)
#13 C:\xampp\htdocs\remsportal\index.php(37): CodeIgniter\CodeIgniter->run()
#14 {main}
CRITICAL - 2023-02-26 08:42:24 --> Undefined variable $data
#0 C:\xampp\htdocs\remsportal\app\Controllers\Notification.php(25): CodeIgniter\Debug\Exceptions->errorHandler(2, 'Undefined varia...', 'C:\\xampp\\htdocs...', 25)
#1 C:\xampp\htdocs\remsportal\vendor\codeigniter4\framework\system\CodeIgniter.php(832): App\Controllers\Notification->index()
#2 C:\xampp\htdocs\remsportal\vendor\codeigniter4\framework\system\CodeIgniter.php(419): CodeIgniter\CodeIgniter->runController(Object(App\Controllers\Notification))
#3 C:\xampp\htdocs\remsportal\vendor\codeigniter4\framework\system\CodeIgniter.php(326): CodeIgniter\CodeIgniter->handleRequest(NULL, Object(Config\Cache), false)
#4 C:\xampp\htdocs\remsportal\index.php(37): CodeIgniter\CodeIgniter->run()
#5 {main}
CRITICAL - 2023-02-26 08:55:54 --> Undefined array key "Client_id"
#0 C:\xampp\htdocs\remsportal\app\Models\QuotationModel.php(104): CodeIgniter\Debug\Exceptions->errorHandler(2, 'Undefined array...', 'C:\\xampp\\htdocs...', 104)
#1 C:\xampp\htdocs\remsportal\app\Controllers\Quotation.php(148): App\Models\QuotationModel->editQuotation(Array, Array, 0, '87')
#2 C:\xampp\htdocs\remsportal\vendor\codeigniter4\framework\system\CodeIgniter.php(832): App\Controllers\Quotation->edit('87')
#3 C:\xampp\htdocs\remsportal\vendor\codeigniter4\framework\system\CodeIgniter.php(419): CodeIgniter\CodeIgniter->runController(Object(App\Controllers\Quotation))
#4 C:\xampp\htdocs\remsportal\vendor\codeigniter4\framework\system\CodeIgniter.php(326): CodeIgniter\CodeIgniter->handleRequest(NULL, Object(Config\Cache), false)
#5 C:\xampp\htdocs\remsportal\index.php(37): CodeIgniter\CodeIgniter->run()
#6 {main}
ERROR - 2023-02-26 09:04:43 --> Cannot add or update a child row: a foreign key constraint fails (`rems`.`notification`, CONSTRAINT `notification_ibfk_1` FOREIGN KEY (`user_id`) REFERENCES `users` (`id`) ON DELETE CASCADE ON UPDATE CASCADE)
CRITICAL - 2023-02-26 09:04:43 --> Cannot add or update a child row: a foreign key constraint fails (`rems`.`notification`, CONSTRAINT `notification_ibfk_1` FOREIGN KEY (`user_id`) REFERENCES `users` (`id`) ON DELETE CASCADE ON UPDATE CASCADE)
#0 C:\xampp\htdocs\remsportal\vendor\codeigniter4\framework\system\Database\MySQLi\Connection.php(292): mysqli->query('INSERT INTO `no...', 0)
#1 C:\xampp\htdocs\remsportal\vendor\codeigniter4\framework\system\Database\BaseConnection.php(670): CodeIgniter\Database\MySQLi\Connection->execute('INSERT INTO `no...')
#2 C:\xampp\htdocs\remsportal\vendor\codeigniter4\framework\system\Database\BaseConnection.php(598): CodeIgniter\Database\BaseConnection->simpleQuery('INSERT INTO `no...')
#3 C:\xampp\htdocs\remsportal\app\Models\NotificationModel.php(39): CodeIgniter\Database\BaseConnection->query('INSERT INTO `no...')
#4 C:\xampp\htdocs\remsportal\app\Models\QuotationModel.php(207): App\Models\NotificationModel->addqoutationNotification('87', 'Client Accept t...', NULL)
#5 C:\xampp\htdocs\remsportal\app\Controllers\Quotation.php(183): App\Models\QuotationModel->acceptquotation('87')
#6 C:\xampp\htdocs\remsportal\vendor\codeigniter4\framework\system\CodeIgniter.php(832): App\Controllers\Quotation->acceptquotation('87')
#7 C:\xampp\htdocs\remsportal\vendor\codeigniter4\framework\system\CodeIgniter.php(419): CodeIgniter\CodeIgniter->runController(Object(App\Controllers\Quotation))
#8 C:\xampp\htdocs\remsportal\vendor\codeigniter4\framework\system\CodeIgniter.php(326): CodeIgniter\CodeIgniter->handleRequest(NULL, Object(Config\Cache), false)
#9 C:\xampp\htdocs\remsportal\index.php(37): CodeIgniter\CodeIgniter->run()
#10 {main}
ERROR - 2023-02-26 09:07:15 --> Cannot add or update a child row: a foreign key constraint fails (`rems`.`notification`, CONSTRAINT `notification_ibfk_1` FOREIGN KEY (`user_id`) REFERENCES `users` (`id`) ON DELETE CASCADE ON UPDATE CASCADE)
CRITICAL - 2023-02-26 09:07:15 --> Cannot add or update a child row: a foreign key constraint fails (`rems`.`notification`, CONSTRAINT `notification_ibfk_1` FOREIGN KEY (`user_id`) REFERENCES `users` (`id`) ON DELETE CASCADE ON UPDATE CASCADE)
#0 C:\xampp\htdocs\remsportal\vendor\codeigniter4\framework\system\Database\MySQLi\Connection.php(292): mysqli->query('INSERT INTO `no...', 0)
#1 C:\xampp\htdocs\remsportal\vendor\codeigniter4\framework\system\Database\BaseConnection.php(670): CodeIgniter\Database\MySQLi\Connection->execute('INSERT INTO `no...')
#2 C:\xampp\htdocs\remsportal\vendor\codeigniter4\framework\system\Database\BaseConnection.php(598): CodeIgniter\Database\BaseConnection->simpleQuery('INSERT INTO `no...')
#3 C:\xampp\htdocs\remsportal\app\Models\NotificationModel.php(39): CodeIgniter\Database\BaseConnection->query('INSERT INTO `no...')
#4 C:\xampp\htdocs\remsportal\app\Models\QuotationModel.php(207): App\Models\NotificationModel->addqoutationNotification('87', 'Client Accept t...', NULL)
#5 C:\xampp\htdocs\remsportal\app\Controllers\Quotation.php(183): App\Models\QuotationModel->acceptquotation('87')
#6 C:\xampp\htdocs\remsportal\vendor\codeigniter4\framework\system\CodeIgniter.php(832): App\Controllers\Quotation->acceptquotation('87')
#7 C:\xampp\htdocs\remsportal\vendor\codeigniter4\framework\system\CodeIgniter.php(419): CodeIgniter\CodeIgniter->runController(Object(App\Controllers\Quotation))
#8 C:\xampp\htdocs\remsportal\vendor\codeigniter4\framework\system\CodeIgniter.php(326): CodeIgniter\CodeIgniter->handleRequest(NULL, Object(Config\Cache), false)
#9 C:\xampp\htdocs\remsportal\index.php(37): CodeIgniter\CodeIgniter->run()
#10 {main}
ERROR - 2023-02-26 11:43:54 --> You have an error in your SQL syntax; check the manual that corresponds to your MariaDB server version for the right syntax to use near '' at line 1
CRITICAL - 2023-02-26 11:43:54 --> You have an error in your SQL syntax; check the manual that corresponds to your MariaDB server version for the right syntax to use near '' at line 1
#0 C:\xampp\htdocs\remsportal\vendor\codeigniter4\framework\system\Database\MySQLi\Connection.php(292): mysqli->query('SELECT u.id FRO...', 0)
#1 C:\xampp\htdocs\remsportal\vendor\codeigniter4\framework\system\Database\BaseConnection.php(670): CodeIgniter\Database\MySQLi\Connection->execute('SELECT u.id FRO...')
#2 C:\xampp\htdocs\remsportal\vendor\codeigniter4\framework\system\Database\BaseConnection.php(598): CodeIgniter\Database\BaseConnection->simpleQuery('SELECT u.id FRO...')
#3 C:\xampp\htdocs\remsportal\app\Models\ProjectModel.php(126): CodeIgniter\Database\BaseConnection->query('SELECT u.id FRO...')
#4 C:\xampp\htdocs\remsportal\app\Controllers\ClientProject.php(127): App\Models\ProjectModel->getFilteredUsersForAProject(NULL)
#5 C:\xampp\htdocs\remsportal\vendor\codeigniter4\framework\system\CodeIgniter.php(832): App\Controllers\ClientProject->getusersforassignproject()
#6 C:\xampp\htdocs\remsportal\vendor\codeigniter4\framework\system\CodeIgniter.php(419): CodeIgniter\CodeIgniter->runController(Object(App\Controllers\ClientProject))
#7 C:\xampp\htdocs\remsportal\vendor\codeigniter4\framework\system\CodeIgniter.php(326): CodeIgniter\CodeIgniter->handleRequest(NULL, Object(Config\Cache), false)
#8 C:\xampp\htdocs\remsportal\index.php(37): CodeIgniter\CodeIgniter->run()
#9 {main}
ERROR - 2023-02-26 11:43:54 --> You have an error in your SQL syntax; check the manual that corresponds to your MariaDB server version for the right syntax to use near '' at line 1
CRITICAL - 2023-02-26 11:43:54 --> You have an error in your SQL syntax; check the manual that corresponds to your MariaDB server version for the right syntax to use near '' at line 1
#0 C:\xampp\htdocs\remsportal\vendor\codeigniter4\framework\system\Database\MySQLi\Connection.php(292): mysqli->query('SELECT u.id FRO...', 0)
#1 C:\xampp\htdocs\remsportal\vendor\codeigniter4\framework\system\Database\BaseConnection.php(670): CodeIgniter\Database\MySQLi\Connection->execute('SELECT u.id FRO...')
#2 C:\xampp\htdocs\remsportal\vendor\codeigniter4\framework\system\Database\BaseConnection.php(598): CodeIgniter\Database\BaseConnection->simpleQuery('SELECT u.id FRO...')
#3 C:\xampp\htdocs\remsportal\app\Models\ProjectModel.php(126): CodeIgniter\Database\BaseConnection->query('SELECT u.id FRO...')
#4 C:\xampp\htdocs\remsportal\app\Controllers\ClientProject.php(127): App\Models\ProjectModel->getFilteredUsersForAProject(NULL)
#5 C:\xampp\htdocs\remsportal\vendor\codeigniter4\framework\system\CodeIgniter.php(832): App\Controllers\ClientProject->getusersforassignproject()
#6 C:\xampp\htdocs\remsportal\vendor\codeigniter4\framework\system\CodeIgniter.php(419): CodeIgniter\CodeIgniter->runController(Object(App\Controllers\ClientProject))
#7 C:\xampp\htdocs\remsportal\vendor\codeigniter4\framework\system\CodeIgniter.php(326): CodeIgniter\CodeIgniter->handleRequest(NULL, Object(Config\Cache), false)
#8 C:\xampp\htdocs\remsportal\index.php(37): CodeIgniter\CodeIgniter->run()
#9 {main}
ERROR - 2023-02-26 12:01:37 --> You have an error in your SQL syntax; check the manual that corresponds to your MariaDB server version for the right syntax to use near '' at line 1
CRITICAL - 2023-02-26 12:01:37 --> You have an error in your SQL syntax; check the manual that corresponds to your MariaDB server version for the right syntax to use near '' at line 1
#0 C:\xampp\htdocs\remsportal\vendor\codeigniter4\framework\system\Database\MySQLi\Connection.php(292): mysqli->query('SELECT u.id FRO...', 0)
#1 C:\xampp\htdocs\remsportal\vendor\codeigniter4\framework\system\Database\BaseConnection.php(670): CodeIgniter\Database\MySQLi\Connection->execute('SELECT u.id FRO...')
#2 C:\xampp\htdocs\remsportal\vendor\codeigniter4\framework\system\Database\BaseConnection.php(598): CodeIgniter\Database\BaseConnection->simpleQuery('SELECT u.id FRO...')
#3 C:\xampp\htdocs\remsportal\app\Models\ProjectModel.php(126): CodeIgniter\Database\BaseConnection->query('SELECT u.id FRO...')
#4 C:\xampp\htdocs\remsportal\app\Controllers\ClientProject.php(127): App\Models\ProjectModel->getFilteredUsersForAProject(NULL)
#5 C:\xampp\htdocs\remsportal\vendor\codeigniter4\framework\system\CodeIgniter.php(832): App\Controllers\ClientProject->getusersforassignproject()
#6 C:\xampp\htdocs\remsportal\vendor\codeigniter4\framework\system\CodeIgniter.php(419): CodeIgniter\CodeIgniter->runController(Object(App\Controllers\ClientProject))
#7 C:\xampp\htdocs\remsportal\vendor\codeigniter4\framework\system\CodeIgniter.php(326): CodeIgniter\CodeIgniter->handleRequest(NULL, Object(Config\Cache), false)
#8 C:\xampp\htdocs\remsportal\index.php(37): CodeIgniter\CodeIgniter->run()
#9 {main}
ERROR - 2023-02-26 12:01:38 --> You have an error in your SQL syntax; check the manual that corresponds to your MariaDB server version for the right syntax to use near '' at line 1
CRITICAL - 2023-02-26 12:01:38 --> You have an error in your SQL syntax; check the manual that corresponds to your MariaDB server version for the right syntax to use near '' at line 1
#0 C:\xampp\htdocs\remsportal\vendor\codeigniter4\framework\system\Database\MySQLi\Connection.php(292): mysqli->query('SELECT u.id FRO...', 0)
#1 C:\xampp\htdocs\remsportal\vendor\codeigniter4\framework\system\Database\BaseConnection.php(670): CodeIgniter\Database\MySQLi\Connection->execute('SELECT u.id FRO...')
#2 C:\xampp\htdocs\remsportal\vendor\codeigniter4\framework\system\Database\BaseConnection.php(598): CodeIgniter\Database\BaseConnection->simpleQuery('SELECT u.id FRO...')
#3 C:\xampp\htdocs\remsportal\app\Models\ProjectModel.php(126): CodeIgniter\Database\BaseConnection->query('SELECT u.id FRO...')
#4 C:\xampp\htdocs\remsportal\app\Controllers\ClientProject.php(127): App\Models\ProjectModel->getFilteredUsersForAProject(NULL)
#5 C:\xampp\htdocs\remsportal\vendor\codeigniter4\framework\system\CodeIgniter.php(832): App\Controllers\ClientProject->getusersforassignproject()
#6 C:\xampp\htdocs\remsportal\vendor\codeigniter4\framework\system\CodeIgniter.php(419): CodeIgniter\CodeIgniter->runController(Object(App\Controllers\ClientProject))
#7 C:\xampp\htdocs\remsportal\vendor\codeigniter4\framework\system\CodeIgniter.php(326): CodeIgniter\CodeIgniter->handleRequest(NULL, Object(Config\Cache), false)
#8 C:\xampp\htdocs\remsportal\index.php(37): CodeIgniter\CodeIgniter->run()
#9 {main}
