CRITICAL - 2023-02-05 02:45:09 --> Undefined variable $clientsData
#0 C:\xampp\htdocs\rems\app\Views\Users\index.php(26): CodeIgniter\Debug\Exceptions->errorHandler(2, 'Undefined varia...', 'C:\\xampp\\htdocs...', 26)
#1 C:\xampp\htdocs\rems\vendor\codeigniter4\framework\system\View\View.php(210): include('C:\\xampp\\htdocs...')
#2 C:\xampp\htdocs\rems\vendor\codeigniter4\framework\system\View\View.php(213): CodeIgniter\View\View->CodeIgniter\View\{closure}()
#3 C:\xampp\htdocs\rems\vendor\codeigniter4\framework\system\Common.php(1089): CodeIgniter\View\View->render('users/index', Array, true)
#4 C:\xampp\htdocs\rems\app\Controllers\Users.php(10): view('users/index')
#5 C:\xampp\htdocs\rems\vendor\codeigniter4\framework\system\CodeIgniter.php(832): App\Controllers\Users->index()
#6 C:\xampp\htdocs\rems\vendor\codeigniter4\framework\system\CodeIgniter.php(419): CodeIgniter\CodeIgniter->runController(Object(App\Controllers\Users))
#7 C:\xampp\htdocs\rems\vendor\codeigniter4\framework\system\CodeIgniter.php(326): CodeIgniter\CodeIgniter->handleRequest(NULL, Object(Config\Cache), false)
#8 C:\xampp\htdocs\rems\index.php(37): CodeIgniter\CodeIgniter->run()
#9 {main}
CRITICAL - 2023-02-05 09:19:41 --> Cannot declare class App\Controllers\User, because the name is already in use
#0 [internal function]: CodeIgniter\Debug\Exceptions->shutdownHandler()
#1 {main}
CRITICAL - 2023-02-05 09:20:36 --> Invalid file: User/new.php
#0 C:\xampp\htdocs\rems\vendor\codeigniter4\framework\system\View\View.php(198): CodeIgniter\Exceptions\FrameworkException::forInvalidFile('User/new.php')
#1 C:\xampp\htdocs\rems\vendor\codeigniter4\framework\system\Common.php(1089): CodeIgniter\View\View->render('User/new', Array, true)
#2 C:\xampp\htdocs\rems\app\Controllers\Users.php(61): view('User/new')
#3 C:\xampp\htdocs\rems\vendor\codeigniter4\framework\system\CodeIgniter.php(832): App\Controllers\Users->new()
#4 C:\xampp\htdocs\rems\vendor\codeigniter4\framework\system\CodeIgniter.php(419): CodeIgniter\CodeIgniter->runController(Object(App\Controllers\Users))
#5 C:\xampp\htdocs\rems\vendor\codeigniter4\framework\system\CodeIgniter.php(326): CodeIgniter\CodeIgniter->handleRequest(NULL, Object(Config\Cache), false)
#6 C:\xampp\htdocs\rems\index.php(37): CodeIgniter\CodeIgniter->run()
#7 {main}
CRITICAL - 2023-02-05 10:00:40 --> mysqli_result::fetch_object(): Argument #1 ($class) must be a valid class name, App\Entities\User given
#0 C:\xampp\htdocs\rems\vendor\codeigniter4\framework\system\Database\MySQLi\Result.php(148): mysqli_result->fetch_object('App\\Entities\\Us...')
#1 C:\xampp\htdocs\rems\vendor\codeigniter4\framework\system\Database\BaseResult.php(149): CodeIgniter\Database\MySQLi\Result->fetchObject('App\\Entities\\Us...')
#2 C:\xampp\htdocs\rems\vendor\codeigniter4\framework\system\Database\BaseResult.php(106): CodeIgniter\Database\BaseResult->getCustomResultObject('App\\Entities\\Us...')
#3 C:\xampp\htdocs\rems\vendor\codeigniter4\framework\system\Model.php(184): CodeIgniter\Database\BaseResult->getResult('App\\Entities\\Us...')
#4 C:\xampp\htdocs\rems\vendor\codeigniter4\framework\system\BaseModel.php(584): CodeIgniter\Model->doFindAll(0, 0)
#5 C:\xampp\htdocs\rems\app\Controllers\Users.php(24): CodeIgniter\BaseModel->findAll()
#6 C:\xampp\htdocs\rems\vendor\codeigniter4\framework\system\CodeIgniter.php(832): App\Controllers\Users->index()
#7 C:\xampp\htdocs\rems\vendor\codeigniter4\framework\system\CodeIgniter.php(419): CodeIgniter\CodeIgniter->runController(Object(App\Controllers\Users))
#8 C:\xampp\htdocs\rems\vendor\codeigniter4\framework\system\CodeIgniter.php(326): CodeIgniter\CodeIgniter->handleRequest(NULL, Object(Config\Cache), false)
#9 C:\xampp\htdocs\rems\index.php(37): CodeIgniter\CodeIgniter->run()
#10 {main}
CRITICAL - 2023-02-05 10:06:09 --> Invalid file: User/index.php
#0 C:\xampp\htdocs\rems\vendor\codeigniter4\framework\system\View\View.php(198): CodeIgniter\Exceptions\FrameworkException::forInvalidFile('User/index.php')
#1 C:\xampp\htdocs\rems\vendor\codeigniter4\framework\system\Common.php(1089): CodeIgniter\View\View->render('User/index', Array, true)
#2 C:\xampp\htdocs\rems\app\Controllers\Users.php(29): view('User/index', Array)
#3 C:\xampp\htdocs\rems\vendor\codeigniter4\framework\system\CodeIgniter.php(832): App\Controllers\Users->index()
#4 C:\xampp\htdocs\rems\vendor\codeigniter4\framework\system\CodeIgniter.php(419): CodeIgniter\CodeIgniter->runController(Object(App\Controllers\Users))
#5 C:\xampp\htdocs\rems\vendor\codeigniter4\framework\system\CodeIgniter.php(326): CodeIgniter\CodeIgniter->handleRequest(NULL, Object(Config\Cache), false)
#6 C:\xampp\htdocs\rems\index.php(37): CodeIgniter\CodeIgniter->run()
#7 {main}
CRITICAL - 2023-02-05 10:06:44 --> Undefined variable $clientsData
#0 C:\xampp\htdocs\rems\app\Views\Users\index.php(26): CodeIgniter\Debug\Exceptions->errorHandler(2, 'Undefined varia...', 'C:\\xampp\\htdocs...', 26)
#1 C:\xampp\htdocs\rems\vendor\codeigniter4\framework\system\View\View.php(210): include('C:\\xampp\\htdocs...')
#2 C:\xampp\htdocs\rems\vendor\codeigniter4\framework\system\View\View.php(213): CodeIgniter\View\View->CodeIgniter\View\{closure}()
#3 C:\xampp\htdocs\rems\vendor\codeigniter4\framework\system\Common.php(1089): CodeIgniter\View\View->render('Users/index', Array, true)
#4 C:\xampp\htdocs\rems\app\Controllers\Users.php(29): view('Users/index', Array)
#5 C:\xampp\htdocs\rems\vendor\codeigniter4\framework\system\CodeIgniter.php(832): App\Controllers\Users->index()
#6 C:\xampp\htdocs\rems\vendor\codeigniter4\framework\system\CodeIgniter.php(419): CodeIgniter\CodeIgniter->runController(Object(App\Controllers\Users))
#7 C:\xampp\htdocs\rems\vendor\codeigniter4\framework\system\CodeIgniter.php(326): CodeIgniter\CodeIgniter->handleRequest(NULL, Object(Config\Cache), false)
#8 C:\xampp\htdocs\rems\index.php(37): CodeIgniter\CodeIgniter->run()
#9 {main}
CRITICAL - 2023-02-05 10:07:09 --> Cannot use object of type App\Entities\User as array
#0 C:\xampp\htdocs\rems\vendor\codeigniter4\framework\system\View\View.php(210): include()
#1 C:\xampp\htdocs\rems\vendor\codeigniter4\framework\system\View\View.php(213): CodeIgniter\View\View->CodeIgniter\View\{closure}()
#2 C:\xampp\htdocs\rems\vendor\codeigniter4\framework\system\Common.php(1089): CodeIgniter\View\View->render('Users/index', Array, true)
#3 C:\xampp\htdocs\rems\app\Controllers\Users.php(29): view('Users/index', Array)
#4 C:\xampp\htdocs\rems\vendor\codeigniter4\framework\system\CodeIgniter.php(832): App\Controllers\Users->index()
#5 C:\xampp\htdocs\rems\vendor\codeigniter4\framework\system\CodeIgniter.php(419): CodeIgniter\CodeIgniter->runController(Object(App\Controllers\Users))
#6 C:\xampp\htdocs\rems\vendor\codeigniter4\framework\system\CodeIgniter.php(326): CodeIgniter\CodeIgniter->handleRequest(NULL, Object(Config\Cache), false)
#7 C:\xampp\htdocs\rems\index.php(37): CodeIgniter\CodeIgniter->run()
#8 {main}
CRITICAL - 2023-02-05 10:08:27 --> Cannot use object of type App\Entities\User as array
#0 C:\xampp\htdocs\rems\vendor\codeigniter4\framework\system\View\View.php(210): include()
#1 C:\xampp\htdocs\rems\vendor\codeigniter4\framework\system\View\View.php(213): CodeIgniter\View\View->CodeIgniter\View\{closure}()
#2 C:\xampp\htdocs\rems\vendor\codeigniter4\framework\system\Common.php(1089): CodeIgniter\View\View->render('Users/index', Array, true)
#3 C:\xampp\htdocs\rems\app\Controllers\Users.php(29): view('Users/index', Array)
#4 C:\xampp\htdocs\rems\vendor\codeigniter4\framework\system\CodeIgniter.php(832): App\Controllers\Users->index()
#5 C:\xampp\htdocs\rems\vendor\codeigniter4\framework\system\CodeIgniter.php(419): CodeIgniter\CodeIgniter->runController(Object(App\Controllers\Users))
#6 C:\xampp\htdocs\rems\vendor\codeigniter4\framework\system\CodeIgniter.php(326): CodeIgniter\CodeIgniter->handleRequest(NULL, Object(Config\Cache), false)
#7 C:\xampp\htdocs\rems\index.php(37): CodeIgniter\CodeIgniter->run()
#8 {main}
CRITICAL - 2023-02-05 10:21:20 --> Undefined property: mysqli::$id
#0 C:\xampp\htdocs\rems\app\Views\Users\index.php(28): CodeIgniter\Debug\Exceptions->errorHandler(2, 'Undefined prope...', 'C:\\xampp\\htdocs...', 28)
#1 C:\xampp\htdocs\rems\vendor\codeigniter4\framework\system\View\View.php(210): include('C:\\xampp\\htdocs...')
#2 C:\xampp\htdocs\rems\vendor\codeigniter4\framework\system\View\View.php(213): CodeIgniter\View\View->CodeIgniter\View\{closure}()
#3 C:\xampp\htdocs\rems\vendor\codeigniter4\framework\system\Common.php(1089): CodeIgniter\View\View->render('Users/index', Array, true)
#4 C:\xampp\htdocs\rems\app\Controllers\Users.php(29): view('Users/index', Array)
#5 C:\xampp\htdocs\rems\vendor\codeigniter4\framework\system\CodeIgniter.php(832): App\Controllers\Users->index()
#6 C:\xampp\htdocs\rems\vendor\codeigniter4\framework\system\CodeIgniter.php(419): CodeIgniter\CodeIgniter->runController(Object(App\Controllers\Users))
#7 C:\xampp\htdocs\rems\vendor\codeigniter4\framework\system\CodeIgniter.php(326): CodeIgniter\CodeIgniter->handleRequest(NULL, Object(Config\Cache), false)
#8 C:\xampp\htdocs\rems\index.php(37): CodeIgniter\CodeIgniter->run()
#9 {main}
CRITICAL - 2023-02-05 10:22:19 --> Cannot use object of type mysqli as array
#0 C:\xampp\htdocs\rems\vendor\codeigniter4\framework\system\View\View.php(210): include()
#1 C:\xampp\htdocs\rems\vendor\codeigniter4\framework\system\View\View.php(213): CodeIgniter\View\View->CodeIgniter\View\{closure}()
#2 C:\xampp\htdocs\rems\vendor\codeigniter4\framework\system\Common.php(1089): CodeIgniter\View\View->render('Users/index', Array, true)
#3 C:\xampp\htdocs\rems\app\Controllers\Users.php(29): view('Users/index', Array)
#4 C:\xampp\htdocs\rems\vendor\codeigniter4\framework\system\CodeIgniter.php(832): App\Controllers\Users->index()
#5 C:\xampp\htdocs\rems\vendor\codeigniter4\framework\system\CodeIgniter.php(419): CodeIgniter\CodeIgniter->runController(Object(App\Controllers\Users))
#6 C:\xampp\htdocs\rems\vendor\codeigniter4\framework\system\CodeIgniter.php(326): CodeIgniter\CodeIgniter->handleRequest(NULL, Object(Config\Cache), false)
#7 C:\xampp\htdocs\rems\index.php(37): CodeIgniter\CodeIgniter->run()
#8 {main}
CRITICAL - 2023-02-05 10:22:43 --> Undefined property: mysqli::$id
#0 C:\xampp\htdocs\rems\app\Views\Users\index.php(28): CodeIgniter\Debug\Exceptions->errorHandler(2, 'Undefined prope...', 'C:\\xampp\\htdocs...', 28)
#1 C:\xampp\htdocs\rems\vendor\codeigniter4\framework\system\View\View.php(210): include('C:\\xampp\\htdocs...')
#2 C:\xampp\htdocs\rems\vendor\codeigniter4\framework\system\View\View.php(213): CodeIgniter\View\View->CodeIgniter\View\{closure}()
#3 C:\xampp\htdocs\rems\vendor\codeigniter4\framework\system\Common.php(1089): CodeIgniter\View\View->render('Users/index', Array, true)
#4 C:\xampp\htdocs\rems\app\Controllers\Users.php(29): view('Users/index', Array)
#5 C:\xampp\htdocs\rems\vendor\codeigniter4\framework\system\CodeIgniter.php(832): App\Controllers\Users->index()
#6 C:\xampp\htdocs\rems\vendor\codeigniter4\framework\system\CodeIgniter.php(419): CodeIgniter\CodeIgniter->runController(Object(App\Controllers\Users))
#7 C:\xampp\htdocs\rems\vendor\codeigniter4\framework\system\CodeIgniter.php(326): CodeIgniter\CodeIgniter->handleRequest(NULL, Object(Config\Cache), false)
#8 C:\xampp\htdocs\rems\index.php(37): CodeIgniter\CodeIgniter->run()
#9 {main}
CRITICAL - 2023-02-05 10:24:33 --> Undefined property: mysqli::$id
#0 C:\xampp\htdocs\rems\app\Views\Users\index.php(28): CodeIgniter\Debug\Exceptions->errorHandler(2, 'Undefined prope...', 'C:\\xampp\\htdocs...', 28)
#1 C:\xampp\htdocs\rems\vendor\codeigniter4\framework\system\View\View.php(210): include('C:\\xampp\\htdocs...')
#2 C:\xampp\htdocs\rems\vendor\codeigniter4\framework\system\View\View.php(213): CodeIgniter\View\View->CodeIgniter\View\{closure}()
#3 C:\xampp\htdocs\rems\vendor\codeigniter4\framework\system\Common.php(1089): CodeIgniter\View\View->render('Users/index', Array, true)
#4 C:\xampp\htdocs\rems\app\Controllers\Users.php(29): view('Users/index', Array)
#5 C:\xampp\htdocs\rems\vendor\codeigniter4\framework\system\CodeIgniter.php(832): App\Controllers\Users->index()
#6 C:\xampp\htdocs\rems\vendor\codeigniter4\framework\system\CodeIgniter.php(419): CodeIgniter\CodeIgniter->runController(Object(App\Controllers\Users))
#7 C:\xampp\htdocs\rems\vendor\codeigniter4\framework\system\CodeIgniter.php(326): CodeIgniter\CodeIgniter->handleRequest(NULL, Object(Config\Cache), false)
#8 C:\xampp\htdocs\rems\index.php(37): CodeIgniter\CodeIgniter->run()
#9 {main}
CRITICAL - 2023-02-05 10:27:03 --> Undefined property: mysqli::$id
#0 C:\xampp\htdocs\rems\app\Views\Users\index.php(28): CodeIgniter\Debug\Exceptions->errorHandler(2, 'Undefined prope...', 'C:\\xampp\\htdocs...', 28)
#1 C:\xampp\htdocs\rems\vendor\codeigniter4\framework\system\View\View.php(210): include('C:\\xampp\\htdocs...')
#2 C:\xampp\htdocs\rems\vendor\codeigniter4\framework\system\View\View.php(213): CodeIgniter\View\View->CodeIgniter\View\{closure}()
#3 C:\xampp\htdocs\rems\vendor\codeigniter4\framework\system\Common.php(1089): CodeIgniter\View\View->render('Users/index', Array, true)
#4 C:\xampp\htdocs\rems\app\Controllers\Users.php(26): view('Users/index', Array)
#5 C:\xampp\htdocs\rems\vendor\codeigniter4\framework\system\CodeIgniter.php(832): App\Controllers\Users->index()
#6 C:\xampp\htdocs\rems\vendor\codeigniter4\framework\system\CodeIgniter.php(419): CodeIgniter\CodeIgniter->runController(Object(App\Controllers\Users))
#7 C:\xampp\htdocs\rems\vendor\codeigniter4\framework\system\CodeIgniter.php(326): CodeIgniter\CodeIgniter->handleRequest(NULL, Object(Config\Cache), false)
#8 C:\xampp\htdocs\rems\index.php(37): CodeIgniter\CodeIgniter->run()
#9 {main}
CRITICAL - 2023-02-05 10:27:15 --> Undefined property: mysqli::$id
#0 C:\xampp\htdocs\rems\app\Views\Users\index.php(28): CodeIgniter\Debug\Exceptions->errorHandler(2, 'Undefined prope...', 'C:\\xampp\\htdocs...', 28)
#1 C:\xampp\htdocs\rems\vendor\codeigniter4\framework\system\View\View.php(210): include('C:\\xampp\\htdocs...')
#2 C:\xampp\htdocs\rems\vendor\codeigniter4\framework\system\View\View.php(213): CodeIgniter\View\View->CodeIgniter\View\{closure}()
#3 C:\xampp\htdocs\rems\vendor\codeigniter4\framework\system\Common.php(1089): CodeIgniter\View\View->render('Users/index', Array, true)
#4 C:\xampp\htdocs\rems\app\Controllers\Users.php(26): view('Users/index', Array)
#5 C:\xampp\htdocs\rems\vendor\codeigniter4\framework\system\CodeIgniter.php(832): App\Controllers\Users->index()
#6 C:\xampp\htdocs\rems\vendor\codeigniter4\framework\system\CodeIgniter.php(419): CodeIgniter\CodeIgniter->runController(Object(App\Controllers\Users))
#7 C:\xampp\htdocs\rems\vendor\codeigniter4\framework\system\CodeIgniter.php(326): CodeIgniter\CodeIgniter->handleRequest(NULL, Object(Config\Cache), false)
#8 C:\xampp\htdocs\rems\index.php(37): CodeIgniter\CodeIgniter->run()
#9 {main}
CRITICAL - 2023-02-05 10:28:17 --> Undefined property: mysqli::$id
#0 C:\xampp\htdocs\rems\app\Views\Users\index.php(28): CodeIgniter\Debug\Exceptions->errorHandler(2, 'Undefined prope...', 'C:\\xampp\\htdocs...', 28)
#1 C:\xampp\htdocs\rems\vendor\codeigniter4\framework\system\View\View.php(210): include('C:\\xampp\\htdocs...')
#2 C:\xampp\htdocs\rems\vendor\codeigniter4\framework\system\View\View.php(213): CodeIgniter\View\View->CodeIgniter\View\{closure}()
#3 C:\xampp\htdocs\rems\vendor\codeigniter4\framework\system\Common.php(1089): CodeIgniter\View\View->render('Users/index', Array, true)
#4 C:\xampp\htdocs\rems\app\Controllers\Users.php(26): view('Users/index', Array)
#5 C:\xampp\htdocs\rems\vendor\codeigniter4\framework\system\CodeIgniter.php(832): App\Controllers\Users->index()
#6 C:\xampp\htdocs\rems\vendor\codeigniter4\framework\system\CodeIgniter.php(419): CodeIgniter\CodeIgniter->runController(Object(App\Controllers\Users))
#7 C:\xampp\htdocs\rems\vendor\codeigniter4\framework\system\CodeIgniter.php(326): CodeIgniter\CodeIgniter->handleRequest(NULL, Object(Config\Cache), false)
#8 C:\xampp\htdocs\rems\index.php(37): CodeIgniter\CodeIgniter->run()
#9 {main}
CRITICAL - 2023-02-05 10:35:20 --> Undefined property: mysqli::$id
#0 C:\xampp\htdocs\rems\app\Views\Users\index.php(28): CodeIgniter\Debug\Exceptions->errorHandler(2, 'Undefined prope...', 'C:\\xampp\\htdocs...', 28)
#1 C:\xampp\htdocs\rems\vendor\codeigniter4\framework\system\View\View.php(210): include('C:\\xampp\\htdocs...')
#2 C:\xampp\htdocs\rems\vendor\codeigniter4\framework\system\View\View.php(213): CodeIgniter\View\View->CodeIgniter\View\{closure}()
#3 C:\xampp\htdocs\rems\vendor\codeigniter4\framework\system\Common.php(1089): CodeIgniter\View\View->render('Users/index', Array, true)
#4 C:\xampp\htdocs\rems\app\Controllers\Users.php(26): view('Users/index', Array)
#5 C:\xampp\htdocs\rems\vendor\codeigniter4\framework\system\CodeIgniter.php(832): App\Controllers\Users->index()
#6 C:\xampp\htdocs\rems\vendor\codeigniter4\framework\system\CodeIgniter.php(419): CodeIgniter\CodeIgniter->runController(Object(App\Controllers\Users))
#7 C:\xampp\htdocs\rems\vendor\codeigniter4\framework\system\CodeIgniter.php(326): CodeIgniter\CodeIgniter->handleRequest(NULL, Object(Config\Cache), false)
#8 C:\xampp\htdocs\rems\index.php(37): CodeIgniter\CodeIgniter->run()
#9 {main}
CRITICAL - 2023-02-05 10:35:23 --> Undefined property: mysqli::$id
#0 C:\xampp\htdocs\rems\app\Views\Users\index.php(28): CodeIgniter\Debug\Exceptions->errorHandler(2, 'Undefined prope...', 'C:\\xampp\\htdocs...', 28)
#1 C:\xampp\htdocs\rems\vendor\codeigniter4\framework\system\View\View.php(210): include('C:\\xampp\\htdocs...')
#2 C:\xampp\htdocs\rems\vendor\codeigniter4\framework\system\View\View.php(213): CodeIgniter\View\View->CodeIgniter\View\{closure}()
#3 C:\xampp\htdocs\rems\vendor\codeigniter4\framework\system\Common.php(1089): CodeIgniter\View\View->render('Users/index', Array, true)
#4 C:\xampp\htdocs\rems\app\Controllers\Users.php(26): view('Users/index', Array)
#5 C:\xampp\htdocs\rems\vendor\codeigniter4\framework\system\CodeIgniter.php(832): App\Controllers\Users->index()
#6 C:\xampp\htdocs\rems\vendor\codeigniter4\framework\system\CodeIgniter.php(419): CodeIgniter\CodeIgniter->runController(Object(App\Controllers\Users))
#7 C:\xampp\htdocs\rems\vendor\codeigniter4\framework\system\CodeIgniter.php(326): CodeIgniter\CodeIgniter->handleRequest(NULL, Object(Config\Cache), false)
#8 C:\xampp\htdocs\rems\index.php(37): CodeIgniter\CodeIgniter->run()
#9 {main}
CRITICAL - 2023-02-05 10:37:43 --> Undefined property: mysqli::$id
#0 C:\xampp\htdocs\rems\app\Views\Users\index.php(28): CodeIgniter\Debug\Exceptions->errorHandler(2, 'Undefined prope...', 'C:\\xampp\\htdocs...', 28)
#1 C:\xampp\htdocs\rems\vendor\codeigniter4\framework\system\View\View.php(210): include('C:\\xampp\\htdocs...')
#2 C:\xampp\htdocs\rems\vendor\codeigniter4\framework\system\View\View.php(213): CodeIgniter\View\View->CodeIgniter\View\{closure}()
#3 C:\xampp\htdocs\rems\vendor\codeigniter4\framework\system\Common.php(1089): CodeIgniter\View\View->render('Users/index', Array, true)
#4 C:\xampp\htdocs\rems\app\Controllers\Users.php(26): view('Users/index', Array)
#5 C:\xampp\htdocs\rems\vendor\codeigniter4\framework\system\CodeIgniter.php(832): App\Controllers\Users->index()
#6 C:\xampp\htdocs\rems\vendor\codeigniter4\framework\system\CodeIgniter.php(419): CodeIgniter\CodeIgniter->runController(Object(App\Controllers\Users))
#7 C:\xampp\htdocs\rems\vendor\codeigniter4\framework\system\CodeIgniter.php(326): CodeIgniter\CodeIgniter->handleRequest(NULL, Object(Config\Cache), false)
#8 C:\xampp\htdocs\rems\index.php(37): CodeIgniter\CodeIgniter->run()
#9 {main}
CRITICAL - 2023-02-05 10:37:45 --> Undefined property: mysqli::$id
#0 C:\xampp\htdocs\rems\app\Views\Users\index.php(28): CodeIgniter\Debug\Exceptions->errorHandler(2, 'Undefined prope...', 'C:\\xampp\\htdocs...', 28)
#1 C:\xampp\htdocs\rems\vendor\codeigniter4\framework\system\View\View.php(210): include('C:\\xampp\\htdocs...')
#2 C:\xampp\htdocs\rems\vendor\codeigniter4\framework\system\View\View.php(213): CodeIgniter\View\View->CodeIgniter\View\{closure}()
#3 C:\xampp\htdocs\rems\vendor\codeigniter4\framework\system\Common.php(1089): CodeIgniter\View\View->render('Users/index', Array, true)
#4 C:\xampp\htdocs\rems\app\Controllers\Users.php(26): view('Users/index', Array)
#5 C:\xampp\htdocs\rems\vendor\codeigniter4\framework\system\CodeIgniter.php(832): App\Controllers\Users->index()
#6 C:\xampp\htdocs\rems\vendor\codeigniter4\framework\system\CodeIgniter.php(419): CodeIgniter\CodeIgniter->runController(Object(App\Controllers\Users))
#7 C:\xampp\htdocs\rems\vendor\codeigniter4\framework\system\CodeIgniter.php(326): CodeIgniter\CodeIgniter->handleRequest(NULL, Object(Config\Cache), false)
#8 C:\xampp\htdocs\rems\index.php(37): CodeIgniter\CodeIgniter->run()
#9 {main}
CRITICAL - 2023-02-05 10:37:46 --> Undefined property: mysqli::$id
#0 C:\xampp\htdocs\rems\app\Views\Users\index.php(28): CodeIgniter\Debug\Exceptions->errorHandler(2, 'Undefined prope...', 'C:\\xampp\\htdocs...', 28)
#1 C:\xampp\htdocs\rems\vendor\codeigniter4\framework\system\View\View.php(210): include('C:\\xampp\\htdocs...')
#2 C:\xampp\htdocs\rems\vendor\codeigniter4\framework\system\View\View.php(213): CodeIgniter\View\View->CodeIgniter\View\{closure}()
#3 C:\xampp\htdocs\rems\vendor\codeigniter4\framework\system\Common.php(1089): CodeIgniter\View\View->render('Users/index', Array, true)
#4 C:\xampp\htdocs\rems\app\Controllers\Users.php(26): view('Users/index', Array)
#5 C:\xampp\htdocs\rems\vendor\codeigniter4\framework\system\CodeIgniter.php(832): App\Controllers\Users->index()
#6 C:\xampp\htdocs\rems\vendor\codeigniter4\framework\system\CodeIgniter.php(419): CodeIgniter\CodeIgniter->runController(Object(App\Controllers\Users))
#7 C:\xampp\htdocs\rems\vendor\codeigniter4\framework\system\CodeIgniter.php(326): CodeIgniter\CodeIgniter->handleRequest(NULL, Object(Config\Cache), false)
#8 C:\xampp\htdocs\rems\index.php(37): CodeIgniter\CodeIgniter->run()
#9 {main}
CRITICAL - 2023-02-05 10:40:08 --> Attempt to read property "id" on array
#0 C:\xampp\htdocs\rems\app\Views\Users\index.php(28): CodeIgniter\Debug\Exceptions->errorHandler(2, 'Attempt to read...', 'C:\\xampp\\htdocs...', 28)
#1 C:\xampp\htdocs\rems\vendor\codeigniter4\framework\system\View\View.php(210): include('C:\\xampp\\htdocs...')
#2 C:\xampp\htdocs\rems\vendor\codeigniter4\framework\system\View\View.php(213): CodeIgniter\View\View->CodeIgniter\View\{closure}()
#3 C:\xampp\htdocs\rems\vendor\codeigniter4\framework\system\Common.php(1089): CodeIgniter\View\View->render('Users/index', Array, true)
#4 C:\xampp\htdocs\rems\app\Controllers\Users.php(26): view('Users/index', Array)
#5 C:\xampp\htdocs\rems\vendor\codeigniter4\framework\system\CodeIgniter.php(832): App\Controllers\Users->index()
#6 C:\xampp\htdocs\rems\vendor\codeigniter4\framework\system\CodeIgniter.php(419): CodeIgniter\CodeIgniter->runController(Object(App\Controllers\Users))
#7 C:\xampp\htdocs\rems\vendor\codeigniter4\framework\system\CodeIgniter.php(326): CodeIgniter\CodeIgniter->handleRequest(NULL, Object(Config\Cache), false)
#8 C:\xampp\htdocs\rems\index.php(37): CodeIgniter\CodeIgniter->run()
#9 {main}
CRITICAL - 2023-02-05 10:42:38 --> Attempt to read property "username" on array
#0 C:\xampp\htdocs\rems\app\Views\Users\index.php(29): CodeIgniter\Debug\Exceptions->errorHandler(2, 'Attempt to read...', 'C:\\xampp\\htdocs...', 29)
#1 C:\xampp\htdocs\rems\vendor\codeigniter4\framework\system\View\View.php(210): include('C:\\xampp\\htdocs...')
#2 C:\xampp\htdocs\rems\vendor\codeigniter4\framework\system\View\View.php(213): CodeIgniter\View\View->CodeIgniter\View\{closure}()
#3 C:\xampp\htdocs\rems\vendor\codeigniter4\framework\system\Common.php(1089): CodeIgniter\View\View->render('Users/index', Array, true)
#4 C:\xampp\htdocs\rems\app\Controllers\Users.php(26): view('Users/index', Array)
#5 C:\xampp\htdocs\rems\vendor\codeigniter4\framework\system\CodeIgniter.php(832): App\Controllers\Users->index()
#6 C:\xampp\htdocs\rems\vendor\codeigniter4\framework\system\CodeIgniter.php(419): CodeIgniter\CodeIgniter->runController(Object(App\Controllers\Users))
#7 C:\xampp\htdocs\rems\vendor\codeigniter4\framework\system\CodeIgniter.php(326): CodeIgniter\CodeIgniter->handleRequest(NULL, Object(Config\Cache), false)
#8 C:\xampp\htdocs\rems\index.php(37): CodeIgniter\CodeIgniter->run()
#9 {main}
CRITICAL - 2023-02-05 10:43:12 --> Undefined property: mysqli::$username
#0 C:\xampp\htdocs\rems\app\Views\Users\index.php(29): CodeIgniter\Debug\Exceptions->errorHandler(2, 'Undefined prope...', 'C:\\xampp\\htdocs...', 29)
#1 C:\xampp\htdocs\rems\vendor\codeigniter4\framework\system\View\View.php(210): include('C:\\xampp\\htdocs...')
#2 C:\xampp\htdocs\rems\vendor\codeigniter4\framework\system\View\View.php(213): CodeIgniter\View\View->CodeIgniter\View\{closure}()
#3 C:\xampp\htdocs\rems\vendor\codeigniter4\framework\system\Common.php(1089): CodeIgniter\View\View->render('Users/index', Array, true)
#4 C:\xampp\htdocs\rems\app\Controllers\Users.php(26): view('Users/index', Array)
#5 C:\xampp\htdocs\rems\vendor\codeigniter4\framework\system\CodeIgniter.php(832): App\Controllers\Users->index()
#6 C:\xampp\htdocs\rems\vendor\codeigniter4\framework\system\CodeIgniter.php(419): CodeIgniter\CodeIgniter->runController(Object(App\Controllers\Users))
#7 C:\xampp\htdocs\rems\vendor\codeigniter4\framework\system\CodeIgniter.php(326): CodeIgniter\CodeIgniter->handleRequest(NULL, Object(Config\Cache), false)
#8 C:\xampp\htdocs\rems\index.php(37): CodeIgniter\CodeIgniter->run()
#9 {main}
CRITICAL - 2023-02-05 10:46:14 --> Cannot use object of type mysqli as array
#0 C:\xampp\htdocs\rems\vendor\codeigniter4\framework\system\View\View.php(210): include()
#1 C:\xampp\htdocs\rems\vendor\codeigniter4\framework\system\View\View.php(213): CodeIgniter\View\View->CodeIgniter\View\{closure}()
#2 C:\xampp\htdocs\rems\vendor\codeigniter4\framework\system\Common.php(1089): CodeIgniter\View\View->render('Users/index', Array, true)
#3 C:\xampp\htdocs\rems\app\Controllers\Users.php(26): view('Users/index', Array)
#4 C:\xampp\htdocs\rems\vendor\codeigniter4\framework\system\CodeIgniter.php(832): App\Controllers\Users->index()
#5 C:\xampp\htdocs\rems\vendor\codeigniter4\framework\system\CodeIgniter.php(419): CodeIgniter\CodeIgniter->runController(Object(App\Controllers\Users))
#6 C:\xampp\htdocs\rems\vendor\codeigniter4\framework\system\CodeIgniter.php(326): CodeIgniter\CodeIgniter->handleRequest(NULL, Object(Config\Cache), false)
#7 C:\xampp\htdocs\rems\index.php(37): CodeIgniter\CodeIgniter->run()
#8 {main}
CRITICAL - 2023-02-05 10:46:53 --> Undefined array key "name"
#0 C:\xampp\htdocs\rems\app\Views\Users\index.php(32): CodeIgniter\Debug\Exceptions->errorHandler(2, 'Undefined array...', 'C:\\xampp\\htdocs...', 32)
#1 C:\xampp\htdocs\rems\vendor\codeigniter4\framework\system\View\View.php(210): include('C:\\xampp\\htdocs...')
#2 C:\xampp\htdocs\rems\vendor\codeigniter4\framework\system\View\View.php(213): CodeIgniter\View\View->CodeIgniter\View\{closure}()
#3 C:\xampp\htdocs\rems\vendor\codeigniter4\framework\system\Common.php(1089): CodeIgniter\View\View->render('Users/index', Array, true)
#4 C:\xampp\htdocs\rems\app\Controllers\Users.php(26): view('Users/index', Array)
#5 C:\xampp\htdocs\rems\vendor\codeigniter4\framework\system\CodeIgniter.php(832): App\Controllers\Users->index()
#6 C:\xampp\htdocs\rems\vendor\codeigniter4\framework\system\CodeIgniter.php(419): CodeIgniter\CodeIgniter->runController(Object(App\Controllers\Users))
#7 C:\xampp\htdocs\rems\vendor\codeigniter4\framework\system\CodeIgniter.php(326): CodeIgniter\CodeIgniter->handleRequest(NULL, Object(Config\Cache), false)
#8 C:\xampp\htdocs\rems\index.php(37): CodeIgniter\CodeIgniter->run()
#9 {main}
CRITICAL - 2023-02-05 10:49:22 --> Attempt to read property "id" on array
#0 C:\xampp\htdocs\rems\app\Views\Users\index.php(28): CodeIgniter\Debug\Exceptions->errorHandler(2, 'Attempt to read...', 'C:\\xampp\\htdocs...', 28)
#1 C:\xampp\htdocs\rems\vendor\codeigniter4\framework\system\View\View.php(210): include('C:\\xampp\\htdocs...')
#2 C:\xampp\htdocs\rems\vendor\codeigniter4\framework\system\View\View.php(213): CodeIgniter\View\View->CodeIgniter\View\{closure}()
#3 C:\xampp\htdocs\rems\vendor\codeigniter4\framework\system\Common.php(1089): CodeIgniter\View\View->render('Users/index', Array, true)
#4 C:\xampp\htdocs\rems\app\Controllers\Users.php(26): view('Users/index', Array)
#5 C:\xampp\htdocs\rems\vendor\codeigniter4\framework\system\CodeIgniter.php(832): App\Controllers\Users->index()
#6 C:\xampp\htdocs\rems\vendor\codeigniter4\framework\system\CodeIgniter.php(419): CodeIgniter\CodeIgniter->runController(Object(App\Controllers\Users))
#7 C:\xampp\htdocs\rems\vendor\codeigniter4\framework\system\CodeIgniter.php(326): CodeIgniter\CodeIgniter->handleRequest(NULL, Object(Config\Cache), false)
#8 C:\xampp\htdocs\rems\index.php(37): CodeIgniter\CodeIgniter->run()
#9 {main}
CRITICAL - 2023-02-05 10:50:49 --> Undefined array key "role_id"
#0 C:\xampp\htdocs\rems\app\Views\Users\index.php(32): CodeIgniter\Debug\Exceptions->errorHandler(2, 'Undefined array...', 'C:\\xampp\\htdocs...', 32)
#1 C:\xampp\htdocs\rems\vendor\codeigniter4\framework\system\View\View.php(210): include('C:\\xampp\\htdocs...')
#2 C:\xampp\htdocs\rems\vendor\codeigniter4\framework\system\View\View.php(213): CodeIgniter\View\View->CodeIgniter\View\{closure}()
#3 C:\xampp\htdocs\rems\vendor\codeigniter4\framework\system\Common.php(1089): CodeIgniter\View\View->render('Users/index', Array, true)
#4 C:\xampp\htdocs\rems\app\Controllers\Users.php(26): view('Users/index', Array)
#5 C:\xampp\htdocs\rems\vendor\codeigniter4\framework\system\CodeIgniter.php(832): App\Controllers\Users->index()
#6 C:\xampp\htdocs\rems\vendor\codeigniter4\framework\system\CodeIgniter.php(419): CodeIgniter\CodeIgniter->runController(Object(App\Controllers\Users))
#7 C:\xampp\htdocs\rems\vendor\codeigniter4\framework\system\CodeIgniter.php(326): CodeIgniter\CodeIgniter->handleRequest(NULL, Object(Config\Cache), false)
#8 C:\xampp\htdocs\rems\index.php(37): CodeIgniter\CodeIgniter->run()
#9 {main}
CRITICAL - 2023-02-05 10:50:52 --> Undefined array key "role_id"
#0 C:\xampp\htdocs\rems\app\Views\Users\index.php(32): CodeIgniter\Debug\Exceptions->errorHandler(2, 'Undefined array...', 'C:\\xampp\\htdocs...', 32)
#1 C:\xampp\htdocs\rems\vendor\codeigniter4\framework\system\View\View.php(210): include('C:\\xampp\\htdocs...')
#2 C:\xampp\htdocs\rems\vendor\codeigniter4\framework\system\View\View.php(213): CodeIgniter\View\View->CodeIgniter\View\{closure}()
#3 C:\xampp\htdocs\rems\vendor\codeigniter4\framework\system\Common.php(1089): CodeIgniter\View\View->render('Users/index', Array, true)
#4 C:\xampp\htdocs\rems\app\Controllers\Users.php(26): view('Users/index', Array)
#5 C:\xampp\htdocs\rems\vendor\codeigniter4\framework\system\CodeIgniter.php(832): App\Controllers\Users->index()
#6 C:\xampp\htdocs\rems\vendor\codeigniter4\framework\system\CodeIgniter.php(419): CodeIgniter\CodeIgniter->runController(Object(App\Controllers\Users))
#7 C:\xampp\htdocs\rems\vendor\codeigniter4\framework\system\CodeIgniter.php(326): CodeIgniter\CodeIgniter->handleRequest(NULL, Object(Config\Cache), false)
#8 C:\xampp\htdocs\rems\index.php(37): CodeIgniter\CodeIgniter->run()
#9 {main}
CRITICAL - 2023-02-05 10:51:02 --> Undefined array key "name"
#0 C:\xampp\htdocs\rems\app\Views\Users\index.php(32): CodeIgniter\Debug\Exceptions->errorHandler(2, 'Undefined array...', 'C:\\xampp\\htdocs...', 32)
#1 C:\xampp\htdocs\rems\vendor\codeigniter4\framework\system\View\View.php(210): include('C:\\xampp\\htdocs...')
#2 C:\xampp\htdocs\rems\vendor\codeigniter4\framework\system\View\View.php(213): CodeIgniter\View\View->CodeIgniter\View\{closure}()
#3 C:\xampp\htdocs\rems\vendor\codeigniter4\framework\system\Common.php(1089): CodeIgniter\View\View->render('Users/index', Array, true)
#4 C:\xampp\htdocs\rems\app\Controllers\Users.php(26): view('Users/index', Array)
#5 C:\xampp\htdocs\rems\vendor\codeigniter4\framework\system\CodeIgniter.php(832): App\Controllers\Users->index()
#6 C:\xampp\htdocs\rems\vendor\codeigniter4\framework\system\CodeIgniter.php(419): CodeIgniter\CodeIgniter->runController(Object(App\Controllers\Users))
#7 C:\xampp\htdocs\rems\vendor\codeigniter4\framework\system\CodeIgniter.php(326): CodeIgniter\CodeIgniter->handleRequest(NULL, Object(Config\Cache), false)
#8 C:\xampp\htdocs\rems\index.php(37): CodeIgniter\CodeIgniter->run()
#9 {main}
CRITICAL - 2023-02-05 11:10:35 --> Invalid file: User/edit.php
#0 C:\xampp\htdocs\rems\vendor\codeigniter4\framework\system\View\View.php(198): CodeIgniter\Exceptions\FrameworkException::forInvalidFile('User/edit.php')
#1 C:\xampp\htdocs\rems\vendor\codeigniter4\framework\system\Common.php(1089): CodeIgniter\View\View->render('User/edit', Array, true)
#2 C:\xampp\htdocs\rems\app\Controllers\Users.php(73): view('User/edit', Array)
#3 C:\xampp\htdocs\rems\vendor\codeigniter4\framework\system\CodeIgniter.php(832): App\Controllers\Users->edit('1')
#4 C:\xampp\htdocs\rems\vendor\codeigniter4\framework\system\CodeIgniter.php(419): CodeIgniter\CodeIgniter->runController(Object(App\Controllers\Users))
#5 C:\xampp\htdocs\rems\vendor\codeigniter4\framework\system\CodeIgniter.php(326): CodeIgniter\CodeIgniter->handleRequest(NULL, Object(Config\Cache), false)
#6 C:\xampp\htdocs\rems\index.php(37): CodeIgniter\CodeIgniter->run()
#7 {main}
CRITICAL - 2023-02-05 12:53:57 --> mysqli_result::fetch_object(): Argument #1 ($class) must be a valid class name, App\Entities\Role given
#0 C:\xampp\htdocs\rems\vendor\codeigniter4\framework\system\Database\MySQLi\Result.php(148): mysqli_result->fetch_object('App\\Entities\\Ro...')
#1 C:\xampp\htdocs\rems\vendor\codeigniter4\framework\system\Database\BaseResult.php(149): CodeIgniter\Database\MySQLi\Result->fetchObject('App\\Entities\\Ro...')
#2 C:\xampp\htdocs\rems\vendor\codeigniter4\framework\system\Database\BaseResult.php(106): CodeIgniter\Database\BaseResult->getCustomResultObject('App\\Entities\\Ro...')
#3 C:\xampp\htdocs\rems\vendor\codeigniter4\framework\system\Model.php(184): CodeIgniter\Database\BaseResult->getResult('App\\Entities\\Ro...')
#4 C:\xampp\htdocs\rems\vendor\codeigniter4\framework\system\BaseModel.php(584): CodeIgniter\Model->doFindAll(0, 0)
#5 C:\xampp\htdocs\rems\app\Controllers\Roles.php(20): CodeIgniter\BaseModel->findAll()
#6 C:\xampp\htdocs\rems\vendor\codeigniter4\framework\system\CodeIgniter.php(832): App\Controllers\Roles->index()
#7 C:\xampp\htdocs\rems\vendor\codeigniter4\framework\system\CodeIgniter.php(419): CodeIgniter\CodeIgniter->runController(Object(App\Controllers\Roles))
#8 C:\xampp\htdocs\rems\vendor\codeigniter4\framework\system\CodeIgniter.php(326): CodeIgniter\CodeIgniter->handleRequest(NULL, Object(Config\Cache), false)
#9 C:\xampp\htdocs\rems\index.php(37): CodeIgniter\CodeIgniter->run()
#10 {main}
CRITICAL - 2023-02-05 12:57:02 --> mysqli_result::fetch_object(): Argument #1 ($class) must be a valid class name, App\Entities\Role given
#0 C:\xampp\htdocs\rems\vendor\codeigniter4\framework\system\Database\MySQLi\Result.php(148): mysqli_result->fetch_object('App\\Entities\\Ro...')
#1 C:\xampp\htdocs\rems\vendor\codeigniter4\framework\system\Database\BaseResult.php(149): CodeIgniter\Database\MySQLi\Result->fetchObject('App\\Entities\\Ro...')
#2 C:\xampp\htdocs\rems\vendor\codeigniter4\framework\system\Database\BaseResult.php(106): CodeIgniter\Database\BaseResult->getCustomResultObject('App\\Entities\\Ro...')
#3 C:\xampp\htdocs\rems\vendor\codeigniter4\framework\system\Model.php(184): CodeIgniter\Database\BaseResult->getResult('App\\Entities\\Ro...')
#4 C:\xampp\htdocs\rems\vendor\codeigniter4\framework\system\BaseModel.php(584): CodeIgniter\Model->doFindAll(0, 0)
#5 C:\xampp\htdocs\rems\app\Controllers\Roles.php(20): CodeIgniter\BaseModel->findAll()
#6 C:\xampp\htdocs\rems\vendor\codeigniter4\framework\system\CodeIgniter.php(832): App\Controllers\Roles->index()
#7 C:\xampp\htdocs\rems\vendor\codeigniter4\framework\system\CodeIgniter.php(419): CodeIgniter\CodeIgniter->runController(Object(App\Controllers\Roles))
#8 C:\xampp\htdocs\rems\vendor\codeigniter4\framework\system\CodeIgniter.php(326): CodeIgniter\CodeIgniter->handleRequest(NULL, Object(Config\Cache), false)
#9 C:\xampp\htdocs\rems\index.php(37): CodeIgniter\CodeIgniter->run()
#10 {main}
CRITICAL - 2023-02-05 12:57:05 --> mysqli_result::fetch_object(): Argument #1 ($class) must be a valid class name, App\Entities\Role given
#0 C:\xampp\htdocs\rems\vendor\codeigniter4\framework\system\Database\MySQLi\Result.php(148): mysqli_result->fetch_object('App\\Entities\\Ro...')
#1 C:\xampp\htdocs\rems\vendor\codeigniter4\framework\system\Database\BaseResult.php(149): CodeIgniter\Database\MySQLi\Result->fetchObject('App\\Entities\\Ro...')
#2 C:\xampp\htdocs\rems\vendor\codeigniter4\framework\system\Database\BaseResult.php(106): CodeIgniter\Database\BaseResult->getCustomResultObject('App\\Entities\\Ro...')
#3 C:\xampp\htdocs\rems\vendor\codeigniter4\framework\system\Model.php(184): CodeIgniter\Database\BaseResult->getResult('App\\Entities\\Ro...')
#4 C:\xampp\htdocs\rems\vendor\codeigniter4\framework\system\BaseModel.php(584): CodeIgniter\Model->doFindAll(0, 0)
#5 C:\xampp\htdocs\rems\app\Controllers\Roles.php(20): CodeIgniter\BaseModel->findAll()
#6 C:\xampp\htdocs\rems\vendor\codeigniter4\framework\system\CodeIgniter.php(832): App\Controllers\Roles->index()
#7 C:\xampp\htdocs\rems\vendor\codeigniter4\framework\system\CodeIgniter.php(419): CodeIgniter\CodeIgniter->runController(Object(App\Controllers\Roles))
#8 C:\xampp\htdocs\rems\vendor\codeigniter4\framework\system\CodeIgniter.php(326): CodeIgniter\CodeIgniter->handleRequest(NULL, Object(Config\Cache), false)
#9 C:\xampp\htdocs\rems\index.php(37): CodeIgniter\CodeIgniter->run()
#10 {main}
CRITICAL - 2023-02-05 12:57:07 --> mysqli_result::fetch_object(): Argument #1 ($class) must be a valid class name, App\Entities\Role given
#0 C:\xampp\htdocs\rems\vendor\codeigniter4\framework\system\Database\MySQLi\Result.php(148): mysqli_result->fetch_object('App\\Entities\\Ro...')
#1 C:\xampp\htdocs\rems\vendor\codeigniter4\framework\system\Database\BaseResult.php(149): CodeIgniter\Database\MySQLi\Result->fetchObject('App\\Entities\\Ro...')
#2 C:\xampp\htdocs\rems\vendor\codeigniter4\framework\system\Database\BaseResult.php(106): CodeIgniter\Database\BaseResult->getCustomResultObject('App\\Entities\\Ro...')
#3 C:\xampp\htdocs\rems\vendor\codeigniter4\framework\system\Model.php(184): CodeIgniter\Database\BaseResult->getResult('App\\Entities\\Ro...')
#4 C:\xampp\htdocs\rems\vendor\codeigniter4\framework\system\BaseModel.php(584): CodeIgniter\Model->doFindAll(0, 0)
#5 C:\xampp\htdocs\rems\app\Controllers\Roles.php(20): CodeIgniter\BaseModel->findAll()
#6 C:\xampp\htdocs\rems\vendor\codeigniter4\framework\system\CodeIgniter.php(832): App\Controllers\Roles->index()
#7 C:\xampp\htdocs\rems\vendor\codeigniter4\framework\system\CodeIgniter.php(419): CodeIgniter\CodeIgniter->runController(Object(App\Controllers\Roles))
#8 C:\xampp\htdocs\rems\vendor\codeigniter4\framework\system\CodeIgniter.php(326): CodeIgniter\CodeIgniter->handleRequest(NULL, Object(Config\Cache), false)
#9 C:\xampp\htdocs\rems\index.php(37): CodeIgniter\CodeIgniter->run()
#10 {main}
CRITICAL - 2023-02-05 12:58:16 --> Cannot use object of type App\Entities\Role as array
#0 C:\xampp\htdocs\rems\vendor\codeigniter4\framework\system\View\View.php(210): include()
#1 C:\xampp\htdocs\rems\vendor\codeigniter4\framework\system\View\View.php(213): CodeIgniter\View\View->CodeIgniter\View\{closure}()
#2 C:\xampp\htdocs\rems\vendor\codeigniter4\framework\system\Common.php(1089): CodeIgniter\View\View->render('Roles/index', Array, true)
#3 C:\xampp\htdocs\rems\app\Controllers\Roles.php(25): view('Roles/index', Array)
#4 C:\xampp\htdocs\rems\vendor\codeigniter4\framework\system\CodeIgniter.php(832): App\Controllers\Roles->index()
#5 C:\xampp\htdocs\rems\vendor\codeigniter4\framework\system\CodeIgniter.php(419): CodeIgniter\CodeIgniter->runController(Object(App\Controllers\Roles))
#6 C:\xampp\htdocs\rems\vendor\codeigniter4\framework\system\CodeIgniter.php(326): CodeIgniter\CodeIgniter->handleRequest(NULL, Object(Config\Cache), false)
#7 C:\xampp\htdocs\rems\index.php(37): CodeIgniter\CodeIgniter->run()
#8 {main}
CRITICAL - 2023-02-05 13:06:19 --> Attempt to read property "id" on null
#0 C:\xampp\htdocs\rems\app\Views\Users\edit.php(7): CodeIgniter\Debug\Exceptions->errorHandler(2, 'Attempt to read...', 'C:\\xampp\\htdocs...', 7)
#1 C:\xampp\htdocs\rems\vendor\codeigniter4\framework\system\View\View.php(210): include('C:\\xampp\\htdocs...')
#2 C:\xampp\htdocs\rems\vendor\codeigniter4\framework\system\View\View.php(213): CodeIgniter\View\View->CodeIgniter\View\{closure}()
#3 C:\xampp\htdocs\rems\vendor\codeigniter4\framework\system\Common.php(1089): CodeIgniter\View\View->render('Users/edit', Array, true)
#4 C:\xampp\htdocs\rems\app\Controllers\Users.php(101): view('Users/edit', Array)
#5 C:\xampp\htdocs\rems\vendor\codeigniter4\framework\system\CodeIgniter.php(832): App\Controllers\Users->edit('3')
#6 C:\xampp\htdocs\rems\vendor\codeigniter4\framework\system\CodeIgniter.php(419): CodeIgniter\CodeIgniter->runController(Object(App\Controllers\Users))
#7 C:\xampp\htdocs\rems\vendor\codeigniter4\framework\system\CodeIgniter.php(326): CodeIgniter\CodeIgniter->handleRequest(NULL, Object(Config\Cache), false)
#8 C:\xampp\htdocs\rems\index.php(37): CodeIgniter\CodeIgniter->run()
#9 {main}
CRITICAL - 2023-02-05 13:10:17 --> Undefined variable $roles
#0 C:\xampp\htdocs\rems\app\Views\Roles\edit.php(7): CodeIgniter\Debug\Exceptions->errorHandler(2, 'Undefined varia...', 'C:\\xampp\\htdocs...', 7)
#1 C:\xampp\htdocs\rems\vendor\codeigniter4\framework\system\View\View.php(210): include('C:\\xampp\\htdocs...')
#2 C:\xampp\htdocs\rems\vendor\codeigniter4\framework\system\View\View.php(213): CodeIgniter\View\View->CodeIgniter\View\{closure}()
#3 C:\xampp\htdocs\rems\vendor\codeigniter4\framework\system\Common.php(1089): CodeIgniter\View\View->render('Roles/edit', Array, true)
#4 C:\xampp\htdocs\rems\app\Controllers\Roles.php(57): view('Roles/edit', Array)
#5 C:\xampp\htdocs\rems\vendor\codeigniter4\framework\system\CodeIgniter.php(832): App\Controllers\Roles->edit('3')
#6 C:\xampp\htdocs\rems\vendor\codeigniter4\framework\system\CodeIgniter.php(419): CodeIgniter\CodeIgniter->runController(Object(App\Controllers\Roles))
#7 C:\xampp\htdocs\rems\vendor\codeigniter4\framework\system\CodeIgniter.php(326): CodeIgniter\CodeIgniter->handleRequest(NULL, Object(Config\Cache), false)
#8 C:\xampp\htdocs\rems\index.php(37): CodeIgniter\CodeIgniter->run()
#9 {main}
CRITICAL - 2023-02-05 13:21:12 --> Call to a member function findAll() on null
#0 C:\xampp\htdocs\rems\vendor\codeigniter4\framework\system\CodeIgniter.php(832): App\Controllers\Users->new()
#1 C:\xampp\htdocs\rems\vendor\codeigniter4\framework\system\CodeIgniter.php(419): CodeIgniter\CodeIgniter->runController(Object(App\Controllers\Users))
#2 C:\xampp\htdocs\rems\vendor\codeigniter4\framework\system\CodeIgniter.php(326): CodeIgniter\CodeIgniter->handleRequest(NULL, Object(Config\Cache), false)
#3 C:\xampp\htdocs\rems\index.php(37): CodeIgniter\CodeIgniter->run()
#4 {main}
CRITICAL - 2023-02-05 13:22:22 --> Class "App\Controllers\RoleModel" not found
#0 C:\xampp\htdocs\rems\vendor\codeigniter4\framework\system\CodeIgniter.php(809): App\Controllers\Users->__construct()
#1 C:\xampp\htdocs\rems\vendor\codeigniter4\framework\system\CodeIgniter.php(410): CodeIgniter\CodeIgniter->createController()
#2 C:\xampp\htdocs\rems\vendor\codeigniter4\framework\system\CodeIgniter.php(326): CodeIgniter\CodeIgniter->handleRequest(NULL, Object(Config\Cache), false)
#3 C:\xampp\htdocs\rems\index.php(37): CodeIgniter\CodeIgniter->run()
#4 {main}
CRITICAL - 2023-02-05 13:22:44 --> Undefined variable $roles
#0 C:\xampp\htdocs\rems\app\Views\Users\new.php(58): CodeIgniter\Debug\Exceptions->errorHandler(2, 'Undefined varia...', 'C:\\xampp\\htdocs...', 58)
#1 C:\xampp\htdocs\rems\vendor\codeigniter4\framework\system\View\View.php(210): include('C:\\xampp\\htdocs...')
#2 C:\xampp\htdocs\rems\vendor\codeigniter4\framework\system\View\View.php(213): CodeIgniter\View\View->CodeIgniter\View\{closure}()
#3 C:\xampp\htdocs\rems\vendor\codeigniter4\framework\system\Common.php(1089): CodeIgniter\View\View->render('Users/new', Array, true)
#4 C:\xampp\htdocs\rems\app\Controllers\Users.php(62): view('Users/new', Array)
#5 C:\xampp\htdocs\rems\vendor\codeigniter4\framework\system\CodeIgniter.php(832): App\Controllers\Users->new()
#6 C:\xampp\htdocs\rems\vendor\codeigniter4\framework\system\CodeIgniter.php(419): CodeIgniter\CodeIgniter->runController(Object(App\Controllers\Users))
#7 C:\xampp\htdocs\rems\vendor\codeigniter4\framework\system\CodeIgniter.php(326): CodeIgniter\CodeIgniter->handleRequest(NULL, Object(Config\Cache), false)
#8 C:\xampp\htdocs\rems\index.php(37): CodeIgniter\CodeIgniter->run()
#9 {main}
CRITICAL - 2023-02-05 13:23:40 --> Attempt to read property "id" on array
#0 C:\xampp\htdocs\rems\app\Views\Users\new.php(59): CodeIgniter\Debug\Exceptions->errorHandler(2, 'Attempt to read...', 'C:\\xampp\\htdocs...', 59)
#1 C:\xampp\htdocs\rems\vendor\codeigniter4\framework\system\View\View.php(210): include('C:\\xampp\\htdocs...')
#2 C:\xampp\htdocs\rems\vendor\codeigniter4\framework\system\View\View.php(213): CodeIgniter\View\View->CodeIgniter\View\{closure}()
#3 C:\xampp\htdocs\rems\vendor\codeigniter4\framework\system\Common.php(1089): CodeIgniter\View\View->render('Users/new', Array, true)
#4 C:\xampp\htdocs\rems\app\Controllers\Users.php(62): view('Users/new', Array)
#5 C:\xampp\htdocs\rems\vendor\codeigniter4\framework\system\CodeIgniter.php(832): App\Controllers\Users->new()
#6 C:\xampp\htdocs\rems\vendor\codeigniter4\framework\system\CodeIgniter.php(419): CodeIgniter\CodeIgniter->runController(Object(App\Controllers\Users))
#7 C:\xampp\htdocs\rems\vendor\codeigniter4\framework\system\CodeIgniter.php(326): CodeIgniter\CodeIgniter->handleRequest(NULL, Object(Config\Cache), false)
#8 C:\xampp\htdocs\rems\index.php(37): CodeIgniter\CodeIgniter->run()
#9 {main}
CRITICAL - 2023-02-05 13:24:21 --> Undefined array key "id"
#0 C:\xampp\htdocs\rems\app\Views\Users\new.php(59): CodeIgniter\Debug\Exceptions->errorHandler(2, 'Undefined array...', 'C:\\xampp\\htdocs...', 59)
#1 C:\xampp\htdocs\rems\vendor\codeigniter4\framework\system\View\View.php(210): include('C:\\xampp\\htdocs...')
#2 C:\xampp\htdocs\rems\vendor\codeigniter4\framework\system\View\View.php(213): CodeIgniter\View\View->CodeIgniter\View\{closure}()
#3 C:\xampp\htdocs\rems\vendor\codeigniter4\framework\system\Common.php(1089): CodeIgniter\View\View->render('Users/new', Array, true)
#4 C:\xampp\htdocs\rems\app\Controllers\Users.php(62): view('Users/new', Array)
#5 C:\xampp\htdocs\rems\vendor\codeigniter4\framework\system\CodeIgniter.php(832): App\Controllers\Users->new()
#6 C:\xampp\htdocs\rems\vendor\codeigniter4\framework\system\CodeIgniter.php(419): CodeIgniter\CodeIgniter->runController(Object(App\Controllers\Users))
#7 C:\xampp\htdocs\rems\vendor\codeigniter4\framework\system\CodeIgniter.php(326): CodeIgniter\CodeIgniter->handleRequest(NULL, Object(Config\Cache), false)
#8 C:\xampp\htdocs\rems\index.php(37): CodeIgniter\CodeIgniter->run()
#9 {main}
CRITICAL - 2023-02-05 13:24:46 --> Cannot use object of type App\Entities\Role as array
#0 C:\xampp\htdocs\rems\vendor\codeigniter4\framework\system\View\View.php(210): include()
#1 C:\xampp\htdocs\rems\vendor\codeigniter4\framework\system\View\View.php(213): CodeIgniter\View\View->CodeIgniter\View\{closure}()
#2 C:\xampp\htdocs\rems\vendor\codeigniter4\framework\system\Common.php(1089): CodeIgniter\View\View->render('Users/new', Array, true)
#3 C:\xampp\htdocs\rems\app\Controllers\Users.php(62): view('Users/new', Array)
#4 C:\xampp\htdocs\rems\vendor\codeigniter4\framework\system\CodeIgniter.php(832): App\Controllers\Users->new()
#5 C:\xampp\htdocs\rems\vendor\codeigniter4\framework\system\CodeIgniter.php(419): CodeIgniter\CodeIgniter->runController(Object(App\Controllers\Users))
#6 C:\xampp\htdocs\rems\vendor\codeigniter4\framework\system\CodeIgniter.php(326): CodeIgniter\CodeIgniter->handleRequest(NULL, Object(Config\Cache), false)
#7 C:\xampp\htdocs\rems\index.php(37): CodeIgniter\CodeIgniter->run()
#8 {main}
CRITICAL - 2023-02-05 13:27:27 --> Undefined variable $role
#0 C:\xampp\htdocs\rems\app\Views\Users\edit.php(53): CodeIgniter\Debug\Exceptions->errorHandler(2, 'Undefined varia...', 'C:\\xampp\\htdocs...', 53)
#1 C:\xampp\htdocs\rems\vendor\codeigniter4\framework\system\View\View.php(210): include('C:\\xampp\\htdocs...')
#2 C:\xampp\htdocs\rems\vendor\codeigniter4\framework\system\View\View.php(213): CodeIgniter\View\View->CodeIgniter\View\{closure}()
#3 C:\xampp\htdocs\rems\vendor\codeigniter4\framework\system\Common.php(1089): CodeIgniter\View\View->render('Users/edit', Array, true)
#4 C:\xampp\htdocs\rems\app\Controllers\Users.php(104): view('Users/edit', Array)
#5 C:\xampp\htdocs\rems\vendor\codeigniter4\framework\system\CodeIgniter.php(832): App\Controllers\Users->edit('1')
#6 C:\xampp\htdocs\rems\vendor\codeigniter4\framework\system\CodeIgniter.php(419): CodeIgniter\CodeIgniter->runController(Object(App\Controllers\Users))
#7 C:\xampp\htdocs\rems\vendor\codeigniter4\framework\system\CodeIgniter.php(326): CodeIgniter\CodeIgniter->handleRequest(NULL, Object(Config\Cache), false)
#8 C:\xampp\htdocs\rems\index.php(37): CodeIgniter\CodeIgniter->run()
#9 {main}
